2012/01/02 19:15:19 [error] [exception.CException] exception 'CException' with message 'Property "CMenu.class" is not defined.' in /Applications/MAMP/htdocs/test/yii/yii-119/framework/base/CComponent.php:174
Stack trace:
#0 /Applications/MAMP/htdocs/test/yii/yii-119/framework/web/CWidgetFactory.php(162): CComponent->__set('class', 'tabs')
#1 /Applications/MAMP/htdocs/test/yii/yii-119/framework/web/CBaseController.php(147): CWidgetFactory->createWidget(Object(SiteController), 'zii.widgets.CMe...', Array)
#2 /Applications/MAMP/htdocs/test/yii/yii-119/framework/web/CBaseController.php(173): CBaseController->createWidget('zii.widgets.CMe...', Array)
#3 /Applications/MAMP/htdocs/test/yii/test/protected/views/layouts/main.php(43): CBaseController->widget('zii.widgets.CMe...', Array)
#4 /Applications/MAMP/htdocs/test/yii/yii-119/framework/web/CBaseController.php(127): require('/Applications/M...')
#5 /Applications/MAMP/htdocs/test/yii/yii-119/framework/web/CBaseController.php(96): CBaseController->renderInternal('/Applications/M...', Array, true)
#6 /Applications/MAMP/htdocs/test/yii/yii-119/framework/web/widgets/CContentDecorator.php(77): CBaseController->renderFile('/Applications/M...', Array, true)
#7 /Applications/MAMP/htdocs/test/yii/yii-119/framework/web/widgets/CContentDecorator.php(55): CContentDecorator->decorate('<div id="conten...')
#8 /Applications/MAMP/htdocs/test/yii/yii-119/framework/web/widgets/COutputProcessor.php(45): CContentDecorator->processOutput('<div id="conten...')
#9 /Applications/MAMP/htdocs/test/yii/yii-119/framework/web/CBaseController.php(207): COutputProcessor->run()
#10 /Applications/MAMP/htdocs/test/yii/yii-119/framework/web/CBaseController.php(301): CBaseController->endWidget('CContentDecorat...')
#11 /Applications/MAMP/htdocs/test/yii/test/protected/views/layouts/column1.php(5): CBaseController->endContent()
#12 /Applications/MAMP/htdocs/test/yii/yii-119/framework/web/CBaseController.php(127): require('/Applications/M...')
#13 /Applications/MAMP/htdocs/test/yii/yii-119/framework/web/CBaseController.php(96): CBaseController->renderInternal('/Applications/M...', Array, true)
#14 /Applications/MAMP/htdocs/test/yii/yii-119/framework/web/CController.php(785): CBaseController->renderFile('/Applications/M...', Array, true)
#15 /Applications/MAMP/htdocs/test/yii/test/protected/controllers/SiteController.php(66): CController->render('contact', Array)
#16 /Applications/MAMP/htdocs/test/yii/yii-119/framework/web/actions/CInlineAction.php(50): SiteController->actionContact()
#17 /Applications/MAMP/htdocs/test/yii/yii-119/framework/web/CController.php(309): CInlineAction->runWithParams(Array)
#18 /Applications/MAMP/htdocs/test/yii/yii-119/framework/web/CController.php(287): CController->runAction(Object(CInlineAction))
#19 /Applications/MAMP/htdocs/test/yii/yii-119/framework/web/CController.php(266): CController->runActionWithFilters(Object(CInlineAction), Array)
#20 /Applications/MAMP/htdocs/test/yii/yii-119/framework/web/CWebApplication.php(276): CController->run('contact')
#21 /Applications/MAMP/htdocs/test/yii/yii-119/framework/web/CWebApplication.php(135): CWebApplication->runController('site/contact')
#22 /Applications/MAMP/htdocs/test/yii/yii-119/framework/base/CApplication.php(162): CWebApplication->processRequest()
#23 /Applications/MAMP/htdocs/test/yii/test/index.php(13): CApplication->run()
#24 {main}
REQUEST_URI=/test/yii/test/index.php?r=site/contact
HTTP_REFERER=http://localhost/test/yii/test/
---
2012/01/03 12:14:32 [error] [exception.CHttpException.404] exception 'CHttpException' with message 'Unable to resolve the request "post/show".' in /Applications/MAMP/htdocs/test/yii/yii-119/framework/web/CWebApplication.php:280
Stack trace:
#0 /Applications/MAMP/htdocs/test/yii/yii-119/framework/web/CWebApplication.php(135): CWebApplication->runController('post/show')
#1 /Applications/MAMP/htdocs/test/yii/yii-119/framework/base/CApplication.php(162): CWebApplication->processRequest()
#2 /Applications/MAMP/htdocs/test/yii/test/index.php(13): CApplication->run()
#3 {main}
REQUEST_URI=/test/yii/test/index.php?r=post/show&id=1
---
2012/01/03 15:36:43 [error] [exception.CException] exception 'CException' with message 'CAssetManager.basePath "/assets" is invalid. Please make sure the directory exists and is writable by the Web server process.' in /Applications/MAMP/htdocs/test/yii/yii-119/framework/web/CAssetManager.php:116
Stack trace:
#0 /Applications/MAMP/htdocs/test/yii/yii-119/framework/web/CAssetManager.php(101): CAssetManager->setBasePath('/assets')
#1 /Applications/MAMP/htdocs/test/yii/yii-119/framework/web/CAssetManager.php(219): CAssetManager->getBasePath()
#2 /Applications/MAMP/htdocs/test/yii/yii-119/framework/zii/widgets/CListView.php(179): CAssetManager->publish('/Applications/M...')
#3 /Applications/MAMP/htdocs/test/yii/yii-119/framework/web/CBaseController.php(148): CListView->init()
#4 /Applications/MAMP/htdocs/test/yii/yii-119/framework/web/CBaseController.php(173): CBaseController->createWidget('zii.widgets.CLi...', Array)
#5 /Applications/MAMP/htdocs/test/yii/test/protected/views/user/index.php(17): CBaseController->widget('zii.widgets.CLi...', Array)
#6 /Applications/MAMP/htdocs/test/yii/yii-119/framework/web/CBaseController.php(127): require('/Applications/M...')
#7 /Applications/MAMP/htdocs/test/yii/yii-119/framework/web/CBaseController.php(96): CBaseController->renderInternal('/Applications/M...', Array, true)
#8 /Applications/MAMP/htdocs/test/yii/yii-119/framework/web/CController.php(870): CBaseController->renderFile('/Applications/M...', Array, true)
#9 /Applications/MAMP/htdocs/test/yii/yii-119/framework/web/CController.php(783): CController->renderPartial('index', Array, true)
#10 /Applications/MAMP/htdocs/test/yii/test/protected/controllers/UserController.php(133): CController->render('index', Array)
#11 /Applications/MAMP/htdocs/test/yii/yii-119/framework/web/actions/CInlineAction.php(50): UserController->actionIndex()
#12 /Applications/MAMP/htdocs/test/yii/yii-119/framework/web/CController.php(309): CInlineAction->runWithParams(Array)
#13 /Applications/MAMP/htdocs/test/yii/yii-119/framework/web/filters/CFilterChain.php(134): CController->runAction(Object(CInlineAction))
#14 /Applications/MAMP/htdocs/test/yii/yii-119/framework/web/filters/CFilter.php(41): CFilterChain->run()
#15 /Applications/MAMP/htdocs/test/yii/yii-119/framework/web/CController.php(1146): CFilter->filter(Object(CFilterChain))
#16 /Applications/MAMP/htdocs/test/yii/yii-119/framework/web/filters/CInlineFilter.php(59): CController->filterAccessControl(Object(CFilterChain))
#17 /Applications/MAMP/htdocs/test/yii/yii-119/framework/web/filters/CFilterChain.php(131): CInlineFilter->filter(Object(CFilterChain))
#18 /Applications/MAMP/htdocs/test/yii/yii-119/framework/web/CController.php(292): CFilterChain->run()
#19 /Applications/MAMP/htdocs/test/yii/yii-119/framework/web/CController.php(266): CController->runActionWithFilters(Object(CInlineAction), Array)
#20 /Applications/MAMP/htdocs/test/yii/yii-119/framework/web/CWebApplication.php(276): CController->run('')
#21 /Applications/MAMP/htdocs/test/yii/yii-119/framework/web/CWebApplication.php(135): CWebApplication->runController('user')
#22 /Applications/MAMP/htdocs/test/yii/yii-119/framework/base/CApplication.php(162): CWebApplication->processRequest()
#23 /Applications/MAMP/htdocs/test/yii/test/index.php(13): CApplication->run()
#24 {main}
REQUEST_URI=/test/yii/test/index.php?r=user
---
2012/01/03 15:37:42 [error] [exception.CHttpException.404] exception 'CHttpException' with message 'Unable to resolve the request "admin".' in /Applications/MAMP/htdocs/test/yii/yii-119/framework/web/CWebApplication.php:280
Stack trace:
#0 /Applications/MAMP/htdocs/test/yii/yii-119/framework/web/CWebApplication.php(135): CWebApplication->runController('admin')
#1 /Applications/MAMP/htdocs/test/yii/yii-119/framework/base/CApplication.php(162): CWebApplication->processRequest()
#2 /Applications/MAMP/htdocs/test/yii/test/www/index.php(13): CApplication->run()
#3 {main}
REQUEST_URI=/test/yii/test/www/?r=admin
---
2012/01/03 16:25:28 [error] [system.db.CDbCommand] CDbCommand::execute() failed: SQLSTATE[23000]: Integrity constraint violation: 1452 Cannot add or update a child row: a foreign key constraint fails (`flecha-avaliacao`.`user`, CONSTRAINT `fk-social-opt` FOREIGN KEY (`social_flag`) REFERENCES `social` (`flag`) ON DELETE NO ACTION ON UPDATE NO ACTION). The SQL statement executed was: INSERT INTO `user` (`name`, `social_flag`, `social_profile`, `social_name`, `social_img`) VALUES (:yp0, :yp1, :yp2, :yp3, :yp4).
in /Applications/MAMP/htdocs/test/yii/test/protected/controllers/UserController.php (72)
in /Applications/MAMP/htdocs/test/yii/test/www/index.php (13)
2012/01/03 16:25:28 [error] [exception.CDbException] exception 'CDbException' with message 'CDbCommand failed to execute the SQL statement: SQLSTATE[23000]: Integrity constraint violation: 1452 Cannot add or update a child row: a foreign key constraint fails (`flecha-avaliacao`.`user`, CONSTRAINT `fk-social-opt` FOREIGN KEY (`social_flag`) REFERENCES `social` (`flag`) ON DELETE NO ACTION ON UPDATE NO ACTION). The SQL statement executed was: INSERT INTO `user` (`name`, `social_flag`, `social_profile`, `social_name`, `social_img`) VALUES (:yp0, :yp1, :yp2, :yp3, :yp4)' in /Applications/MAMP/htdocs/test/yii/yii-119/framework/db/CDbCommand.php:354
Stack trace:
#0 /Applications/MAMP/htdocs/test/yii/yii-119/framework/db/ar/CActiveRecord.php(1014): CDbCommand->execute()
#1 /Applications/MAMP/htdocs/test/yii/yii-119/framework/db/ar/CActiveRecord.php(787): CActiveRecord->insert(NULL)
#2 /Applications/MAMP/htdocs/test/yii/test/protected/controllers/UserController.php(72): CActiveRecord->save()
#3 /Applications/MAMP/htdocs/test/yii/yii-119/framework/web/actions/CInlineAction.php(50): UserController->actionCreate()
#4 /Applications/MAMP/htdocs/test/yii/yii-119/framework/web/CController.php(309): CInlineAction->runWithParams(Array)
#5 /Applications/MAMP/htdocs/test/yii/yii-119/framework/web/filters/CFilterChain.php(134): CController->runAction(Object(CInlineAction))
#6 /Applications/MAMP/htdocs/test/yii/yii-119/framework/web/filters/CFilter.php(41): CFilterChain->run()
#7 /Applications/MAMP/htdocs/test/yii/yii-119/framework/web/CController.php(1146): CFilter->filter(Object(CFilterChain))
#8 /Applications/MAMP/htdocs/test/yii/yii-119/framework/web/filters/CInlineFilter.php(59): CController->filterAccessControl(Object(CFilterChain))
#9 /Applications/MAMP/htdocs/test/yii/yii-119/framework/web/filters/CFilterChain.php(131): CInlineFilter->filter(Object(CFilterChain))
#10 /Applications/MAMP/htdocs/test/yii/yii-119/framework/web/CController.php(292): CFilterChain->run()
#11 /Applications/MAMP/htdocs/test/yii/yii-119/framework/web/CController.php(266): CController->runActionWithFilters(Object(CInlineAction), Array)
#12 /Applications/MAMP/htdocs/test/yii/yii-119/framework/web/CWebApplication.php(276): CController->run('create')
#13 /Applications/MAMP/htdocs/test/yii/yii-119/framework/web/CWebApplication.php(135): CWebApplication->runController('user/create')
#14 /Applications/MAMP/htdocs/test/yii/yii-119/framework/base/CApplication.php(162): CWebApplication->processRequest()
#15 /Applications/MAMP/htdocs/test/yii/test/www/index.php(13): CApplication->run()
#16 {main}
REQUEST_URI=/test/yii/test/www/index.php?r=user/create
HTTP_REFERER=http://localhost/test/yii/test/www/index.php?r=user/create
---
2012/01/23 14:32:29 [error] [exception.CHttpException.404] exception 'CHttpException' with message 'Unable to resolve the request "login".' in /Applications/MAMP/htdocs/test/yii/yii-119/framework/web/CWebApplication.php:280
Stack trace:
#0 /Applications/MAMP/htdocs/test/yii/yii-119/framework/web/CWebApplication.php(135): CWebApplication->runController('login')
#1 /Applications/MAMP/htdocs/test/yii/yii-119/framework/base/CApplication.php(162): CWebApplication->processRequest()
#2 /Applications/MAMP/htdocs/test/yii/test/www/index.php(13): CApplication->run()
#3 {main}
REQUEST_URI=/test/yii/test/www/index.php?r=login
---
2012/01/23 14:56:06 [error] [php] Undefined variable: username (/Applications/MAMP/htdocs/test/yii/test/protected/components/UserIdentity.php:27)
Stack trace:
#0 /Applications/MAMP/htdocs/test/yii/yii-119/framework/validators/CValidator.php(197): CInlineValidator->validateAttribute()
#1 /Applications/MAMP/htdocs/test/yii/yii-119/framework/base/CModel.php(158): CInlineValidator->validate()
#2 /Applications/MAMP/htdocs/test/yii/test/protected/controllers/SiteController.php(88): LoginForm->validate()
#3 /Applications/MAMP/htdocs/test/yii/yii-119/framework/web/actions/CInlineAction.php(50): SiteController->actionLogin()
#4 /Applications/MAMP/htdocs/test/yii/yii-119/framework/web/CController.php(309): CInlineAction->runWithParams()
#5 /Applications/MAMP/htdocs/test/yii/yii-119/framework/web/CController.php(287): SiteController->runAction()
#6 /Applications/MAMP/htdocs/test/yii/yii-119/framework/web/CController.php(266): SiteController->runActionWithFilters()
#7 /Applications/MAMP/htdocs/test/yii/yii-119/framework/web/CWebApplication.php(276): SiteController->run()
#8 /Applications/MAMP/htdocs/test/yii/yii-119/framework/web/CWebApplication.php(135): CWebApplication->runController()
#9 /Applications/MAMP/htdocs/test/yii/yii-119/framework/base/CApplication.php(162): CWebApplication->processRequest()
#10 /Applications/MAMP/htdocs/test/yii/test/www/index.php(13): CWebApplication->run()
REQUEST_URI=/test/yii/test/www/index.php?r=site/login
in /Applications/MAMP/htdocs/test/yii/test/protected/components/UserIdentity.php (27)
in /Applications/MAMP/htdocs/test/yii/test/protected/models/LoginForm.php (52)
in /Applications/MAMP/htdocs/test/yii/test/protected/controllers/SiteController.php (88)
2012/01/23 14:59:53 [error] [php] Undefined variable: conditions (/Applications/MAMP/htdocs/test/yii/test/protected/components/UserIdentity.php:28)
Stack trace:
#0 /Applications/MAMP/htdocs/test/yii/yii-119/framework/validators/CValidator.php(197): CInlineValidator->validateAttribute()
#1 /Applications/MAMP/htdocs/test/yii/yii-119/framework/base/CModel.php(158): CInlineValidator->validate()
#2 /Applications/MAMP/htdocs/test/yii/test/protected/controllers/SiteController.php(88): LoginForm->validate()
#3 /Applications/MAMP/htdocs/test/yii/yii-119/framework/web/actions/CInlineAction.php(50): SiteController->actionLogin()
#4 /Applications/MAMP/htdocs/test/yii/yii-119/framework/web/CController.php(309): CInlineAction->runWithParams()
#5 /Applications/MAMP/htdocs/test/yii/yii-119/framework/web/CController.php(287): SiteController->runAction()
#6 /Applications/MAMP/htdocs/test/yii/yii-119/framework/web/CController.php(266): SiteController->runActionWithFilters()
#7 /Applications/MAMP/htdocs/test/yii/yii-119/framework/web/CWebApplication.php(276): SiteController->run()
#8 /Applications/MAMP/htdocs/test/yii/yii-119/framework/web/CWebApplication.php(135): CWebApplication->runController()
#9 /Applications/MAMP/htdocs/test/yii/yii-119/framework/base/CApplication.php(162): CWebApplication->processRequest()
#10 /Applications/MAMP/htdocs/test/yii/test/www/index.php(13): CWebApplication->run()
REQUEST_URI=/test/yii/test/www/index.php?r=site/login
in /Applications/MAMP/htdocs/test/yii/test/protected/components/UserIdentity.php (28)
in /Applications/MAMP/htdocs/test/yii/test/protected/models/LoginForm.php (52)
in /Applications/MAMP/htdocs/test/yii/test/protected/controllers/SiteController.php (88)
2012/01/23 15:00:49 [error] [system.db.CDbCommand] CDbCommand::fetch() failed: SQLSTATE[42S22]: Column not found: 1054 Unknown column 'username' in 'where clause'. The SQL statement executed was: SELECT * FROM `user` `t` WHERE username=:username and password=:password LIMIT 1.
in /Applications/MAMP/htdocs/test/yii/test/protected/components/UserIdentity.php (28)
in /Applications/MAMP/htdocs/test/yii/test/protected/models/LoginForm.php (52)
in /Applications/MAMP/htdocs/test/yii/test/protected/controllers/SiteController.php (88)
2012/01/23 15:00:49 [error] [exception.CDbException] exception 'CDbException' with message 'CDbCommand failed to execute the SQL statement: SQLSTATE[42S22]: Column not found: 1054 Unknown column 'username' in 'where clause'. The SQL statement executed was: SELECT * FROM `user` `t` WHERE username=:username and password=:password LIMIT 1' in /Applications/MAMP/htdocs/test/yii/yii-119/framework/db/CDbCommand.php:528
Stack trace:
#0 /Applications/MAMP/htdocs/test/yii/yii-119/framework/db/CDbCommand.php(408): CDbCommand->queryInternal('fetch', Array, Array)
#1 /Applications/MAMP/htdocs/test/yii/yii-119/framework/db/ar/CActiveRecord.php(1287): CDbCommand->queryRow()
#2 /Applications/MAMP/htdocs/test/yii/yii-119/framework/db/ar/CActiveRecord.php(1392): CActiveRecord->query(Object(CDbCriteria))
#3 /Applications/MAMP/htdocs/test/yii/test/protected/components/UserIdentity.php(28): CActiveRecord->find('username=:usern...', Array)
#4 /Applications/MAMP/htdocs/test/yii/test/protected/models/LoginForm.php(52): UserIdentity->authenticate()
#5 /Applications/MAMP/htdocs/test/yii/yii-119/framework/validators/CInlineValidator.php(43): LoginForm->authenticate('password', Array)
#6 /Applications/MAMP/htdocs/test/yii/yii-119/framework/validators/CValidator.php(197): CInlineValidator->validateAttribute(Object(LoginForm), 'password')
#7 /Applications/MAMP/htdocs/test/yii/yii-119/framework/base/CModel.php(158): CValidator->validate(Object(LoginForm), NULL)
#8 /Applications/MAMP/htdocs/test/yii/test/protected/controllers/SiteController.php(88): CModel->validate()
#9 /Applications/MAMP/htdocs/test/yii/yii-119/framework/web/actions/CInlineAction.php(50): SiteController->actionLogin()
#10 /Applications/MAMP/htdocs/test/yii/yii-119/framework/web/CController.php(309): CInlineAction->runWithParams(Array)
#11 /Applications/MAMP/htdocs/test/yii/yii-119/framework/web/CController.php(287): CController->runAction(Object(CInlineAction))
#12 /Applications/MAMP/htdocs/test/yii/yii-119/framework/web/CController.php(266): CController->runActionWithFilters(Object(CInlineAction), Array)
#13 /Applications/MAMP/htdocs/test/yii/yii-119/framework/web/CWebApplication.php(276): CController->run('login')
#14 /Applications/MAMP/htdocs/test/yii/yii-119/framework/web/CWebApplication.php(135): CWebApplication->runController('site/login')
#15 /Applications/MAMP/htdocs/test/yii/yii-119/framework/base/CApplication.php(162): CWebApplication->processRequest()
#16 /Applications/MAMP/htdocs/test/yii/test/www/index.php(13): CApplication->run()
#17 {main}
REQUEST_URI=/test/yii/test/www/index.php?r=site/login
HTTP_REFERER=http://localhost/test/yii/test/www/index.php?r=site/login
---
2012/01/23 15:03:41 [error] [system.db.CDbCommand] CDbCommand::fetch() failed: SQLSTATE[42000]: Syntax error or access violation: 1064 You have an error in your SQL syntax; check the manual that corresponds to your MySQL server version for the right syntax to use near 'key='fdr2108' LIMIT 1' at line 1. The SQL statement executed was: SELECT * FROM `user` `t` WHERE social_profile=:social_profile and key=:key LIMIT 1.
in /Applications/MAMP/htdocs/test/yii/test/protected/components/UserIdentity.php (28)
in /Applications/MAMP/htdocs/test/yii/test/protected/models/LoginForm.php (52)
in /Applications/MAMP/htdocs/test/yii/test/protected/controllers/SiteController.php (88)
2012/01/23 15:03:41 [error] [exception.CDbException] exception 'CDbException' with message 'CDbCommand failed to execute the SQL statement: SQLSTATE[42000]: Syntax error or access violation: 1064 You have an error in your SQL syntax; check the manual that corresponds to your MySQL server version for the right syntax to use near 'key='fdr2108' LIMIT 1' at line 1. The SQL statement executed was: SELECT * FROM `user` `t` WHERE social_profile=:social_profile and key=:key LIMIT 1' in /Applications/MAMP/htdocs/test/yii/yii-119/framework/db/CDbCommand.php:528
Stack trace:
#0 /Applications/MAMP/htdocs/test/yii/yii-119/framework/db/CDbCommand.php(408): CDbCommand->queryInternal('fetch', Array, Array)
#1 /Applications/MAMP/htdocs/test/yii/yii-119/framework/db/ar/CActiveRecord.php(1287): CDbCommand->queryRow()
#2 /Applications/MAMP/htdocs/test/yii/yii-119/framework/db/ar/CActiveRecord.php(1392): CActiveRecord->query(Object(CDbCriteria))
#3 /Applications/MAMP/htdocs/test/yii/test/protected/components/UserIdentity.php(28): CActiveRecord->find('social_profile=...', Array)
#4 /Applications/MAMP/htdocs/test/yii/test/protected/models/LoginForm.php(52): UserIdentity->authenticate()
#5 /Applications/MAMP/htdocs/test/yii/yii-119/framework/validators/CInlineValidator.php(43): LoginForm->authenticate('password', Array)
#6 /Applications/MAMP/htdocs/test/yii/yii-119/framework/validators/CValidator.php(197): CInlineValidator->validateAttribute(Object(LoginForm), 'password')
#7 /Applications/MAMP/htdocs/test/yii/yii-119/framework/base/CModel.php(158): CValidator->validate(Object(LoginForm), NULL)
#8 /Applications/MAMP/htdocs/test/yii/test/protected/controllers/SiteController.php(88): CModel->validate()
#9 /Applications/MAMP/htdocs/test/yii/yii-119/framework/web/actions/CInlineAction.php(50): SiteController->actionLogin()
#10 /Applications/MAMP/htdocs/test/yii/yii-119/framework/web/CController.php(309): CInlineAction->runWithParams(Array)
#11 /Applications/MAMP/htdocs/test/yii/yii-119/framework/web/CController.php(287): CController->runAction(Object(CInlineAction))
#12 /Applications/MAMP/htdocs/test/yii/yii-119/framework/web/CController.php(266): CController->runActionWithFilters(Object(CInlineAction), Array)
#13 /Applications/MAMP/htdocs/test/yii/yii-119/framework/web/CWebApplication.php(276): CController->run('login')
#14 /Applications/MAMP/htdocs/test/yii/yii-119/framework/web/CWebApplication.php(135): CWebApplication->runController('site/login')
#15 /Applications/MAMP/htdocs/test/yii/yii-119/framework/base/CApplication.php(162): CWebApplication->processRequest()
#16 /Applications/MAMP/htdocs/test/yii/test/www/index.php(13): CApplication->run()
#17 {main}
REQUEST_URI=/test/yii/test/www/index.php?r=site/login
HTTP_REFERER=http://localhost/test/yii/test/www/index.php?r=site/login
---
2012/01/23 15:04:34 [error] [system.db.CDbCommand] CDbCommand::fetch() failed: SQLSTATE[42000]: Syntax error or access violation: 1064 You have an error in your SQL syntax; check the manual that corresponds to your MySQL server version for the right syntax to use near 'key='fdr2108' LIMIT 1' at line 1. The SQL statement executed was: SELECT * FROM `user` `t` WHERE social_profile=:social_profile and key=:localkey LIMIT 1.
in /Applications/MAMP/htdocs/test/yii/test/protected/components/UserIdentity.php (28)
in /Applications/MAMP/htdocs/test/yii/test/protected/models/LoginForm.php (52)
in /Applications/MAMP/htdocs/test/yii/test/protected/controllers/SiteController.php (88)
2012/01/23 15:04:34 [error] [exception.CDbException] exception 'CDbException' with message 'CDbCommand failed to execute the SQL statement: SQLSTATE[42000]: Syntax error or access violation: 1064 You have an error in your SQL syntax; check the manual that corresponds to your MySQL server version for the right syntax to use near 'key='fdr2108' LIMIT 1' at line 1. The SQL statement executed was: SELECT * FROM `user` `t` WHERE social_profile=:social_profile and key=:localkey LIMIT 1' in /Applications/MAMP/htdocs/test/yii/yii-119/framework/db/CDbCommand.php:528
Stack trace:
#0 /Applications/MAMP/htdocs/test/yii/yii-119/framework/db/CDbCommand.php(408): CDbCommand->queryInternal('fetch', Array, Array)
#1 /Applications/MAMP/htdocs/test/yii/yii-119/framework/db/ar/CActiveRecord.php(1287): CDbCommand->queryRow()
#2 /Applications/MAMP/htdocs/test/yii/yii-119/framework/db/ar/CActiveRecord.php(1392): CActiveRecord->query(Object(CDbCriteria))
#3 /Applications/MAMP/htdocs/test/yii/test/protected/components/UserIdentity.php(28): CActiveRecord->find('social_profile=...', Array)
#4 /Applications/MAMP/htdocs/test/yii/test/protected/models/LoginForm.php(52): UserIdentity->authenticate()
#5 /Applications/MAMP/htdocs/test/yii/yii-119/framework/validators/CInlineValidator.php(43): LoginForm->authenticate('password', Array)
#6 /Applications/MAMP/htdocs/test/yii/yii-119/framework/validators/CValidator.php(197): CInlineValidator->validateAttribute(Object(LoginForm), 'password')
#7 /Applications/MAMP/htdocs/test/yii/yii-119/framework/base/CModel.php(158): CValidator->validate(Object(LoginForm), NULL)
#8 /Applications/MAMP/htdocs/test/yii/test/protected/controllers/SiteController.php(88): CModel->validate()
#9 /Applications/MAMP/htdocs/test/yii/yii-119/framework/web/actions/CInlineAction.php(50): SiteController->actionLogin()
#10 /Applications/MAMP/htdocs/test/yii/yii-119/framework/web/CController.php(309): CInlineAction->runWithParams(Array)
#11 /Applications/MAMP/htdocs/test/yii/yii-119/framework/web/CController.php(287): CController->runAction(Object(CInlineAction))
#12 /Applications/MAMP/htdocs/test/yii/yii-119/framework/web/CController.php(266): CController->runActionWithFilters(Object(CInlineAction), Array)
#13 /Applications/MAMP/htdocs/test/yii/yii-119/framework/web/CWebApplication.php(276): CController->run('login')
#14 /Applications/MAMP/htdocs/test/yii/yii-119/framework/web/CWebApplication.php(135): CWebApplication->runController('site/login')
#15 /Applications/MAMP/htdocs/test/yii/yii-119/framework/base/CApplication.php(162): CWebApplication->processRequest()
#16 /Applications/MAMP/htdocs/test/yii/test/www/index.php(13): CApplication->run()
#17 {main}
REQUEST_URI=/test/yii/test/www/index.php?r=site/login
HTTP_REFERER=http://localhost/test/yii/test/www/index.php?r=site/login
---
2012/01/23 15:04:41 [error] [system.db.CDbCommand] CDbCommand::fetch() failed: SQLSTATE[42S22]: Column not found: 1054 Unknown column 'localkey' in 'where clause'. The SQL statement executed was: SELECT * FROM `user` `t` WHERE social_profile=:social_profile and localkey=:localkey LIMIT 1.
in /Applications/MAMP/htdocs/test/yii/test/protected/components/UserIdentity.php (28)
in /Applications/MAMP/htdocs/test/yii/test/protected/models/LoginForm.php (52)
in /Applications/MAMP/htdocs/test/yii/test/protected/controllers/SiteController.php (88)
2012/01/23 15:04:41 [error] [exception.CDbException] exception 'CDbException' with message 'CDbCommand failed to execute the SQL statement: SQLSTATE[42S22]: Column not found: 1054 Unknown column 'localkey' in 'where clause'. The SQL statement executed was: SELECT * FROM `user` `t` WHERE social_profile=:social_profile and localkey=:localkey LIMIT 1' in /Applications/MAMP/htdocs/test/yii/yii-119/framework/db/CDbCommand.php:528
Stack trace:
#0 /Applications/MAMP/htdocs/test/yii/yii-119/framework/db/CDbCommand.php(408): CDbCommand->queryInternal('fetch', Array, Array)
#1 /Applications/MAMP/htdocs/test/yii/yii-119/framework/db/ar/CActiveRecord.php(1287): CDbCommand->queryRow()
#2 /Applications/MAMP/htdocs/test/yii/yii-119/framework/db/ar/CActiveRecord.php(1392): CActiveRecord->query(Object(CDbCriteria))
#3 /Applications/MAMP/htdocs/test/yii/test/protected/components/UserIdentity.php(28): CActiveRecord->find('social_profile=...', Array)
#4 /Applications/MAMP/htdocs/test/yii/test/protected/models/LoginForm.php(52): UserIdentity->authenticate()
#5 /Applications/MAMP/htdocs/test/yii/yii-119/framework/validators/CInlineValidator.php(43): LoginForm->authenticate('password', Array)
#6 /Applications/MAMP/htdocs/test/yii/yii-119/framework/validators/CValidator.php(197): CInlineValidator->validateAttribute(Object(LoginForm), 'password')
#7 /Applications/MAMP/htdocs/test/yii/yii-119/framework/base/CModel.php(158): CValidator->validate(Object(LoginForm), NULL)
#8 /Applications/MAMP/htdocs/test/yii/test/protected/controllers/SiteController.php(88): CModel->validate()
#9 /Applications/MAMP/htdocs/test/yii/yii-119/framework/web/actions/CInlineAction.php(50): SiteController->actionLogin()
#10 /Applications/MAMP/htdocs/test/yii/yii-119/framework/web/CController.php(309): CInlineAction->runWithParams(Array)
#11 /Applications/MAMP/htdocs/test/yii/yii-119/framework/web/CController.php(287): CController->runAction(Object(CInlineAction))
#12 /Applications/MAMP/htdocs/test/yii/yii-119/framework/web/CController.php(266): CController->runActionWithFilters(Object(CInlineAction), Array)
#13 /Applications/MAMP/htdocs/test/yii/yii-119/framework/web/CWebApplication.php(276): CController->run('login')
#14 /Applications/MAMP/htdocs/test/yii/yii-119/framework/web/CWebApplication.php(135): CWebApplication->runController('site/login')
#15 /Applications/MAMP/htdocs/test/yii/yii-119/framework/base/CApplication.php(162): CWebApplication->processRequest()
#16 /Applications/MAMP/htdocs/test/yii/test/www/index.php(13): CApplication->run()
#17 {main}
REQUEST_URI=/test/yii/test/www/index.php?r=site/login
HTTP_REFERER=http://localhost/test/yii/test/www/index.php?r=site/login
---
2012/01/23 15:24:58 [error] [php] Undefined variable: data (/Applications/MAMP/htdocs/test/yii/test/protected/views/user/index.php:16)
Stack trace:
#0 /Applications/MAMP/htdocs/test/yii/yii-119/framework/web/CController.php(870): UserController->renderFile()
#1 /Applications/MAMP/htdocs/test/yii/yii-119/framework/web/CController.php(783): UserController->renderPartial()
#2 /Applications/MAMP/htdocs/test/yii/test/protected/controllers/UserController.php(133): UserController->render()
#3 /Applications/MAMP/htdocs/test/yii/yii-119/framework/web/actions/CInlineAction.php(50): UserController->actionIndex()
#4 /Applications/MAMP/htdocs/test/yii/yii-119/framework/web/CController.php(309): CInlineAction->runWithParams()
#5 /Applications/MAMP/htdocs/test/yii/yii-119/framework/web/filters/CFilterChain.php(134): UserController->runAction()
#6 /Applications/MAMP/htdocs/test/yii/yii-119/framework/web/filters/CFilter.php(41): CFilterChain->run()
#7 /Applications/MAMP/htdocs/test/yii/yii-119/framework/web/CController.php(1146): CAccessControlFilter->filter()
#8 /Applications/MAMP/htdocs/test/yii/yii-119/framework/web/filters/CInlineFilter.php(59): UserController->filterAccessControl()
#9 /Applications/MAMP/htdocs/test/yii/yii-119/framework/web/filters/CFilterChain.php(131): CInlineFilter->filter()
#10 /Applications/MAMP/htdocs/test/yii/yii-119/framework/web/CController.php(292): CFilterChain->run()
#11 /Applications/MAMP/htdocs/test/yii/yii-119/framework/web/CController.php(266): UserController->runActionWithFilters()
#12 /Applications/MAMP/htdocs/test/yii/yii-119/framework/web/CWebApplication.php(276): UserController->run()
#13 /Applications/MAMP/htdocs/test/yii/yii-119/framework/web/CWebApplication.php(135): CWebApplication->runController()
#14 /Applications/MAMP/htdocs/test/yii/yii-119/framework/base/CApplication.php(162): CWebApplication->processRequest()
#15 /Applications/MAMP/htdocs/test/yii/test/www/index.php(13): CWebApplication->run()
REQUEST_URI=/test/yii/test/www/index.php?r=user
in /Applications/MAMP/htdocs/test/yii/test/protected/views/user/index.php (16)
in /Applications/MAMP/htdocs/test/yii/test/protected/controllers/UserController.php (133)
in /Applications/MAMP/htdocs/test/yii/test/www/index.php (13)
2012/01/23 15:25:59 [error] [exception.CException] exception 'CException' with message 'CActiveDataProvider and its behaviors do not have a method or closure named "getAttributeLabel".' in /Applications/MAMP/htdocs/test/yii/yii-119/framework/base/CComponent.php:266
Stack trace:
#0 /Applications/MAMP/htdocs/test/yii/test/protected/views/user/index.php(16): CComponent->__call('getAttributeLab...', Array)
#1 /Applications/MAMP/htdocs/test/yii/test/protected/views/user/index.php(16): CActiveDataProvider->getAttributeLabel('id')
#2 /Applications/MAMP/htdocs/test/yii/yii-119/framework/web/CBaseController.php(127): require('/Applications/M...')
#3 /Applications/MAMP/htdocs/test/yii/yii-119/framework/web/CBaseController.php(96): CBaseController->renderInternal('/Applications/M...', Array, true)
#4 /Applications/MAMP/htdocs/test/yii/yii-119/framework/web/CController.php(870): CBaseController->renderFile('/Applications/M...', Array, true)
#5 /Applications/MAMP/htdocs/test/yii/yii-119/framework/web/CController.php(783): CController->renderPartial('index', Array, true)
#6 /Applications/MAMP/htdocs/test/yii/test/protected/controllers/UserController.php(133): CController->render('index', Array)
#7 /Applications/MAMP/htdocs/test/yii/yii-119/framework/web/actions/CInlineAction.php(50): UserController->actionIndex()
#8 /Applications/MAMP/htdocs/test/yii/yii-119/framework/web/CController.php(309): CInlineAction->runWithParams(Array)
#9 /Applications/MAMP/htdocs/test/yii/yii-119/framework/web/filters/CFilterChain.php(134): CController->runAction(Object(CInlineAction))
#10 /Applications/MAMP/htdocs/test/yii/yii-119/framework/web/filters/CFilter.php(41): CFilterChain->run()
#11 /Applications/MAMP/htdocs/test/yii/yii-119/framework/web/CController.php(1146): CFilter->filter(Object(CFilterChain))
#12 /Applications/MAMP/htdocs/test/yii/yii-119/framework/web/filters/CInlineFilter.php(59): CController->filterAccessControl(Object(CFilterChain))
#13 /Applications/MAMP/htdocs/test/yii/yii-119/framework/web/filters/CFilterChain.php(131): CInlineFilter->filter(Object(CFilterChain))
#14 /Applications/MAMP/htdocs/test/yii/yii-119/framework/web/CController.php(292): CFilterChain->run()
#15 /Applications/MAMP/htdocs/test/yii/yii-119/framework/web/CController.php(266): CController->runActionWithFilters(Object(CInlineAction), Array)
#16 /Applications/MAMP/htdocs/test/yii/yii-119/framework/web/CWebApplication.php(276): CController->run('')
#17 /Applications/MAMP/htdocs/test/yii/yii-119/framework/web/CWebApplication.php(135): CWebApplication->runController('user')
#18 /Applications/MAMP/htdocs/test/yii/yii-119/framework/base/CApplication.php(162): CWebApplication->processRequest()
#19 /Applications/MAMP/htdocs/test/yii/test/www/index.php(13): CApplication->run()
#20 {main}
REQUEST_URI=/test/yii/test/www/index.php?r=user
---
2012/01/26 14:29:50 [error] [system.db.CDbCommand] CDbCommand::execute() failed: SQLSTATE[23000]: Integrity constraint violation: 1452 Cannot add or update a child row: a foreign key constraint fails (`flecha-avaliacao`.`user`, CONSTRAINT `idx-social` FOREIGN KEY (`social_flag`) REFERENCES `social` (`id`) ON DELETE CASCADE ON UPDATE CASCADE). The SQL statement executed was: UPDATE `user` SET `id`=:yp0, `name`=:yp1, `social_flag`=:yp2, `social_profile`=:yp3, `social_name`=:yp4, `social_img`=:yp5, `local_key`=:yp6 WHERE `user`.`id`=2.
in /Applications/MAMP/htdocs/test/yii/test/protected/controllers/UserController.php (96)
in /Applications/MAMP/htdocs/test/yii/test/www/index.php (13)
2012/01/26 14:29:50 [error] [exception.CDbException] exception 'CDbException' with message 'CDbCommand failed to execute the SQL statement: SQLSTATE[23000]: Integrity constraint violation: 1452 Cannot add or update a child row: a foreign key constraint fails (`flecha-avaliacao`.`user`, CONSTRAINT `idx-social` FOREIGN KEY (`social_flag`) REFERENCES `social` (`id`) ON DELETE CASCADE ON UPDATE CASCADE). The SQL statement executed was: UPDATE `user` SET `id`=:yp0, `name`=:yp1, `social_flag`=:yp2, `social_profile`=:yp3, `social_name`=:yp4, `social_img`=:yp5, `local_key`=:yp6 WHERE `user`.`id`=2' in /Applications/MAMP/htdocs/test/yii/yii-119/framework/db/CDbCommand.php:354
Stack trace:
#0 /Applications/MAMP/htdocs/test/yii/yii-119/framework/db/ar/CActiveRecord.php(1681): CDbCommand->execute()
#1 /Applications/MAMP/htdocs/test/yii/yii-119/framework/db/ar/CActiveRecord.php(1061): CActiveRecord->updateByPk('2', Array)
#2 /Applications/MAMP/htdocs/test/yii/yii-119/framework/db/ar/CActiveRecord.php(787): CActiveRecord->update(NULL)
#3 /Applications/MAMP/htdocs/test/yii/test/protected/controllers/UserController.php(96): CActiveRecord->save()
#4 [internal function]: UserController->actionUpdate('2')
#5 /Applications/MAMP/htdocs/test/yii/yii-119/framework/web/actions/CAction.php(107): ReflectionMethod->invokeArgs(Object(UserController), Array)
#6 /Applications/MAMP/htdocs/test/yii/yii-119/framework/web/actions/CInlineAction.php(48): CAction->runWithParamsInternal(Object(UserController), Object(ReflectionMethod), Array)
#7 /Applications/MAMP/htdocs/test/yii/yii-119/framework/web/CController.php(309): CInlineAction->runWithParams(Array)
#8 /Applications/MAMP/htdocs/test/yii/yii-119/framework/web/filters/CFilterChain.php(134): CController->runAction(Object(CInlineAction))
#9 /Applications/MAMP/htdocs/test/yii/yii-119/framework/web/filters/CFilter.php(41): CFilterChain->run()
#10 /Applications/MAMP/htdocs/test/yii/yii-119/framework/web/CController.php(1146): CFilter->filter(Object(CFilterChain))
#11 /Applications/MAMP/htdocs/test/yii/yii-119/framework/web/filters/CInlineFilter.php(59): CController->filterAccessControl(Object(CFilterChain))
#12 /Applications/MAMP/htdocs/test/yii/yii-119/framework/web/filters/CFilterChain.php(131): CInlineFilter->filter(Object(CFilterChain))
#13 /Applications/MAMP/htdocs/test/yii/yii-119/framework/web/CController.php(292): CFilterChain->run()
#14 /Applications/MAMP/htdocs/test/yii/yii-119/framework/web/CController.php(266): CController->runActionWithFilters(Object(CInlineAction), Array)
#15 /Applications/MAMP/htdocs/test/yii/yii-119/framework/web/CWebApplication.php(276): CController->run('update')
#16 /Applications/MAMP/htdocs/test/yii/yii-119/framework/web/CWebApplication.php(135): CWebApplication->runController('user/update')
#17 /Applications/MAMP/htdocs/test/yii/yii-119/framework/base/CApplication.php(162): CWebApplication->processRequest()
#18 /Applications/MAMP/htdocs/test/yii/test/www/index.php(13): CApplication->run()
#19 {main}
REQUEST_URI=/test/yii/test/www/index.php?r=user/update&id=2
HTTP_REFERER=http://localhost/test/yii/test/www/index.php?r=user/update&id=2
---
2012/01/26 14:32:27 [error] [exception.CHttpException.404] exception 'CHttpException' with message 'Unable to resolve the request "user/update".' in /Applications/MAMP/htdocs/test/yii/yii-119/framework/web/CWebApplication.php:280
Stack trace:
#0 /Applications/MAMP/htdocs/test/yii/yii-119/framework/web/CWebApplication.php(135): CWebApplication->runController('user/update')
#1 /Applications/MAMP/htdocs/test/yii/yii-119/framework/base/CApplication.php(162): CWebApplication->processRequest()
#2 /Applications/MAMP/htdocs/test/yii/test/www/index.php(13): CApplication->run()
#3 {main}
REQUEST_URI=/test/yii/test/www/index.php?r=user/update&id=2
---
2012/01/26 16:53:45 [error] [php] Undefined variable: CHtml (/Applications/MAMP/htdocs/test/yii/test/protected/views/user/_form.php:31)
Stack trace:
#0 /Applications/MAMP/htdocs/test/yii/yii-119/framework/web/CController.php(870): UserController->renderFile()
#1 /Applications/MAMP/htdocs/test/yii/test/protected/views/user/create.php(15): UserController->renderPartial()
#2 /Applications/MAMP/htdocs/test/yii/yii-119/framework/web/CBaseController.php(127): require()
#3 /Applications/MAMP/htdocs/test/yii/yii-119/framework/web/CBaseController.php(96): UserController->renderInternal()
#4 /Applications/MAMP/htdocs/test/yii/yii-119/framework/web/CController.php(870): UserController->renderFile()
#5 /Applications/MAMP/htdocs/test/yii/yii-119/framework/web/CController.php(783): UserController->renderPartial()
#6 /Applications/MAMP/htdocs/test/yii/test/protected/controllers/UserController.php(78): UserController->render()
#7 /Applications/MAMP/htdocs/test/yii/yii-119/framework/web/actions/CInlineAction.php(50): UserController->actionCreate()
#8 /Applications/MAMP/htdocs/test/yii/yii-119/framework/web/CController.php(309): CInlineAction->runWithParams()
#9 /Applications/MAMP/htdocs/test/yii/yii-119/framework/web/filters/CFilterChain.php(134): UserController->runAction()
#10 /Applications/MAMP/htdocs/test/yii/yii-119/framework/web/filters/CFilter.php(41): CFilterChain->run()
#11 /Applications/MAMP/htdocs/test/yii/yii-119/framework/web/CController.php(1146): CAccessControlFilter->filter()
#12 /Applications/MAMP/htdocs/test/yii/yii-119/framework/web/filters/CInlineFilter.php(59): UserController->filterAccessControl()
#13 /Applications/MAMP/htdocs/test/yii/yii-119/framework/web/filters/CFilterChain.php(131): CInlineFilter->filter()
#14 /Applications/MAMP/htdocs/test/yii/yii-119/framework/web/CController.php(292): CFilterChain->run()
#15 /Applications/MAMP/htdocs/test/yii/yii-119/framework/web/CController.php(266): UserController->runActionWithFilters()
#16 /Applications/MAMP/htdocs/test/yii/yii-119/framework/web/CWebApplication.php(276): UserController->run()
#17 /Applications/MAMP/htdocs/test/yii/yii-119/framework/web/CWebApplication.php(135): CWebApplication->runController()
#18 /Applications/MAMP/htdocs/test/yii/yii-119/framework/base/CApplication.php(162): CWebApplication->processRequest()
#19 /Applications/MAMP/htdocs/test/yii/test/www/index.php(13): CWebApplication->run()
REQUEST_URI=/test/yii/test/www/index.php?r=user/create
in /Applications/MAMP/htdocs/test/yii/test/protected/views/user/_form.php (31)
in /Applications/MAMP/htdocs/test/yii/test/protected/views/user/create.php (15)
in /Applications/MAMP/htdocs/test/yii/test/protected/controllers/UserController.php (78)
2012/01/26 16:55:49 [error] [php] include(Role.php) [<a href='function.include'>function.include</a>]: failed to open stream: No such file or directory (/Applications/MAMP/htdocs/test/yii/yii-119/framework/YiiBase.php:418)
Stack trace:
#0 /Applications/MAMP/htdocs/test/yii/test/protected/views/user/_form.php(27): spl_autoload_call()
#1 /Applications/MAMP/htdocs/test/yii/yii-119/framework/web/CBaseController.php(127): require()
#2 /Applications/MAMP/htdocs/test/yii/yii-119/framework/web/CBaseController.php(96): UserController->renderInternal()
#3 /Applications/MAMP/htdocs/test/yii/yii-119/framework/web/CController.php(870): UserController->renderFile()
#4 /Applications/MAMP/htdocs/test/yii/test/protected/views/user/create.php(15): UserController->renderPartial()
#5 /Applications/MAMP/htdocs/test/yii/yii-119/framework/web/CBaseController.php(127): require()
#6 /Applications/MAMP/htdocs/test/yii/yii-119/framework/web/CBaseController.php(96): UserController->renderInternal()
#7 /Applications/MAMP/htdocs/test/yii/yii-119/framework/web/CController.php(870): UserController->renderFile()
#8 /Applications/MAMP/htdocs/test/yii/yii-119/framework/web/CController.php(783): UserController->renderPartial()
#9 /Applications/MAMP/htdocs/test/yii/test/protected/controllers/UserController.php(78): UserController->render()
#10 /Applications/MAMP/htdocs/test/yii/yii-119/framework/web/actions/CInlineAction.php(50): UserController->actionCreate()
#11 /Applications/MAMP/htdocs/test/yii/yii-119/framework/web/CController.php(309): CInlineAction->runWithParams()
#12 /Applications/MAMP/htdocs/test/yii/yii-119/framework/web/filters/CFilterChain.php(134): UserController->runAction()
#13 /Applications/MAMP/htdocs/test/yii/yii-119/framework/web/filters/CFilter.php(41): CFilterChain->run()
#14 /Applications/MAMP/htdocs/test/yii/yii-119/framework/web/CController.php(1146): CAccessControlFilter->filter()
#15 /Applications/MAMP/htdocs/test/yii/yii-119/framework/web/filters/CInlineFilter.php(59): UserController->filterAccessControl()
#16 /Applications/MAMP/htdocs/test/yii/yii-119/framework/web/filters/CFilterChain.php(131): CInlineFilter->filter()
#17 /Applications/MAMP/htdocs/test/yii/yii-119/framework/web/CController.php(292): CFilterChain->run()
#18 /Applications/MAMP/htdocs/test/yii/yii-119/framework/web/CController.php(266): UserController->runActionWithFilters()
#19 /Applications/MAMP/htdocs/test/yii/yii-119/framework/web/CWebApplication.php(276): UserController->run()
#20 /Applications/MAMP/htdocs/test/yii/yii-119/framework/web/CWebApplication.php(135): CWebApplication->runController()
#21 /Applications/MAMP/htdocs/test/yii/yii-119/framework/base/CApplication.php(162): CWebApplication->processRequest()
#22 /Applications/MAMP/htdocs/test/yii/test/www/index.php(13): CWebApplication->run()
REQUEST_URI=/test/yii/test/www/index.php?r=user/create
in /Applications/MAMP/htdocs/test/yii/test/protected/views/user/_form.php (27)
in /Applications/MAMP/htdocs/test/yii/test/protected/views/user/create.php (15)
in /Applications/MAMP/htdocs/test/yii/test/protected/controllers/UserController.php (78)
2012/01/26 16:57:51 [error] [system.db.CDbCommand] CDbCommand::execute() failed: SQLSTATE[23000]: Integrity constraint violation: 1452 Cannot add or update a child row: a foreign key constraint fails (`flecha-avaliacao`.`user`, CONSTRAINT `fk-social-opt` FOREIGN KEY (`social_flag`) REFERENCES `social` (`flag`) ON DELETE NO ACTION ON UPDATE NO ACTION). The SQL statement executed was: INSERT INTO `user` (`name`, `social_flag`, `social_profile`, `social_name`, `social_img`) VALUES (:yp0, :yp1, :yp2, :yp3, :yp4).
in /Applications/MAMP/htdocs/test/yii/test/protected/controllers/UserController.php (72)
in /Applications/MAMP/htdocs/test/yii/test/www/index.php (13)
2012/01/26 16:57:51 [error] [exception.CDbException] exception 'CDbException' with message 'CDbCommand failed to execute the SQL statement: SQLSTATE[23000]: Integrity constraint violation: 1452 Cannot add or update a child row: a foreign key constraint fails (`flecha-avaliacao`.`user`, CONSTRAINT `fk-social-opt` FOREIGN KEY (`social_flag`) REFERENCES `social` (`flag`) ON DELETE NO ACTION ON UPDATE NO ACTION). The SQL statement executed was: INSERT INTO `user` (`name`, `social_flag`, `social_profile`, `social_name`, `social_img`) VALUES (:yp0, :yp1, :yp2, :yp3, :yp4)' in /Applications/MAMP/htdocs/test/yii/yii-119/framework/db/CDbCommand.php:354
Stack trace:
#0 /Applications/MAMP/htdocs/test/yii/yii-119/framework/db/ar/CActiveRecord.php(1014): CDbCommand->execute()
#1 /Applications/MAMP/htdocs/test/yii/yii-119/framework/db/ar/CActiveRecord.php(787): CActiveRecord->insert(NULL)
#2 /Applications/MAMP/htdocs/test/yii/test/protected/controllers/UserController.php(72): CActiveRecord->save()
#3 /Applications/MAMP/htdocs/test/yii/yii-119/framework/web/actions/CInlineAction.php(50): UserController->actionCreate()
#4 /Applications/MAMP/htdocs/test/yii/yii-119/framework/web/CController.php(309): CInlineAction->runWithParams(Array)
#5 /Applications/MAMP/htdocs/test/yii/yii-119/framework/web/filters/CFilterChain.php(134): CController->runAction(Object(CInlineAction))
#6 /Applications/MAMP/htdocs/test/yii/yii-119/framework/web/filters/CFilter.php(41): CFilterChain->run()
#7 /Applications/MAMP/htdocs/test/yii/yii-119/framework/web/CController.php(1146): CFilter->filter(Object(CFilterChain))
#8 /Applications/MAMP/htdocs/test/yii/yii-119/framework/web/filters/CInlineFilter.php(59): CController->filterAccessControl(Object(CFilterChain))
#9 /Applications/MAMP/htdocs/test/yii/yii-119/framework/web/filters/CFilterChain.php(131): CInlineFilter->filter(Object(CFilterChain))
#10 /Applications/MAMP/htdocs/test/yii/yii-119/framework/web/CController.php(292): CFilterChain->run()
#11 /Applications/MAMP/htdocs/test/yii/yii-119/framework/web/CController.php(266): CController->runActionWithFilters(Object(CInlineAction), Array)
#12 /Applications/MAMP/htdocs/test/yii/yii-119/framework/web/CWebApplication.php(276): CController->run('create')
#13 /Applications/MAMP/htdocs/test/yii/yii-119/framework/web/CWebApplication.php(135): CWebApplication->runController('user/create')
#14 /Applications/MAMP/htdocs/test/yii/yii-119/framework/base/CApplication.php(162): CWebApplication->processRequest()
#15 /Applications/MAMP/htdocs/test/yii/test/www/index.php(13): CApplication->run()
#16 {main}
REQUEST_URI=/test/yii/test/www/index.php?r=user/create
HTTP_REFERER=http://localhost/test/yii/test/www/index.php?r=user/create
---
2012/01/26 17:00:52 [error] [exception.CException] exception 'CException' with message 'Property "Social.tag" is not defined.' in /Applications/MAMP/htdocs/test/yii/yii-119/framework/base/CComponent.php:131
Stack trace:
#0 /Applications/MAMP/htdocs/test/yii/yii-119/framework/db/ar/CActiveRecord.php(144): CComponent->__get('tag')
#1 /Applications/MAMP/htdocs/test/yii/yii-119/framework/web/helpers/CHtml.php(1696): CActiveRecord->__get('tag')
#2 /Applications/MAMP/htdocs/test/yii/yii-119/framework/web/helpers/CHtml.php(1659): CHtml::value(Object(Social), 'tag')
#3 /Applications/MAMP/htdocs/test/yii/test/protected/views/user/_form.php(26): CHtml::listData(Array, 'tag', 'name')
#4 /Applications/MAMP/htdocs/test/yii/yii-119/framework/web/CBaseController.php(127): require('/Applications/M...')
#5 /Applications/MAMP/htdocs/test/yii/yii-119/framework/web/CBaseController.php(96): CBaseController->renderInternal('/Applications/M...', Array, true)
#6 /Applications/MAMP/htdocs/test/yii/yii-119/framework/web/CController.php(870): CBaseController->renderFile('/Applications/M...', Array, true)
#7 /Applications/MAMP/htdocs/test/yii/test/protected/views/user/create.php(15): CController->renderPartial('_form', Array)
#8 /Applications/MAMP/htdocs/test/yii/yii-119/framework/web/CBaseController.php(127): require('/Applications/M...')
#9 /Applications/MAMP/htdocs/test/yii/yii-119/framework/web/CBaseController.php(96): CBaseController->renderInternal('/Applications/M...', Array, true)
#10 /Applications/MAMP/htdocs/test/yii/yii-119/framework/web/CController.php(870): CBaseController->renderFile('/Applications/M...', Array, true)
#11 /Applications/MAMP/htdocs/test/yii/yii-119/framework/web/CController.php(783): CController->renderPartial('create', Array, true)
#12 /Applications/MAMP/htdocs/test/yii/test/protected/controllers/UserController.php(78): CController->render('create', Array)
#13 /Applications/MAMP/htdocs/test/yii/yii-119/framework/web/actions/CInlineAction.php(50): UserController->actionCreate()
#14 /Applications/MAMP/htdocs/test/yii/yii-119/framework/web/CController.php(309): CInlineAction->runWithParams(Array)
#15 /Applications/MAMP/htdocs/test/yii/yii-119/framework/web/filters/CFilterChain.php(134): CController->runAction(Object(CInlineAction))
#16 /Applications/MAMP/htdocs/test/yii/yii-119/framework/web/filters/CFilter.php(41): CFilterChain->run()
#17 /Applications/MAMP/htdocs/test/yii/yii-119/framework/web/CController.php(1146): CFilter->filter(Object(CFilterChain))
#18 /Applications/MAMP/htdocs/test/yii/yii-119/framework/web/filters/CInlineFilter.php(59): CController->filterAccessControl(Object(CFilterChain))
#19 /Applications/MAMP/htdocs/test/yii/yii-119/framework/web/filters/CFilterChain.php(131): CInlineFilter->filter(Object(CFilterChain))
#20 /Applications/MAMP/htdocs/test/yii/yii-119/framework/web/CController.php(292): CFilterChain->run()
#21 /Applications/MAMP/htdocs/test/yii/yii-119/framework/web/CController.php(266): CController->runActionWithFilters(Object(CInlineAction), Array)
#22 /Applications/MAMP/htdocs/test/yii/yii-119/framework/web/CWebApplication.php(276): CController->run('create')
#23 /Applications/MAMP/htdocs/test/yii/yii-119/framework/web/CWebApplication.php(135): CWebApplication->runController('user/create')
#24 /Applications/MAMP/htdocs/test/yii/yii-119/framework/base/CApplication.php(162): CWebApplication->processRequest()
#25 /Applications/MAMP/htdocs/test/yii/test/www/index.php(13): CApplication->run()
#26 {main}
REQUEST_URI=/test/yii/test/www/index.php?r=user/create
HTTP_REFERER=http://localhost/test/yii/test/www/index.php?r=user/index
---
2012/01/26 17:00:55 [error] [exception.CException] exception 'CException' with message 'Property "Social.tag" is not defined.' in /Applications/MAMP/htdocs/test/yii/yii-119/framework/base/CComponent.php:131
Stack trace:
#0 /Applications/MAMP/htdocs/test/yii/yii-119/framework/db/ar/CActiveRecord.php(144): CComponent->__get('tag')
#1 /Applications/MAMP/htdocs/test/yii/yii-119/framework/web/helpers/CHtml.php(1696): CActiveRecord->__get('tag')
#2 /Applications/MAMP/htdocs/test/yii/yii-119/framework/web/helpers/CHtml.php(1659): CHtml::value(Object(Social), 'tag')
#3 /Applications/MAMP/htdocs/test/yii/test/protected/views/user/_form.php(26): CHtml::listData(Array, 'tag', 'name')
#4 /Applications/MAMP/htdocs/test/yii/yii-119/framework/web/CBaseController.php(127): require('/Applications/M...')
#5 /Applications/MAMP/htdocs/test/yii/yii-119/framework/web/CBaseController.php(96): CBaseController->renderInternal('/Applications/M...', Array, true)
#6 /Applications/MAMP/htdocs/test/yii/yii-119/framework/web/CController.php(870): CBaseController->renderFile('/Applications/M...', Array, true)
#7 /Applications/MAMP/htdocs/test/yii/test/protected/views/user/create.php(15): CController->renderPartial('_form', Array)
#8 /Applications/MAMP/htdocs/test/yii/yii-119/framework/web/CBaseController.php(127): require('/Applications/M...')
#9 /Applications/MAMP/htdocs/test/yii/yii-119/framework/web/CBaseController.php(96): CBaseController->renderInternal('/Applications/M...', Array, true)
#10 /Applications/MAMP/htdocs/test/yii/yii-119/framework/web/CController.php(870): CBaseController->renderFile('/Applications/M...', Array, true)
#11 /Applications/MAMP/htdocs/test/yii/yii-119/framework/web/CController.php(783): CController->renderPartial('create', Array, true)
#12 /Applications/MAMP/htdocs/test/yii/test/protected/controllers/UserController.php(78): CController->render('create', Array)
#13 /Applications/MAMP/htdocs/test/yii/yii-119/framework/web/actions/CInlineAction.php(50): UserController->actionCreate()
#14 /Applications/MAMP/htdocs/test/yii/yii-119/framework/web/CController.php(309): CInlineAction->runWithParams(Array)
#15 /Applications/MAMP/htdocs/test/yii/yii-119/framework/web/filters/CFilterChain.php(134): CController->runAction(Object(CInlineAction))
#16 /Applications/MAMP/htdocs/test/yii/yii-119/framework/web/filters/CFilter.php(41): CFilterChain->run()
#17 /Applications/MAMP/htdocs/test/yii/yii-119/framework/web/CController.php(1146): CFilter->filter(Object(CFilterChain))
#18 /Applications/MAMP/htdocs/test/yii/yii-119/framework/web/filters/CInlineFilter.php(59): CController->filterAccessControl(Object(CFilterChain))
#19 /Applications/MAMP/htdocs/test/yii/yii-119/framework/web/filters/CFilterChain.php(131): CInlineFilter->filter(Object(CFilterChain))
#20 /Applications/MAMP/htdocs/test/yii/yii-119/framework/web/CController.php(292): CFilterChain->run()
#21 /Applications/MAMP/htdocs/test/yii/yii-119/framework/web/CController.php(266): CController->runActionWithFilters(Object(CInlineAction), Array)
#22 /Applications/MAMP/htdocs/test/yii/yii-119/framework/web/CWebApplication.php(276): CController->run('create')
#23 /Applications/MAMP/htdocs/test/yii/yii-119/framework/web/CWebApplication.php(135): CWebApplication->runController('user/create')
#24 /Applications/MAMP/htdocs/test/yii/yii-119/framework/base/CApplication.php(162): CWebApplication->processRequest()
#25 /Applications/MAMP/htdocs/test/yii/test/www/index.php(13): CApplication->run()
#26 {main}
REQUEST_URI=/test/yii/test/www/index.php?r=user/create
---
2012/01/26 17:55:37 [error] [php] Undefined variable: dataProvider (/Applications/MAMP/htdocs/test/yii/test/protected/gii/crud/templates/bootstrap/index.php:23)
Stack trace:
#0 /Applications/MAMP/htdocs/test/yii/yii-119/framework/gii/CCodeGenerator.php(161): CrudCode->prepare()
#1 /Applications/MAMP/htdocs/test/yii/yii-119/framework/gii/CCodeGenerator.php(64): CrudGenerator->prepare()
#2 /Applications/MAMP/htdocs/test/yii/yii-119/framework/web/actions/CInlineAction.php(50): CrudGenerator->actionIndex()
#3 /Applications/MAMP/htdocs/test/yii/yii-119/framework/web/CController.php(309): CInlineAction->runWithParams()
#4 /Applications/MAMP/htdocs/test/yii/yii-119/framework/web/CController.php(287): CrudGenerator->runAction()
#5 /Applications/MAMP/htdocs/test/yii/yii-119/framework/web/CController.php(266): CrudGenerator->runActionWithFilters()
#6 /Applications/MAMP/htdocs/test/yii/yii-119/framework/web/CWebApplication.php(276): CrudGenerator->run()
#7 /Applications/MAMP/htdocs/test/yii/yii-119/framework/web/CWebApplication.php(135): CWebApplication->runController()
#8 /Applications/MAMP/htdocs/test/yii/yii-119/framework/base/CApplication.php(162): CWebApplication->processRequest()
#9 /Applications/MAMP/htdocs/test/yii/test/www/index.php(13): CWebApplication->run()
REQUEST_URI=/test/yii/test/www/index.php?r=gii/crud
in /Applications/MAMP/htdocs/test/yii/test/protected/gii/crud/templates/bootstrap/index.php (23)
in /Applications/MAMP/htdocs/test/yii/test/www/index.php (13)
2012/01/26 17:56:28 [error] [php] Undefined variable: dataProvider (/Applications/MAMP/htdocs/test/yii/test/protected/gii/crud/templates/bootstrap/index.php:23)
Stack trace:
#0 /Applications/MAMP/htdocs/test/yii/yii-119/framework/gii/CCodeGenerator.php(161): CrudCode->prepare()
#1 /Applications/MAMP/htdocs/test/yii/yii-119/framework/gii/CCodeGenerator.php(64): CrudGenerator->prepare()
#2 /Applications/MAMP/htdocs/test/yii/yii-119/framework/web/actions/CInlineAction.php(50): CrudGenerator->actionIndex()
#3 /Applications/MAMP/htdocs/test/yii/yii-119/framework/web/CController.php(309): CInlineAction->runWithParams()
#4 /Applications/MAMP/htdocs/test/yii/yii-119/framework/web/CController.php(287): CrudGenerator->runAction()
#5 /Applications/MAMP/htdocs/test/yii/yii-119/framework/web/CController.php(266): CrudGenerator->runActionWithFilters()
#6 /Applications/MAMP/htdocs/test/yii/yii-119/framework/web/CWebApplication.php(276): CrudGenerator->run()
#7 /Applications/MAMP/htdocs/test/yii/yii-119/framework/web/CWebApplication.php(135): CWebApplication->runController()
#8 /Applications/MAMP/htdocs/test/yii/yii-119/framework/base/CApplication.php(162): CWebApplication->processRequest()
#9 /Applications/MAMP/htdocs/test/yii/test/www/index.php(13): CWebApplication->run()
REQUEST_URI=/test/yii/test/www/index.php?r=gii/crud
in /Applications/MAMP/htdocs/test/yii/test/protected/gii/crud/templates/bootstrap/index.php (23)
in /Applications/MAMP/htdocs/test/yii/test/www/index.php (13)
2012/01/26 19:22:36 [error] [php] Undefined variable: data (/Applications/MAMP/htdocs/test/yii/test/protected/views/user/index.php:16)
Stack trace:
#0 /Applications/MAMP/htdocs/test/yii/yii-119/framework/web/CController.php(870): UserController->renderFile()
#1 /Applications/MAMP/htdocs/test/yii/yii-119/framework/web/CController.php(783): UserController->renderPartial()
#2 /Applications/MAMP/htdocs/test/yii/test/protected/controllers/UserController.php(133): UserController->render()
#3 /Applications/MAMP/htdocs/test/yii/yii-119/framework/web/actions/CInlineAction.php(50): UserController->actionIndex()
#4 /Applications/MAMP/htdocs/test/yii/yii-119/framework/web/CController.php(309): CInlineAction->runWithParams()
#5 /Applications/MAMP/htdocs/test/yii/yii-119/framework/web/filters/CFilterChain.php(134): UserController->runAction()
#6 /Applications/MAMP/htdocs/test/yii/yii-119/framework/web/filters/CFilter.php(41): CFilterChain->run()
#7 /Applications/MAMP/htdocs/test/yii/yii-119/framework/web/CController.php(1146): CAccessControlFilter->filter()
#8 /Applications/MAMP/htdocs/test/yii/yii-119/framework/web/filters/CInlineFilter.php(59): UserController->filterAccessControl()
#9 /Applications/MAMP/htdocs/test/yii/yii-119/framework/web/filters/CFilterChain.php(131): CInlineFilter->filter()
#10 /Applications/MAMP/htdocs/test/yii/yii-119/framework/web/CController.php(292): CFilterChain->run()
#11 /Applications/MAMP/htdocs/test/yii/yii-119/framework/web/CController.php(266): UserController->runActionWithFilters()
#12 /Applications/MAMP/htdocs/test/yii/yii-119/framework/web/CWebApplication.php(276): UserController->run()
#13 /Applications/MAMP/htdocs/test/yii/yii-119/framework/web/CWebApplication.php(135): CWebApplication->runController()
#14 /Applications/MAMP/htdocs/test/yii/yii-119/framework/base/CApplication.php(162): CWebApplication->processRequest()
#15 /Applications/MAMP/htdocs/test/yii/test/www/index.php(13): CWebApplication->run()
REQUEST_URI=/test/yii/test/www/index.php?r=user
in /Applications/MAMP/htdocs/test/yii/test/protected/views/user/index.php (16)
in /Applications/MAMP/htdocs/test/yii/test/protected/controllers/UserController.php (133)
in /Applications/MAMP/htdocs/test/yii/test/www/index.php (13)
2012/01/26 19:22:48 [error] [php] Undefined variable: data (/Applications/MAMP/htdocs/test/yii/test/protected/views/user/index.php:16)
Stack trace:
#0 /Applications/MAMP/htdocs/test/yii/yii-119/framework/web/CController.php(870): UserController->renderFile()
#1 /Applications/MAMP/htdocs/test/yii/yii-119/framework/web/CController.php(783): UserController->renderPartial()
#2 /Applications/MAMP/htdocs/test/yii/test/protected/controllers/UserController.php(133): UserController->render()
#3 /Applications/MAMP/htdocs/test/yii/yii-119/framework/web/actions/CInlineAction.php(50): UserController->actionIndex()
#4 /Applications/MAMP/htdocs/test/yii/yii-119/framework/web/CController.php(309): CInlineAction->runWithParams()
#5 /Applications/MAMP/htdocs/test/yii/yii-119/framework/web/filters/CFilterChain.php(134): UserController->runAction()
#6 /Applications/MAMP/htdocs/test/yii/yii-119/framework/web/filters/CFilter.php(41): CFilterChain->run()
#7 /Applications/MAMP/htdocs/test/yii/yii-119/framework/web/CController.php(1146): CAccessControlFilter->filter()
#8 /Applications/MAMP/htdocs/test/yii/yii-119/framework/web/filters/CInlineFilter.php(59): UserController->filterAccessControl()
#9 /Applications/MAMP/htdocs/test/yii/yii-119/framework/web/filters/CFilterChain.php(131): CInlineFilter->filter()
#10 /Applications/MAMP/htdocs/test/yii/yii-119/framework/web/CController.php(292): CFilterChain->run()
#11 /Applications/MAMP/htdocs/test/yii/yii-119/framework/web/CController.php(266): UserController->runActionWithFilters()
#12 /Applications/MAMP/htdocs/test/yii/yii-119/framework/web/CWebApplication.php(276): UserController->run()
#13 /Applications/MAMP/htdocs/test/yii/yii-119/framework/web/CWebApplication.php(135): CWebApplication->runController()
#14 /Applications/MAMP/htdocs/test/yii/yii-119/framework/base/CApplication.php(162): CWebApplication->processRequest()
#15 /Applications/MAMP/htdocs/test/yii/test/www/index.php(13): CWebApplication->run()
REQUEST_URI=/test/yii/test/www/index.php?r=user
in /Applications/MAMP/htdocs/test/yii/test/protected/views/user/index.php (16)
in /Applications/MAMP/htdocs/test/yii/test/protected/controllers/UserController.php (133)
in /Applications/MAMP/htdocs/test/yii/test/www/index.php (13)
2012/01/26 19:27:30 [error] [exception.CException] exception 'CException' with message 'Property "CActiveDataProvider.tableSchema" is not defined.' in /Applications/MAMP/htdocs/test/yii/yii-119/framework/base/CComponent.php:131
Stack trace:
#0 /Applications/MAMP/htdocs/test/yii/test/protected/views/user/index.php(16): CComponent->__get('tableSchema')
#1 /Applications/MAMP/htdocs/test/yii/yii-119/framework/web/CBaseController.php(127): require('/Applications/M...')
#2 /Applications/MAMP/htdocs/test/yii/yii-119/framework/web/CBaseController.php(96): CBaseController->renderInternal('/Applications/M...', Array, true)
#3 /Applications/MAMP/htdocs/test/yii/yii-119/framework/web/CController.php(870): CBaseController->renderFile('/Applications/M...', Array, true)
#4 /Applications/MAMP/htdocs/test/yii/yii-119/framework/web/CController.php(783): CController->renderPartial('index', Array, true)
#5 /Applications/MAMP/htdocs/test/yii/test/protected/controllers/UserController.php(133): CController->render('index', Array)
#6 /Applications/MAMP/htdocs/test/yii/yii-119/framework/web/actions/CInlineAction.php(50): UserController->actionIndex()
#7 /Applications/MAMP/htdocs/test/yii/yii-119/framework/web/CController.php(309): CInlineAction->runWithParams(Array)
#8 /Applications/MAMP/htdocs/test/yii/yii-119/framework/web/filters/CFilterChain.php(134): CController->runAction(Object(CInlineAction))
#9 /Applications/MAMP/htdocs/test/yii/yii-119/framework/web/filters/CFilter.php(41): CFilterChain->run()
#10 /Applications/MAMP/htdocs/test/yii/yii-119/framework/web/CController.php(1146): CFilter->filter(Object(CFilterChain))
#11 /Applications/MAMP/htdocs/test/yii/yii-119/framework/web/filters/CInlineFilter.php(59): CController->filterAccessControl(Object(CFilterChain))
#12 /Applications/MAMP/htdocs/test/yii/yii-119/framework/web/filters/CFilterChain.php(131): CInlineFilter->filter(Object(CFilterChain))
#13 /Applications/MAMP/htdocs/test/yii/yii-119/framework/web/CController.php(292): CFilterChain->run()
#14 /Applications/MAMP/htdocs/test/yii/yii-119/framework/web/CController.php(266): CController->runActionWithFilters(Object(CInlineAction), Array)
#15 /Applications/MAMP/htdocs/test/yii/yii-119/framework/web/CWebApplication.php(276): CController->run('')
#16 /Applications/MAMP/htdocs/test/yii/yii-119/framework/web/CWebApplication.php(135): CWebApplication->runController('user')
#17 /Applications/MAMP/htdocs/test/yii/yii-119/framework/base/CApplication.php(162): CWebApplication->processRequest()
#18 /Applications/MAMP/htdocs/test/yii/test/www/index.php(13): CApplication->run()
#19 {main}
REQUEST_URI=/test/yii/test/www/index.php?r=user
---
2012/01/26 19:33:03 [error] [exception.CException] exception 'CException' with message 'Property "CActiveDataProvider.tableSchema" is not defined.' in /Applications/MAMP/htdocs/test/yii/yii-119/framework/base/CComponent.php:131
Stack trace:
#0 /Applications/MAMP/htdocs/test/yii/test/protected/views/user/index.php(16): CComponent->__get('tableSchema')
#1 /Applications/MAMP/htdocs/test/yii/yii-119/framework/web/CBaseController.php(127): require('/Applications/M...')
#2 /Applications/MAMP/htdocs/test/yii/yii-119/framework/web/CBaseController.php(96): CBaseController->renderInternal('/Applications/M...', Array, true)
#3 /Applications/MAMP/htdocs/test/yii/yii-119/framework/web/CController.php(870): CBaseController->renderFile('/Applications/M...', Array, true)
#4 /Applications/MAMP/htdocs/test/yii/yii-119/framework/web/CController.php(783): CController->renderPartial('index', Array, true)
#5 /Applications/MAMP/htdocs/test/yii/test/protected/controllers/UserController.php(133): CController->render('index', Array)
#6 /Applications/MAMP/htdocs/test/yii/yii-119/framework/web/actions/CInlineAction.php(50): UserController->actionIndex()
#7 /Applications/MAMP/htdocs/test/yii/yii-119/framework/web/CController.php(309): CInlineAction->runWithParams(Array)
#8 /Applications/MAMP/htdocs/test/yii/yii-119/framework/web/filters/CFilterChain.php(134): CController->runAction(Object(CInlineAction))
#9 /Applications/MAMP/htdocs/test/yii/yii-119/framework/web/filters/CFilter.php(41): CFilterChain->run()
#10 /Applications/MAMP/htdocs/test/yii/yii-119/framework/web/CController.php(1146): CFilter->filter(Object(CFilterChain))
#11 /Applications/MAMP/htdocs/test/yii/yii-119/framework/web/filters/CInlineFilter.php(59): CController->filterAccessControl(Object(CFilterChain))
#12 /Applications/MAMP/htdocs/test/yii/yii-119/framework/web/filters/CFilterChain.php(131): CInlineFilter->filter(Object(CFilterChain))
#13 /Applications/MAMP/htdocs/test/yii/yii-119/framework/web/CController.php(292): CFilterChain->run()
#14 /Applications/MAMP/htdocs/test/yii/yii-119/framework/web/CController.php(266): CController->runActionWithFilters(Object(CInlineAction), Array)
#15 /Applications/MAMP/htdocs/test/yii/yii-119/framework/web/CWebApplication.php(276): CController->run('')
#16 /Applications/MAMP/htdocs/test/yii/yii-119/framework/web/CWebApplication.php(135): CWebApplication->runController('user')
#17 /Applications/MAMP/htdocs/test/yii/yii-119/framework/base/CApplication.php(162): CWebApplication->processRequest()
#18 /Applications/MAMP/htdocs/test/yii/test/www/index.php(13): CApplication->run()
#19 {main}
REQUEST_URI=/test/yii/test/www/index.php?r=user
---
2012/01/26 19:35:38 [error] [exception.CException] exception 'CException' with message 'CrudCode and its behaviors do not have a method or closure named "getTable".' in /Applications/MAMP/htdocs/test/yii/yii-119/framework/base/CComponent.php:266
Stack trace:
#0 /Applications/MAMP/htdocs/test/yii/test/protected/gii/crud/templates/bootstrap/_view.php(14): CComponent->__call('getTable', Array)
#1 /Applications/MAMP/htdocs/test/yii/test/protected/gii/crud/templates/bootstrap/_view.php(14): CrudCode->getTable()
#2 /Applications/MAMP/htdocs/test/yii/yii-119/framework/gii/CCodeModel.php(242): require('/Applications/M...')
#3 /Applications/MAMP/htdocs/test/yii/yii-119/framework/gii/generators/crud/CrudCode.php(97): CCodeModel->render('/Applications/M...')
#4 /Applications/MAMP/htdocs/test/yii/yii-119/framework/gii/CCodeGenerator.php(161): CrudCode->prepare()
#5 /Applications/MAMP/htdocs/test/yii/yii-119/framework/gii/CCodeGenerator.php(64): CCodeGenerator->prepare()
#6 /Applications/MAMP/htdocs/test/yii/yii-119/framework/web/actions/CInlineAction.php(50): CCodeGenerator->actionIndex()
#7 /Applications/MAMP/htdocs/test/yii/yii-119/framework/web/CController.php(309): CInlineAction->runWithParams(Array)
#8 /Applications/MAMP/htdocs/test/yii/yii-119/framework/web/CController.php(287): CController->runAction(Object(CInlineAction))
#9 /Applications/MAMP/htdocs/test/yii/yii-119/framework/web/CController.php(266): CController->runActionWithFilters(Object(CInlineAction), Array)
#10 /Applications/MAMP/htdocs/test/yii/yii-119/framework/web/CWebApplication.php(276): CController->run('')
#11 /Applications/MAMP/htdocs/test/yii/yii-119/framework/web/CWebApplication.php(135): CWebApplication->runController('gii/crud')
#12 /Applications/MAMP/htdocs/test/yii/yii-119/framework/base/CApplication.php(162): CWebApplication->processRequest()
#13 /Applications/MAMP/htdocs/test/yii/test/www/index.php(13): CApplication->run()
#14 {main}
REQUEST_URI=/test/yii/test/www/index.php?r=gii/crud
HTTP_REFERER=http://localhost/test/yii/test/www/index.php?r=gii/crud
---
2012/01/26 19:35:56 [error] [exception.CException] exception 'CException' with message 'CrudCode and its behaviors do not have a method or closure named "getTable".' in /Applications/MAMP/htdocs/test/yii/yii-119/framework/base/CComponent.php:266
Stack trace:
#0 /Applications/MAMP/htdocs/test/yii/test/protected/gii/crud/templates/bootstrap/_view.php(14): CComponent->__call('getTable', Array)
#1 /Applications/MAMP/htdocs/test/yii/test/protected/gii/crud/templates/bootstrap/_view.php(14): CrudCode->getTable()
#2 /Applications/MAMP/htdocs/test/yii/yii-119/framework/gii/CCodeModel.php(242): require('/Applications/M...')
#3 /Applications/MAMP/htdocs/test/yii/yii-119/framework/gii/generators/crud/CrudCode.php(97): CCodeModel->render('/Applications/M...')
#4 /Applications/MAMP/htdocs/test/yii/yii-119/framework/gii/CCodeGenerator.php(161): CrudCode->prepare()
#5 /Applications/MAMP/htdocs/test/yii/yii-119/framework/gii/CCodeGenerator.php(64): CCodeGenerator->prepare()
#6 /Applications/MAMP/htdocs/test/yii/yii-119/framework/web/actions/CInlineAction.php(50): CCodeGenerator->actionIndex()
#7 /Applications/MAMP/htdocs/test/yii/yii-119/framework/web/CController.php(309): CInlineAction->runWithParams(Array)
#8 /Applications/MAMP/htdocs/test/yii/yii-119/framework/web/CController.php(287): CController->runAction(Object(CInlineAction))
#9 /Applications/MAMP/htdocs/test/yii/yii-119/framework/web/CController.php(266): CController->runActionWithFilters(Object(CInlineAction), Array)
#10 /Applications/MAMP/htdocs/test/yii/yii-119/framework/web/CWebApplication.php(276): CController->run('')
#11 /Applications/MAMP/htdocs/test/yii/yii-119/framework/web/CWebApplication.php(135): CWebApplication->runController('gii/crud')
#12 /Applications/MAMP/htdocs/test/yii/yii-119/framework/base/CApplication.php(162): CWebApplication->processRequest()
#13 /Applications/MAMP/htdocs/test/yii/test/www/index.php(13): CApplication->run()
#14 {main}
REQUEST_URI=/test/yii/test/www/index.php?r=gii/crud
HTTP_REFERER=http://localhost/test/yii/test/www/index.php?r=gii/crud
---
2012/01/26 19:50:43 [error] [php] Undefined variable: dataProvider (/Applications/MAMP/htdocs/test/yii/test/protected/gii/crud/templates/bootstrap/index.php:24)
Stack trace:
#0 /Applications/MAMP/htdocs/test/yii/yii-119/framework/gii/CCodeGenerator.php(161): CrudCode->prepare()
#1 /Applications/MAMP/htdocs/test/yii/yii-119/framework/gii/CCodeGenerator.php(64): CrudGenerator->prepare()
#2 /Applications/MAMP/htdocs/test/yii/yii-119/framework/web/actions/CInlineAction.php(50): CrudGenerator->actionIndex()
#3 /Applications/MAMP/htdocs/test/yii/yii-119/framework/web/CController.php(309): CInlineAction->runWithParams()
#4 /Applications/MAMP/htdocs/test/yii/yii-119/framework/web/CController.php(287): CrudGenerator->runAction()
#5 /Applications/MAMP/htdocs/test/yii/yii-119/framework/web/CController.php(266): CrudGenerator->runActionWithFilters()
#6 /Applications/MAMP/htdocs/test/yii/yii-119/framework/web/CWebApplication.php(276): CrudGenerator->run()
#7 /Applications/MAMP/htdocs/test/yii/yii-119/framework/web/CWebApplication.php(135): CWebApplication->runController()
#8 /Applications/MAMP/htdocs/test/yii/yii-119/framework/base/CApplication.php(162): CWebApplication->processRequest()
#9 /Applications/MAMP/htdocs/test/yii/test/www/index.php(13): CWebApplication->run()
REQUEST_URI=/test/yii/test/www/index.php?r=gii/crud
in /Applications/MAMP/htdocs/test/yii/test/protected/gii/crud/templates/bootstrap/index.php (24)
in /Applications/MAMP/htdocs/test/yii/test/www/index.php (13)
2012/01/26 19:51:23 [error] [php] Undefined variable: dataProvider (/Applications/MAMP/htdocs/test/yii/test/protected/gii/crud/templates/bootstrap/index.php:24)
Stack trace:
#0 /Applications/MAMP/htdocs/test/yii/yii-119/framework/gii/CCodeGenerator.php(161): CrudCode->prepare()
#1 /Applications/MAMP/htdocs/test/yii/yii-119/framework/gii/CCodeGenerator.php(64): CrudGenerator->prepare()
#2 /Applications/MAMP/htdocs/test/yii/yii-119/framework/web/actions/CInlineAction.php(50): CrudGenerator->actionIndex()
#3 /Applications/MAMP/htdocs/test/yii/yii-119/framework/web/CController.php(309): CInlineAction->runWithParams()
#4 /Applications/MAMP/htdocs/test/yii/yii-119/framework/web/CController.php(287): CrudGenerator->runAction()
#5 /Applications/MAMP/htdocs/test/yii/yii-119/framework/web/CController.php(266): CrudGenerator->runActionWithFilters()
#6 /Applications/MAMP/htdocs/test/yii/yii-119/framework/web/CWebApplication.php(276): CrudGenerator->run()
#7 /Applications/MAMP/htdocs/test/yii/yii-119/framework/web/CWebApplication.php(135): CWebApplication->runController()
#8 /Applications/MAMP/htdocs/test/yii/yii-119/framework/base/CApplication.php(162): CWebApplication->processRequest()
#9 /Applications/MAMP/htdocs/test/yii/test/www/index.php(13): CWebApplication->run()
REQUEST_URI=/test/yii/test/www/index.php?r=gii/crud
in /Applications/MAMP/htdocs/test/yii/test/protected/gii/crud/templates/bootstrap/index.php (24)
in /Applications/MAMP/htdocs/test/yii/test/www/index.php (13)
2012/01/26 19:52:34 [error] [php] Undefined variable: dataProvider (/Applications/MAMP/htdocs/test/yii/test/protected/gii/crud/templates/bootstrap/index.php:38)
Stack trace:
#0 /Applications/MAMP/htdocs/test/yii/yii-119/framework/gii/CCodeGenerator.php(161): CrudCode->prepare()
#1 /Applications/MAMP/htdocs/test/yii/yii-119/framework/gii/CCodeGenerator.php(64): CrudGenerator->prepare()
#2 /Applications/MAMP/htdocs/test/yii/yii-119/framework/web/actions/CInlineAction.php(50): CrudGenerator->actionIndex()
#3 /Applications/MAMP/htdocs/test/yii/yii-119/framework/web/CController.php(309): CInlineAction->runWithParams()
#4 /Applications/MAMP/htdocs/test/yii/yii-119/framework/web/CController.php(287): CrudGenerator->runAction()
#5 /Applications/MAMP/htdocs/test/yii/yii-119/framework/web/CController.php(266): CrudGenerator->runActionWithFilters()
#6 /Applications/MAMP/htdocs/test/yii/yii-119/framework/web/CWebApplication.php(276): CrudGenerator->run()
#7 /Applications/MAMP/htdocs/test/yii/yii-119/framework/web/CWebApplication.php(135): CWebApplication->runController()
#8 /Applications/MAMP/htdocs/test/yii/yii-119/framework/base/CApplication.php(162): CWebApplication->processRequest()
#9 /Applications/MAMP/htdocs/test/yii/test/www/index.php(13): CWebApplication->run()
REQUEST_URI=/test/yii/test/www/index.php?r=gii/crud
in /Applications/MAMP/htdocs/test/yii/test/protected/gii/crud/templates/bootstrap/index.php (38)
in /Applications/MAMP/htdocs/test/yii/test/www/index.php (13)
2012/01/26 19:58:22 [error] [php] Undefined variable: dataProvider (/Applications/MAMP/htdocs/test/yii/test/protected/gii/crud/templates/bootstrap/index.php:38)
Stack trace:
#0 /Applications/MAMP/htdocs/test/yii/yii-119/framework/gii/CCodeGenerator.php(161): CrudCode->prepare()
#1 /Applications/MAMP/htdocs/test/yii/yii-119/framework/gii/CCodeGenerator.php(64): CrudGenerator->prepare()
#2 /Applications/MAMP/htdocs/test/yii/yii-119/framework/web/actions/CInlineAction.php(50): CrudGenerator->actionIndex()
#3 /Applications/MAMP/htdocs/test/yii/yii-119/framework/web/CController.php(309): CInlineAction->runWithParams()
#4 /Applications/MAMP/htdocs/test/yii/yii-119/framework/web/CController.php(287): CrudGenerator->runAction()
#5 /Applications/MAMP/htdocs/test/yii/yii-119/framework/web/CController.php(266): CrudGenerator->runActionWithFilters()
#6 /Applications/MAMP/htdocs/test/yii/yii-119/framework/web/CWebApplication.php(276): CrudGenerator->run()
#7 /Applications/MAMP/htdocs/test/yii/yii-119/framework/web/CWebApplication.php(135): CWebApplication->runController()
#8 /Applications/MAMP/htdocs/test/yii/yii-119/framework/base/CApplication.php(162): CWebApplication->processRequest()
#9 /Applications/MAMP/htdocs/test/yii/test/www/index.php(13): CWebApplication->run()
REQUEST_URI=/test/yii/test/www/index.php?r=gii/crud
in /Applications/MAMP/htdocs/test/yii/test/protected/gii/crud/templates/bootstrap/index.php (38)
in /Applications/MAMP/htdocs/test/yii/test/www/index.php (13)
2012/01/26 19:58:53 [error] [php] Undefined variable: dataProvider (/Applications/MAMP/htdocs/test/yii/test/protected/gii/crud/templates/bootstrap/index_old.php:38)
Stack trace:
#0 /Applications/MAMP/htdocs/test/yii/yii-119/framework/gii/CCodeGenerator.php(161): CrudCode->prepare()
#1 /Applications/MAMP/htdocs/test/yii/yii-119/framework/gii/CCodeGenerator.php(64): CrudGenerator->prepare()
#2 /Applications/MAMP/htdocs/test/yii/yii-119/framework/web/actions/CInlineAction.php(50): CrudGenerator->actionIndex()
#3 /Applications/MAMP/htdocs/test/yii/yii-119/framework/web/CController.php(309): CInlineAction->runWithParams()
#4 /Applications/MAMP/htdocs/test/yii/yii-119/framework/web/CController.php(287): CrudGenerator->runAction()
#5 /Applications/MAMP/htdocs/test/yii/yii-119/framework/web/CController.php(266): CrudGenerator->runActionWithFilters()
#6 /Applications/MAMP/htdocs/test/yii/yii-119/framework/web/CWebApplication.php(276): CrudGenerator->run()
#7 /Applications/MAMP/htdocs/test/yii/yii-119/framework/web/CWebApplication.php(135): CWebApplication->runController()
#8 /Applications/MAMP/htdocs/test/yii/yii-119/framework/base/CApplication.php(162): CWebApplication->processRequest()
#9 /Applications/MAMP/htdocs/test/yii/test/www/index.php(13): CWebApplication->run()
REQUEST_URI=/test/yii/test/www/index.php?r=gii/crud
in /Applications/MAMP/htdocs/test/yii/test/protected/gii/crud/templates/bootstrap/index_old.php (38)
in /Applications/MAMP/htdocs/test/yii/test/www/index.php (13)
2012/01/26 19:59:52 [error] [php] Undefined variable: dataProvider (/Applications/MAMP/htdocs/test/yii/test/protected/gii/crud/templates/bootstrap/index_old.php:38)
Stack trace:
#0 /Applications/MAMP/htdocs/test/yii/yii-119/framework/gii/CCodeGenerator.php(161): CrudCode->prepare()
#1 /Applications/MAMP/htdocs/test/yii/yii-119/framework/gii/CCodeGenerator.php(64): CrudGenerator->prepare()
#2 /Applications/MAMP/htdocs/test/yii/yii-119/framework/web/actions/CInlineAction.php(50): CrudGenerator->actionIndex()
#3 /Applications/MAMP/htdocs/test/yii/yii-119/framework/web/CController.php(309): CInlineAction->runWithParams()
#4 /Applications/MAMP/htdocs/test/yii/yii-119/framework/web/CController.php(287): CrudGenerator->runAction()
#5 /Applications/MAMP/htdocs/test/yii/yii-119/framework/web/CController.php(266): CrudGenerator->runActionWithFilters()
#6 /Applications/MAMP/htdocs/test/yii/yii-119/framework/web/CWebApplication.php(276): CrudGenerator->run()
#7 /Applications/MAMP/htdocs/test/yii/yii-119/framework/web/CWebApplication.php(135): CWebApplication->runController()
#8 /Applications/MAMP/htdocs/test/yii/yii-119/framework/base/CApplication.php(162): CWebApplication->processRequest()
#9 /Applications/MAMP/htdocs/test/yii/test/www/index.php(13): CWebApplication->run()
REQUEST_URI=/test/yii/test/www/index.php?r=gii/crud
in /Applications/MAMP/htdocs/test/yii/test/protected/gii/crud/templates/bootstrap/index_old.php (38)
in /Applications/MAMP/htdocs/test/yii/test/www/index.php (13)
2012/01/26 20:00:42 [error] [php] Undefined variable: dataProvider (/Applications/MAMP/htdocs/test/yii/test/protected/gii/crud/templates/bootstrap/index.php:23)
Stack trace:
#0 /Applications/MAMP/htdocs/test/yii/yii-119/framework/gii/CCodeGenerator.php(161): CrudCode->prepare()
#1 /Applications/MAMP/htdocs/test/yii/yii-119/framework/gii/CCodeGenerator.php(64): CrudGenerator->prepare()
#2 /Applications/MAMP/htdocs/test/yii/yii-119/framework/web/actions/CInlineAction.php(50): CrudGenerator->actionIndex()
#3 /Applications/MAMP/htdocs/test/yii/yii-119/framework/web/CController.php(309): CInlineAction->runWithParams()
#4 /Applications/MAMP/htdocs/test/yii/yii-119/framework/web/CController.php(287): CrudGenerator->runAction()
#5 /Applications/MAMP/htdocs/test/yii/yii-119/framework/web/CController.php(266): CrudGenerator->runActionWithFilters()
#6 /Applications/MAMP/htdocs/test/yii/yii-119/framework/web/CWebApplication.php(276): CrudGenerator->run()
#7 /Applications/MAMP/htdocs/test/yii/yii-119/framework/web/CWebApplication.php(135): CWebApplication->runController()
#8 /Applications/MAMP/htdocs/test/yii/yii-119/framework/base/CApplication.php(162): CWebApplication->processRequest()
#9 /Applications/MAMP/htdocs/test/yii/test/www/index.php(13): CWebApplication->run()
REQUEST_URI=/test/yii/test/www/index.php?r=gii/crud
in /Applications/MAMP/htdocs/test/yii/test/protected/gii/crud/templates/bootstrap/index.php (23)
in /Applications/MAMP/htdocs/test/yii/test/www/index.php (13)
2012/01/26 20:01:47 [error] [php] Undefined variable: dataProvider (/Applications/MAMP/htdocs/test/yii/test/protected/gii/crud/templates/bootstrap/index.php:28)
Stack trace:
#0 /Applications/MAMP/htdocs/test/yii/yii-119/framework/gii/CCodeGenerator.php(161): CrudCode->prepare()
#1 /Applications/MAMP/htdocs/test/yii/yii-119/framework/gii/CCodeGenerator.php(64): CrudGenerator->prepare()
#2 /Applications/MAMP/htdocs/test/yii/yii-119/framework/web/actions/CInlineAction.php(50): CrudGenerator->actionIndex()
#3 /Applications/MAMP/htdocs/test/yii/yii-119/framework/web/CController.php(309): CInlineAction->runWithParams()
#4 /Applications/MAMP/htdocs/test/yii/yii-119/framework/web/CController.php(287): CrudGenerator->runAction()
#5 /Applications/MAMP/htdocs/test/yii/yii-119/framework/web/CController.php(266): CrudGenerator->runActionWithFilters()
#6 /Applications/MAMP/htdocs/test/yii/yii-119/framework/web/CWebApplication.php(276): CrudGenerator->run()
#7 /Applications/MAMP/htdocs/test/yii/yii-119/framework/web/CWebApplication.php(135): CWebApplication->runController()
#8 /Applications/MAMP/htdocs/test/yii/yii-119/framework/base/CApplication.php(162): CWebApplication->processRequest()
#9 /Applications/MAMP/htdocs/test/yii/test/www/index.php(13): CWebApplication->run()
REQUEST_URI=/test/yii/test/www/index.php?r=gii/crud
in /Applications/MAMP/htdocs/test/yii/test/protected/gii/crud/templates/bootstrap/index.php (28)
in /Applications/MAMP/htdocs/test/yii/test/www/index.php (13)
2012/01/26 20:06:34 [error] [exception.CException] exception 'CException' with message 'CActiveDataProvider and its behaviors do not have a method or closure named "getTableSchema".' in /Applications/MAMP/htdocs/test/yii/yii-119/framework/base/CComponent.php:266
Stack trace:
#0 /Applications/MAMP/htdocs/test/yii/test/protected/views/user/index.php(16): CComponent->__call('getTableSchema', Array)
#1 /Applications/MAMP/htdocs/test/yii/test/protected/views/user/index.php(16): CActiveDataProvider->getTableSchema()
#2 /Applications/MAMP/htdocs/test/yii/yii-119/framework/web/CBaseController.php(127): require('/Applications/M...')
#3 /Applications/MAMP/htdocs/test/yii/yii-119/framework/web/CBaseController.php(96): CBaseController->renderInternal('/Applications/M...', Array, true)
#4 /Applications/MAMP/htdocs/test/yii/yii-119/framework/web/CController.php(870): CBaseController->renderFile('/Applications/M...', Array, true)
#5 /Applications/MAMP/htdocs/test/yii/yii-119/framework/web/CController.php(783): CController->renderPartial('index', Array, true)
#6 /Applications/MAMP/htdocs/test/yii/test/protected/controllers/UserController.php(133): CController->render('index', Array)
#7 /Applications/MAMP/htdocs/test/yii/yii-119/framework/web/actions/CInlineAction.php(50): UserController->actionIndex()
#8 /Applications/MAMP/htdocs/test/yii/yii-119/framework/web/CController.php(309): CInlineAction->runWithParams(Array)
#9 /Applications/MAMP/htdocs/test/yii/yii-119/framework/web/filters/CFilterChain.php(134): CController->runAction(Object(CInlineAction))
#10 /Applications/MAMP/htdocs/test/yii/yii-119/framework/web/filters/CFilter.php(41): CFilterChain->run()
#11 /Applications/MAMP/htdocs/test/yii/yii-119/framework/web/CController.php(1146): CFilter->filter(Object(CFilterChain))
#12 /Applications/MAMP/htdocs/test/yii/yii-119/framework/web/filters/CInlineFilter.php(59): CController->filterAccessControl(Object(CFilterChain))
#13 /Applications/MAMP/htdocs/test/yii/yii-119/framework/web/filters/CFilterChain.php(131): CInlineFilter->filter(Object(CFilterChain))
#14 /Applications/MAMP/htdocs/test/yii/yii-119/framework/web/CController.php(292): CFilterChain->run()
#15 /Applications/MAMP/htdocs/test/yii/yii-119/framework/web/CController.php(266): CController->runActionWithFilters(Object(CInlineAction), Array)
#16 /Applications/MAMP/htdocs/test/yii/yii-119/framework/web/CWebApplication.php(276): CController->run('')
#17 /Applications/MAMP/htdocs/test/yii/yii-119/framework/web/CWebApplication.php(135): CWebApplication->runController('user')
#18 /Applications/MAMP/htdocs/test/yii/yii-119/framework/base/CApplication.php(162): CWebApplication->processRequest()
#19 /Applications/MAMP/htdocs/test/yii/test/www/index.php(13): CApplication->run()
#20 {main}
REQUEST_URI=/test/yii/test/www/index.php?r=user
---
2012/01/26 20:06:39 [error] [exception.CException] exception 'CException' with message 'CActiveDataProvider and its behaviors do not have a method or closure named "getTableSchema".' in /Applications/MAMP/htdocs/test/yii/yii-119/framework/base/CComponent.php:266
Stack trace:
#0 /Applications/MAMP/htdocs/test/yii/test/protected/views/user/index.php(16): CComponent->__call('getTableSchema', Array)
#1 /Applications/MAMP/htdocs/test/yii/test/protected/views/user/index.php(16): CActiveDataProvider->getTableSchema()
#2 /Applications/MAMP/htdocs/test/yii/yii-119/framework/web/CBaseController.php(127): require('/Applications/M...')
#3 /Applications/MAMP/htdocs/test/yii/yii-119/framework/web/CBaseController.php(96): CBaseController->renderInternal('/Applications/M...', Array, true)
#4 /Applications/MAMP/htdocs/test/yii/yii-119/framework/web/CController.php(870): CBaseController->renderFile('/Applications/M...', Array, true)
#5 /Applications/MAMP/htdocs/test/yii/yii-119/framework/web/CController.php(783): CController->renderPartial('index', Array, true)
#6 /Applications/MAMP/htdocs/test/yii/test/protected/controllers/UserController.php(133): CController->render('index', Array)
#7 /Applications/MAMP/htdocs/test/yii/yii-119/framework/web/actions/CInlineAction.php(50): UserController->actionIndex()
#8 /Applications/MAMP/htdocs/test/yii/yii-119/framework/web/CController.php(309): CInlineAction->runWithParams(Array)
#9 /Applications/MAMP/htdocs/test/yii/yii-119/framework/web/filters/CFilterChain.php(134): CController->runAction(Object(CInlineAction))
#10 /Applications/MAMP/htdocs/test/yii/yii-119/framework/web/filters/CFilter.php(41): CFilterChain->run()
#11 /Applications/MAMP/htdocs/test/yii/yii-119/framework/web/CController.php(1146): CFilter->filter(Object(CFilterChain))
#12 /Applications/MAMP/htdocs/test/yii/yii-119/framework/web/filters/CInlineFilter.php(59): CController->filterAccessControl(Object(CFilterChain))
#13 /Applications/MAMP/htdocs/test/yii/yii-119/framework/web/filters/CFilterChain.php(131): CInlineFilter->filter(Object(CFilterChain))
#14 /Applications/MAMP/htdocs/test/yii/yii-119/framework/web/CController.php(292): CFilterChain->run()
#15 /Applications/MAMP/htdocs/test/yii/yii-119/framework/web/CController.php(266): CController->runActionWithFilters(Object(CInlineAction), Array)
#16 /Applications/MAMP/htdocs/test/yii/yii-119/framework/web/CWebApplication.php(276): CController->run('')
#17 /Applications/MAMP/htdocs/test/yii/yii-119/framework/web/CWebApplication.php(135): CWebApplication->runController('user')
#18 /Applications/MAMP/htdocs/test/yii/yii-119/framework/base/CApplication.php(162): CWebApplication->processRequest()
#19 /Applications/MAMP/htdocs/test/yii/test/www/index.php(13): CApplication->run()
#20 {main}
REQUEST_URI=/test/yii/test/www/index.php?r=user
---
2012/01/26 20:06:41 [error] [exception.CException] exception 'CException' with message 'CActiveDataProvider and its behaviors do not have a method or closure named "getTableSchema".' in /Applications/MAMP/htdocs/test/yii/yii-119/framework/base/CComponent.php:266
Stack trace:
#0 /Applications/MAMP/htdocs/test/yii/test/protected/views/user/index.php(16): CComponent->__call('getTableSchema', Array)
#1 /Applications/MAMP/htdocs/test/yii/test/protected/views/user/index.php(16): CActiveDataProvider->getTableSchema()
#2 /Applications/MAMP/htdocs/test/yii/yii-119/framework/web/CBaseController.php(127): require('/Applications/M...')
#3 /Applications/MAMP/htdocs/test/yii/yii-119/framework/web/CBaseController.php(96): CBaseController->renderInternal('/Applications/M...', Array, true)
#4 /Applications/MAMP/htdocs/test/yii/yii-119/framework/web/CController.php(870): CBaseController->renderFile('/Applications/M...', Array, true)
#5 /Applications/MAMP/htdocs/test/yii/yii-119/framework/web/CController.php(783): CController->renderPartial('index', Array, true)
#6 /Applications/MAMP/htdocs/test/yii/test/protected/controllers/UserController.php(133): CController->render('index', Array)
#7 /Applications/MAMP/htdocs/test/yii/yii-119/framework/web/actions/CInlineAction.php(50): UserController->actionIndex()
#8 /Applications/MAMP/htdocs/test/yii/yii-119/framework/web/CController.php(309): CInlineAction->runWithParams(Array)
#9 /Applications/MAMP/htdocs/test/yii/yii-119/framework/web/filters/CFilterChain.php(134): CController->runAction(Object(CInlineAction))
#10 /Applications/MAMP/htdocs/test/yii/yii-119/framework/web/filters/CFilter.php(41): CFilterChain->run()
#11 /Applications/MAMP/htdocs/test/yii/yii-119/framework/web/CController.php(1146): CFilter->filter(Object(CFilterChain))
#12 /Applications/MAMP/htdocs/test/yii/yii-119/framework/web/filters/CInlineFilter.php(59): CController->filterAccessControl(Object(CFilterChain))
#13 /Applications/MAMP/htdocs/test/yii/yii-119/framework/web/filters/CFilterChain.php(131): CInlineFilter->filter(Object(CFilterChain))
#14 /Applications/MAMP/htdocs/test/yii/yii-119/framework/web/CController.php(292): CFilterChain->run()
#15 /Applications/MAMP/htdocs/test/yii/yii-119/framework/web/CController.php(266): CController->runActionWithFilters(Object(CInlineAction), Array)
#16 /Applications/MAMP/htdocs/test/yii/yii-119/framework/web/CWebApplication.php(276): CController->run('')
#17 /Applications/MAMP/htdocs/test/yii/yii-119/framework/web/CWebApplication.php(135): CWebApplication->runController('user')
#18 /Applications/MAMP/htdocs/test/yii/yii-119/framework/base/CApplication.php(162): CWebApplication->processRequest()
#19 /Applications/MAMP/htdocs/test/yii/test/www/index.php(13): CApplication->run()
#20 {main}
REQUEST_URI=/test/yii/test/www/index.php?r=user
---
2012/01/26 20:08:00 [error] [exception.CException] exception 'CException' with message 'Property "CActiveDataProvider.tableSchema" is not defined.' in /Applications/MAMP/htdocs/test/yii/yii-119/framework/base/CComponent.php:131
Stack trace:
#0 /Applications/MAMP/htdocs/test/yii/test/protected/views/user/index.php(16): CComponent->__get('tableSchema')
#1 /Applications/MAMP/htdocs/test/yii/yii-119/framework/web/CBaseController.php(127): require('/Applications/M...')
#2 /Applications/MAMP/htdocs/test/yii/yii-119/framework/web/CBaseController.php(96): CBaseController->renderInternal('/Applications/M...', Array, true)
#3 /Applications/MAMP/htdocs/test/yii/yii-119/framework/web/CController.php(870): CBaseController->renderFile('/Applications/M...', Array, true)
#4 /Applications/MAMP/htdocs/test/yii/yii-119/framework/web/CController.php(783): CController->renderPartial('index', Array, true)
#5 /Applications/MAMP/htdocs/test/yii/test/protected/controllers/UserController.php(133): CController->render('index', Array)
#6 /Applications/MAMP/htdocs/test/yii/yii-119/framework/web/actions/CInlineAction.php(50): UserController->actionIndex()
#7 /Applications/MAMP/htdocs/test/yii/yii-119/framework/web/CController.php(309): CInlineAction->runWithParams(Array)
#8 /Applications/MAMP/htdocs/test/yii/yii-119/framework/web/filters/CFilterChain.php(134): CController->runAction(Object(CInlineAction))
#9 /Applications/MAMP/htdocs/test/yii/yii-119/framework/web/filters/CFilter.php(41): CFilterChain->run()
#10 /Applications/MAMP/htdocs/test/yii/yii-119/framework/web/CController.php(1146): CFilter->filter(Object(CFilterChain))
#11 /Applications/MAMP/htdocs/test/yii/yii-119/framework/web/filters/CInlineFilter.php(59): CController->filterAccessControl(Object(CFilterChain))
#12 /Applications/MAMP/htdocs/test/yii/yii-119/framework/web/filters/CFilterChain.php(131): CInlineFilter->filter(Object(CFilterChain))
#13 /Applications/MAMP/htdocs/test/yii/yii-119/framework/web/CController.php(292): CFilterChain->run()
#14 /Applications/MAMP/htdocs/test/yii/yii-119/framework/web/CController.php(266): CController->runActionWithFilters(Object(CInlineAction), Array)
#15 /Applications/MAMP/htdocs/test/yii/yii-119/framework/web/CWebApplication.php(276): CController->run('')
#16 /Applications/MAMP/htdocs/test/yii/yii-119/framework/web/CWebApplication.php(135): CWebApplication->runController('user')
#17 /Applications/MAMP/htdocs/test/yii/yii-119/framework/base/CApplication.php(162): CWebApplication->processRequest()
#18 /Applications/MAMP/htdocs/test/yii/test/www/index.php(13): CApplication->run()
#19 {main}
REQUEST_URI=/test/yii/test/www/index.php?r=user
---
2012/01/27 11:35:02 [error] [exception.CException] exception 'CException' with message 'CActiveDataProvider and its behaviors do not have a method or closure named "getTableSchema".' in /Applications/MAMP/htdocs/test/yii/yii-119/framework/base/CComponent.php:266
Stack trace:
#0 /Applications/MAMP/htdocs/test/yii/test/protected/views/user/index.php(16): CComponent->__call('getTableSchema', Array)
#1 /Applications/MAMP/htdocs/test/yii/test/protected/views/user/index.php(16): CActiveDataProvider->getTableSchema()
#2 /Applications/MAMP/htdocs/test/yii/yii-119/framework/web/CBaseController.php(127): require('/Applications/M...')
#3 /Applications/MAMP/htdocs/test/yii/yii-119/framework/web/CBaseController.php(96): CBaseController->renderInternal('/Applications/M...', Array, true)
#4 /Applications/MAMP/htdocs/test/yii/yii-119/framework/web/CController.php(870): CBaseController->renderFile('/Applications/M...', Array, true)
#5 /Applications/MAMP/htdocs/test/yii/yii-119/framework/web/CController.php(783): CController->renderPartial('index', Array, true)
#6 /Applications/MAMP/htdocs/test/yii/test/protected/controllers/UserController.php(133): CController->render('index', Array)
#7 /Applications/MAMP/htdocs/test/yii/yii-119/framework/web/actions/CInlineAction.php(50): UserController->actionIndex()
#8 /Applications/MAMP/htdocs/test/yii/yii-119/framework/web/CController.php(309): CInlineAction->runWithParams(Array)
#9 /Applications/MAMP/htdocs/test/yii/yii-119/framework/web/filters/CFilterChain.php(134): CController->runAction(Object(CInlineAction))
#10 /Applications/MAMP/htdocs/test/yii/yii-119/framework/web/filters/CFilter.php(41): CFilterChain->run()
#11 /Applications/MAMP/htdocs/test/yii/yii-119/framework/web/CController.php(1146): CFilter->filter(Object(CFilterChain))
#12 /Applications/MAMP/htdocs/test/yii/yii-119/framework/web/filters/CInlineFilter.php(59): CController->filterAccessControl(Object(CFilterChain))
#13 /Applications/MAMP/htdocs/test/yii/yii-119/framework/web/filters/CFilterChain.php(131): CInlineFilter->filter(Object(CFilterChain))
#14 /Applications/MAMP/htdocs/test/yii/yii-119/framework/web/CController.php(292): CFilterChain->run()
#15 /Applications/MAMP/htdocs/test/yii/yii-119/framework/web/CController.php(266): CController->runActionWithFilters(Object(CInlineAction), Array)
#16 /Applications/MAMP/htdocs/test/yii/yii-119/framework/web/CWebApplication.php(276): CController->run('')
#17 /Applications/MAMP/htdocs/test/yii/yii-119/framework/web/CWebApplication.php(135): CWebApplication->runController('user')
#18 /Applications/MAMP/htdocs/test/yii/yii-119/framework/base/CApplication.php(162): CWebApplication->processRequest()
#19 /Applications/MAMP/htdocs/test/yii/test/www/index.php(13): CApplication->run()
#20 {main}
REQUEST_URI=/test/yii/test/www/index.php?r=user
---
2012/02/09 13:08:23 [error] [exception.CException] exception 'CException' with message 'UserController contains improperly nested widget tags in its view "/Applications/MAMP/htdocs/test/yii/test/protected/views//layouts/column2.php". A CContentDecorator widget does not have an endWidget() call.' in /Applications/MAMP/htdocs/test/yii/yii-119/framework/web/CBaseController.php:102
Stack trace:
#0 /Applications/MAMP/htdocs/test/yii/yii-119/framework/web/CController.php(785): CBaseController->renderFile('/Applications/M...', Array, true)
#1 /Applications/MAMP/htdocs/test/yii/test/protected/controllers/UserController.php(133): CController->render('index', Array)
#2 /Applications/MAMP/htdocs/test/yii/yii-119/framework/web/actions/CInlineAction.php(50): UserController->actionIndex()
#3 /Applications/MAMP/htdocs/test/yii/yii-119/framework/web/CController.php(309): CInlineAction->runWithParams(Array)
#4 /Applications/MAMP/htdocs/test/yii/yii-119/framework/web/filters/CFilterChain.php(134): CController->runAction(Object(CInlineAction))
#5 /Applications/MAMP/htdocs/test/yii/yii-119/framework/web/filters/CFilter.php(41): CFilterChain->run()
#6 /Applications/MAMP/htdocs/test/yii/yii-119/framework/web/CController.php(1146): CFilter->filter(Object(CFilterChain))
#7 /Applications/MAMP/htdocs/test/yii/yii-119/framework/web/filters/CInlineFilter.php(59): CController->filterAccessControl(Object(CFilterChain))
#8 /Applications/MAMP/htdocs/test/yii/yii-119/framework/web/filters/CFilterChain.php(131): CInlineFilter->filter(Object(CFilterChain))
#9 /Applications/MAMP/htdocs/test/yii/yii-119/framework/web/CController.php(292): CFilterChain->run()
#10 /Applications/MAMP/htdocs/test/yii/yii-119/framework/web/CController.php(266): CController->runActionWithFilters(Object(CInlineAction), Array)
#11 /Applications/MAMP/htdocs/test/yii/yii-119/framework/web/CWebApplication.php(276): CController->run('')
#12 /Applications/MAMP/htdocs/test/yii/yii-119/framework/web/CWebApplication.php(135): CWebApplication->runController('user')
#13 /Applications/MAMP/htdocs/test/yii/yii-119/framework/base/CApplication.php(162): CWebApplication->processRequest()
#14 /Applications/MAMP/htdocs/test/yii/test/www/index.php(13): CApplication->run()
#15 {main}
REQUEST_URI=/test/yii/test/www/?r=user
---
2012/02/09 14:26:24 [error] [system.db.CDbCommand] CDbCommand::fetch() failed: SQLSTATE[42S22]: Column not found: 1054 Unknown column 'local_key' in 'where clause'. The SQL statement executed was: SELECT * FROM `user` `t` WHERE social_profile=:social_profile and local_key=:local_key LIMIT 1.
in /Applications/MAMP/htdocs/test/yii/test/protected/components/UserIdentity.php (22)
in /Applications/MAMP/htdocs/test/yii/test/protected/models/LoginForm.php (52)
in /Applications/MAMP/htdocs/test/yii/test/protected/controllers/SiteController.php (88)
2012/02/09 14:26:24 [error] [exception.CDbException] exception 'CDbException' with message 'CDbCommand failed to execute the SQL statement: SQLSTATE[42S22]: Column not found: 1054 Unknown column 'local_key' in 'where clause'. The SQL statement executed was: SELECT * FROM `user` `t` WHERE social_profile=:social_profile and local_key=:local_key LIMIT 1' in /Applications/MAMP/htdocs/test/yii/yii-119/framework/db/CDbCommand.php:528
Stack trace:
#0 /Applications/MAMP/htdocs/test/yii/yii-119/framework/db/CDbCommand.php(408): CDbCommand->queryInternal('fetch', Array, Array)
#1 /Applications/MAMP/htdocs/test/yii/yii-119/framework/db/ar/CActiveRecord.php(1287): CDbCommand->queryRow()
#2 /Applications/MAMP/htdocs/test/yii/yii-119/framework/db/ar/CActiveRecord.php(1392): CActiveRecord->query(Object(CDbCriteria))
#3 /Applications/MAMP/htdocs/test/yii/test/protected/components/UserIdentity.php(22): CActiveRecord->find('social_profile=...', Array)
#4 /Applications/MAMP/htdocs/test/yii/test/protected/models/LoginForm.php(52): UserIdentity->authenticate()
#5 /Applications/MAMP/htdocs/test/yii/yii-119/framework/validators/CInlineValidator.php(43): LoginForm->authenticate('password', Array)
#6 /Applications/MAMP/htdocs/test/yii/yii-119/framework/validators/CValidator.php(197): CInlineValidator->validateAttribute(Object(LoginForm), 'password')
#7 /Applications/MAMP/htdocs/test/yii/yii-119/framework/base/CModel.php(158): CValidator->validate(Object(LoginForm), NULL)
#8 /Applications/MAMP/htdocs/test/yii/test/protected/controllers/SiteController.php(88): CModel->validate()
#9 /Applications/MAMP/htdocs/test/yii/yii-119/framework/web/actions/CInlineAction.php(50): SiteController->actionLogin()
#10 /Applications/MAMP/htdocs/test/yii/yii-119/framework/web/CController.php(309): CInlineAction->runWithParams(Array)
#11 /Applications/MAMP/htdocs/test/yii/yii-119/framework/web/CController.php(287): CController->runAction(Object(CInlineAction))
#12 /Applications/MAMP/htdocs/test/yii/yii-119/framework/web/CController.php(266): CController->runActionWithFilters(Object(CInlineAction), Array)
#13 /Applications/MAMP/htdocs/test/yii/yii-119/framework/web/CWebApplication.php(276): CController->run('login')
#14 /Applications/MAMP/htdocs/test/yii/yii-119/framework/web/CWebApplication.php(135): CWebApplication->runController('site/login')
#15 /Applications/MAMP/htdocs/test/yii/yii-119/framework/base/CApplication.php(162): CWebApplication->processRequest()
#16 /Applications/MAMP/htdocs/test/yii/test/www/index.php(13): CApplication->run()
#17 {main}
REQUEST_URI=/test/yii/test/www/index.php?r=site/login
HTTP_REFERER=http://localhost/test/yii/test/www/index.php?r=site/login
---
2012/02/09 14:43:00 [error] [exception.CHttpException.403] exception 'CHttpException' with message 'You are not authorized to perform this action.' in /Applications/MAMP/htdocs/test/yii/yii-119/framework/web/auth/CAccessControlFilter.php:157
Stack trace:
#0 /Applications/MAMP/htdocs/test/yii/yii-119/framework/web/auth/CAccessControlFilter.php(120): CAccessControlFilter->accessDenied(Object(CWebUser), 'You are not aut...')
#1 /Applications/MAMP/htdocs/test/yii/yii-119/framework/web/filters/CFilter.php(39): CAccessControlFilter->preFilter(Object(CFilterChain))
#2 /Applications/MAMP/htdocs/test/yii/yii-119/framework/web/CController.php(1146): CFilter->filter(Object(CFilterChain))
#3 /Applications/MAMP/htdocs/test/yii/yii-119/framework/web/filters/CInlineFilter.php(59): CController->filterAccessControl(Object(CFilterChain))
#4 /Applications/MAMP/htdocs/test/yii/yii-119/framework/web/filters/CFilterChain.php(131): CInlineFilter->filter(Object(CFilterChain))
#5 /Applications/MAMP/htdocs/test/yii/yii-119/framework/web/CController.php(292): CFilterChain->run()
#6 /Applications/MAMP/htdocs/test/yii/yii-119/framework/web/CController.php(266): CController->runActionWithFilters(Object(CInlineAction), Array)
#7 /Applications/MAMP/htdocs/test/yii/yii-119/framework/web/CWebApplication.php(276): CController->run('admin')
#8 /Applications/MAMP/htdocs/test/yii/yii-119/framework/web/CWebApplication.php(135): CWebApplication->runController('social/admin')
#9 /Applications/MAMP/htdocs/test/yii/yii-119/framework/base/CApplication.php(162): CWebApplication->processRequest()
#10 /Applications/MAMP/htdocs/test/yii/test/www/index.php(13): CApplication->run()
#11 {main}
REQUEST_URI=/test/yii/test/www/index.php?r=social/admin
HTTP_REFERER=http://localhost/test/yii/test/www/index.php?r=site/login
---
2012/02/09 14:49:17 [error] [exception.CHttpException.403] exception 'CHttpException' with message 'You are not authorized to perform this action.' in /Applications/MAMP/htdocs/test/yii/yii-119/framework/web/auth/CAccessControlFilter.php:157
Stack trace:
#0 /Applications/MAMP/htdocs/test/yii/yii-119/framework/web/auth/CAccessControlFilter.php(120): CAccessControlFilter->accessDenied(Object(CWebUser), 'You are not aut...')
#1 /Applications/MAMP/htdocs/test/yii/yii-119/framework/web/filters/CFilter.php(39): CAccessControlFilter->preFilter(Object(CFilterChain))
#2 /Applications/MAMP/htdocs/test/yii/yii-119/framework/web/CController.php(1146): CFilter->filter(Object(CFilterChain))
#3 /Applications/MAMP/htdocs/test/yii/yii-119/framework/web/filters/CInlineFilter.php(59): CController->filterAccessControl(Object(CFilterChain))
#4 /Applications/MAMP/htdocs/test/yii/yii-119/framework/web/filters/CFilterChain.php(131): CInlineFilter->filter(Object(CFilterChain))
#5 /Applications/MAMP/htdocs/test/yii/yii-119/framework/web/CController.php(292): CFilterChain->run()
#6 /Applications/MAMP/htdocs/test/yii/yii-119/framework/web/CController.php(266): CController->runActionWithFilters(Object(CInlineAction), Array)
#7 /Applications/MAMP/htdocs/test/yii/yii-119/framework/web/CWebApplication.php(276): CController->run('admin')
#8 /Applications/MAMP/htdocs/test/yii/yii-119/framework/web/CWebApplication.php(135): CWebApplication->runController('social/admin')
#9 /Applications/MAMP/htdocs/test/yii/yii-119/framework/base/CApplication.php(162): CWebApplication->processRequest()
#10 /Applications/MAMP/htdocs/test/yii/test/www/index.php(13): CApplication->run()
#11 {main}
REQUEST_URI=/test/yii/test/www/index.php?r=social/admin
HTTP_REFERER=http://localhost/test/yii/test/www/index.php?r=site/login
---
2012/02/10 16:13:27 [error] [php] session_regenerate_id() [<a href='function.session-regenerate-id'>function.session-regenerate-id</a>]: Cannot regenerate session id - headers already sent (/Applications/MAMP/htdocs/yii/yii-119/framework/web/CHttpSession.php:182)
Stack trace:
#0 /Applications/MAMP/htdocs/yii/yii-119/framework/web/auth/CWebUser.php(228): CWebUser->changeIdentity()
#1 /Applications/MAMP/htdocs/projects/avaliacao/protected/models/LoginForm.php(71): CWebUser->login()
#2 /Applications/MAMP/htdocs/projects/avaliacao/protected/controllers/SiteController.php(88): LoginForm->login()
#3 /Applications/MAMP/htdocs/yii/yii-119/framework/web/actions/CInlineAction.php(50): SiteController->actionLogin()
#4 /Applications/MAMP/htdocs/yii/yii-119/framework/web/CController.php(309): CInlineAction->runWithParams()
#5 /Applications/MAMP/htdocs/yii/yii-119/framework/web/CController.php(287): SiteController->runAction()
#6 /Applications/MAMP/htdocs/yii/yii-119/framework/web/CController.php(266): SiteController->runActionWithFilters()
#7 /Applications/MAMP/htdocs/yii/yii-119/framework/web/CWebApplication.php(276): SiteController->run()
#8 /Applications/MAMP/htdocs/yii/yii-119/framework/web/CWebApplication.php(135): CWebApplication->runController()
#9 /Applications/MAMP/htdocs/yii/yii-119/framework/base/CApplication.php(162): CWebApplication->processRequest()
#10 /Applications/MAMP/htdocs/projects/avaliacao/www/index.php(12): CWebApplication->run()
REQUEST_URI=/projects/avaliacao/www/index.php?r=site/login
in /Applications/MAMP/htdocs/projects/avaliacao/protected/models/LoginForm.php (71)
in /Applications/MAMP/htdocs/projects/avaliacao/protected/controllers/SiteController.php (88)
in /Applications/MAMP/htdocs/projects/avaliacao/www/index.php (12)
2012/02/10 16:38:29 [error] [exception.CHttpException.403] exception 'CHttpException' with message 'You are not authorized to perform this action.' in /Applications/MAMP/htdocs/yii/yii-119/framework/web/auth/CAccessControlFilter.php:157
Stack trace:
#0 /Applications/MAMP/htdocs/yii/yii-119/framework/web/auth/CAccessControlFilter.php(120): CAccessControlFilter->accessDenied(Object(CWebUser), 'You are not aut...')
#1 /Applications/MAMP/htdocs/yii/yii-119/framework/web/filters/CFilter.php(39): CAccessControlFilter->preFilter(Object(CFilterChain))
#2 /Applications/MAMP/htdocs/yii/yii-119/framework/web/CController.php(1146): CFilter->filter(Object(CFilterChain))
#3 /Applications/MAMP/htdocs/yii/yii-119/framework/web/filters/CInlineFilter.php(59): CController->filterAccessControl(Object(CFilterChain))
#4 /Applications/MAMP/htdocs/yii/yii-119/framework/web/filters/CFilterChain.php(131): CInlineFilter->filter(Object(CFilterChain))
#5 /Applications/MAMP/htdocs/yii/yii-119/framework/web/CController.php(292): CFilterChain->run()
#6 /Applications/MAMP/htdocs/yii/yii-119/framework/web/CController.php(266): CController->runActionWithFilters(Object(CInlineAction), Array)
#7 /Applications/MAMP/htdocs/yii/yii-119/framework/web/CWebApplication.php(276): CController->run('')
#8 /Applications/MAMP/htdocs/yii/yii-119/framework/web/CWebApplication.php(135): CWebApplication->runController('tools')
#9 /Applications/MAMP/htdocs/yii/yii-119/framework/base/CApplication.php(162): CWebApplication->processRequest()
#10 /Applications/MAMP/htdocs/projects/avaliacao/www/index.php(12): CApplication->run()
#11 {main}
REQUEST_URI=/projects/avaliacao/www/index.php?r=tools
HTTP_REFERER=http://localhost/projects/avaliacao/www/index.php?r=site/login
---
2012/02/10 16:38:53 [error] [exception.CHttpException.403] exception 'CHttpException' with message 'You are not authorized to perform this action.' in /Applications/MAMP/htdocs/yii/yii-119/framework/web/auth/CAccessControlFilter.php:157
Stack trace:
#0 /Applications/MAMP/htdocs/yii/yii-119/framework/web/auth/CAccessControlFilter.php(120): CAccessControlFilter->accessDenied(Object(CWebUser), 'You are not aut...')
#1 /Applications/MAMP/htdocs/yii/yii-119/framework/web/filters/CFilter.php(39): CAccessControlFilter->preFilter(Object(CFilterChain))
#2 /Applications/MAMP/htdocs/yii/yii-119/framework/web/CController.php(1146): CFilter->filter(Object(CFilterChain))
#3 /Applications/MAMP/htdocs/yii/yii-119/framework/web/filters/CInlineFilter.php(59): CController->filterAccessControl(Object(CFilterChain))
#4 /Applications/MAMP/htdocs/yii/yii-119/framework/web/filters/CFilterChain.php(131): CInlineFilter->filter(Object(CFilterChain))
#5 /Applications/MAMP/htdocs/yii/yii-119/framework/web/CController.php(292): CFilterChain->run()
#6 /Applications/MAMP/htdocs/yii/yii-119/framework/web/CController.php(266): CController->runActionWithFilters(Object(CInlineAction), Array)
#7 /Applications/MAMP/htdocs/yii/yii-119/framework/web/CWebApplication.php(276): CController->run('')
#8 /Applications/MAMP/htdocs/yii/yii-119/framework/web/CWebApplication.php(135): CWebApplication->runController('tools')
#9 /Applications/MAMP/htdocs/yii/yii-119/framework/base/CApplication.php(162): CWebApplication->processRequest()
#10 /Applications/MAMP/htdocs/projects/avaliacao/www/index.php(12): CApplication->run()
#11 {main}
REQUEST_URI=/projects/avaliacao/www/index.php?r=tools
---
2012/02/10 16:39:02 [error] [exception.CHttpException.403] exception 'CHttpException' with message 'You are not authorized to perform this action.' in /Applications/MAMP/htdocs/yii/yii-119/framework/web/auth/CAccessControlFilter.php:157
Stack trace:
#0 /Applications/MAMP/htdocs/yii/yii-119/framework/web/auth/CAccessControlFilter.php(120): CAccessControlFilter->accessDenied(Object(CWebUser), 'You are not aut...')
#1 /Applications/MAMP/htdocs/yii/yii-119/framework/web/filters/CFilter.php(39): CAccessControlFilter->preFilter(Object(CFilterChain))
#2 /Applications/MAMP/htdocs/yii/yii-119/framework/web/CController.php(1146): CFilter->filter(Object(CFilterChain))
#3 /Applications/MAMP/htdocs/yii/yii-119/framework/web/filters/CInlineFilter.php(59): CController->filterAccessControl(Object(CFilterChain))
#4 /Applications/MAMP/htdocs/yii/yii-119/framework/web/filters/CFilterChain.php(131): CInlineFilter->filter(Object(CFilterChain))
#5 /Applications/MAMP/htdocs/yii/yii-119/framework/web/CController.php(292): CFilterChain->run()
#6 /Applications/MAMP/htdocs/yii/yii-119/framework/web/CController.php(266): CController->runActionWithFilters(Object(CInlineAction), Array)
#7 /Applications/MAMP/htdocs/yii/yii-119/framework/web/CWebApplication.php(276): CController->run('admin')
#8 /Applications/MAMP/htdocs/yii/yii-119/framework/web/CWebApplication.php(135): CWebApplication->runController('user/admin')
#9 /Applications/MAMP/htdocs/yii/yii-119/framework/base/CApplication.php(162): CWebApplication->processRequest()
#10 /Applications/MAMP/htdocs/projects/avaliacao/www/index.php(12): CApplication->run()
#11 {main}
REQUEST_URI=/projects/avaliacao/www/index.php?r=user/admin
HTTP_REFERER=http://localhost/projects/avaliacao/www/index.php?r=user
---
2012/02/10 16:39:36 [error] [exception.CHttpException.404] exception 'CHttpException' with message 'The system is unable to find the requested action "log-out".' in /Applications/MAMP/htdocs/yii/yii-119/framework/web/CController.php:484
Stack trace:
#0 /Applications/MAMP/htdocs/yii/yii-119/framework/web/CController.php(271): CController->missingAction('log-out')
#1 /Applications/MAMP/htdocs/yii/yii-119/framework/web/CWebApplication.php(276): CController->run('log-out')
#2 /Applications/MAMP/htdocs/yii/yii-119/framework/web/CWebApplication.php(135): CWebApplication->runController('site/log-out')
#3 /Applications/MAMP/htdocs/yii/yii-119/framework/base/CApplication.php(162): CWebApplication->processRequest()
#4 /Applications/MAMP/htdocs/projects/avaliacao/www/index.php(12): CApplication->run()
#5 {main}
REQUEST_URI=/projects/avaliacao/www/index.php?r=site/log-out
---
2012/02/10 16:58:15 [error] [php] Invalid argument supplied for foreach() (/Applications/MAMP/htdocs/projects/avaliacao/protected/controllers/ToolsController.php:37)
Stack trace:
#0 /Applications/MAMP/htdocs/yii/yii-119/framework/web/filters/CFilterChain.php(134): ToolsController->runAction()
#1 /Applications/MAMP/htdocs/yii/yii-119/framework/web/filters/CFilter.php(41): CFilterChain->run()
#2 /Applications/MAMP/htdocs/yii/yii-119/framework/web/CController.php(1146): CAccessControlFilter->filter()
#3 /Applications/MAMP/htdocs/yii/yii-119/framework/web/filters/CInlineFilter.php(59): ToolsController->filterAccessControl()
#4 /Applications/MAMP/htdocs/yii/yii-119/framework/web/filters/CFilterChain.php(131): CInlineFilter->filter()
#5 /Applications/MAMP/htdocs/yii/yii-119/framework/web/CController.php(292): CFilterChain->run()
#6 /Applications/MAMP/htdocs/yii/yii-119/framework/web/CController.php(266): ToolsController->runActionWithFilters()
#7 /Applications/MAMP/htdocs/yii/yii-119/framework/web/CWebApplication.php(276): ToolsController->run()
#8 /Applications/MAMP/htdocs/yii/yii-119/framework/web/CWebApplication.php(135): CWebApplication->runController()
#9 /Applications/MAMP/htdocs/yii/yii-119/framework/base/CApplication.php(162): CWebApplication->processRequest()
#10 /Applications/MAMP/htdocs/projects/avaliacao/www/index.php(12): CWebApplication->run()
REQUEST_URI=/projects/avaliacao/www/index.php?r=tools
in /Applications/MAMP/htdocs/projects/avaliacao/protected/controllers/ToolsController.php (37)
in /Applications/MAMP/htdocs/projects/avaliacao/www/index.php (12)
2012/02/10 16:58:24 [error] [php] fread() expects exactly 2 parameters, 1 given (/Applications/MAMP/htdocs/projects/avaliacao/protected/controllers/ToolsController.php:35)
Stack trace:
#0 /Applications/MAMP/htdocs/yii/yii-119/framework/web/CController.php(309): CInlineAction->runWithParams()
#1 /Applications/MAMP/htdocs/yii/yii-119/framework/web/filters/CFilterChain.php(134): ToolsController->runAction()
#2 /Applications/MAMP/htdocs/yii/yii-119/framework/web/filters/CFilter.php(41): CFilterChain->run()
#3 /Applications/MAMP/htdocs/yii/yii-119/framework/web/CController.php(1146): CAccessControlFilter->filter()
#4 /Applications/MAMP/htdocs/yii/yii-119/framework/web/filters/CInlineFilter.php(59): ToolsController->filterAccessControl()
#5 /Applications/MAMP/htdocs/yii/yii-119/framework/web/filters/CFilterChain.php(131): CInlineFilter->filter()
#6 /Applications/MAMP/htdocs/yii/yii-119/framework/web/CController.php(292): CFilterChain->run()
#7 /Applications/MAMP/htdocs/yii/yii-119/framework/web/CController.php(266): ToolsController->runActionWithFilters()
#8 /Applications/MAMP/htdocs/yii/yii-119/framework/web/CWebApplication.php(276): ToolsController->run()
#9 /Applications/MAMP/htdocs/yii/yii-119/framework/web/CWebApplication.php(135): CWebApplication->runController()
#10 /Applications/MAMP/htdocs/yii/yii-119/framework/base/CApplication.php(162): CWebApplication->processRequest()
#11 /Applications/MAMP/htdocs/projects/avaliacao/www/index.php(12): CWebApplication->run()
REQUEST_URI=/projects/avaliacao/www/index.php?r=tools
in /Applications/MAMP/htdocs/projects/avaliacao/protected/controllers/ToolsController.php (35)
in /Applications/MAMP/htdocs/projects/avaliacao/www/index.php (12)
2012/02/10 17:07:58 [error] [php] Undefined variable: filename (/Applications/MAMP/htdocs/projects/avaliacao/protected/controllers/ToolsController.php:36)
Stack trace:
#0 /Applications/MAMP/htdocs/yii/yii-119/framework/web/filters/CFilterChain.php(134): ToolsController->runAction()
#1 /Applications/MAMP/htdocs/yii/yii-119/framework/web/filters/CFilter.php(41): CFilterChain->run()
#2 /Applications/MAMP/htdocs/yii/yii-119/framework/web/CController.php(1146): CAccessControlFilter->filter()
#3 /Applications/MAMP/htdocs/yii/yii-119/framework/web/filters/CInlineFilter.php(59): ToolsController->filterAccessControl()
#4 /Applications/MAMP/htdocs/yii/yii-119/framework/web/filters/CFilterChain.php(131): CInlineFilter->filter()
#5 /Applications/MAMP/htdocs/yii/yii-119/framework/web/CController.php(292): CFilterChain->run()
#6 /Applications/MAMP/htdocs/yii/yii-119/framework/web/CController.php(266): ToolsController->runActionWithFilters()
#7 /Applications/MAMP/htdocs/yii/yii-119/framework/web/CWebApplication.php(276): ToolsController->run()
#8 /Applications/MAMP/htdocs/yii/yii-119/framework/web/CWebApplication.php(135): CWebApplication->runController()
#9 /Applications/MAMP/htdocs/yii/yii-119/framework/base/CApplication.php(162): CWebApplication->processRequest()
#10 /Applications/MAMP/htdocs/projects/avaliacao/www/index.php(12): CWebApplication->run()
REQUEST_URI=/projects/avaliacao/www/index.php?r=tools
in /Applications/MAMP/htdocs/projects/avaliacao/protected/controllers/ToolsController.php (36)
in /Applications/MAMP/htdocs/projects/avaliacao/www/index.php (12)
2012/02/10 17:08:05 [error] [php] fread() expects parameter 1 to be resource, string given (/Applications/MAMP/htdocs/projects/avaliacao/protected/controllers/ToolsController.php:36)
Stack trace:
#0 /Applications/MAMP/htdocs/yii/yii-119/framework/web/CController.php(309): CInlineAction->runWithParams()
#1 /Applications/MAMP/htdocs/yii/yii-119/framework/web/filters/CFilterChain.php(134): ToolsController->runAction()
#2 /Applications/MAMP/htdocs/yii/yii-119/framework/web/filters/CFilter.php(41): CFilterChain->run()
#3 /Applications/MAMP/htdocs/yii/yii-119/framework/web/CController.php(1146): CAccessControlFilter->filter()
#4 /Applications/MAMP/htdocs/yii/yii-119/framework/web/filters/CInlineFilter.php(59): ToolsController->filterAccessControl()
#5 /Applications/MAMP/htdocs/yii/yii-119/framework/web/filters/CFilterChain.php(131): CInlineFilter->filter()
#6 /Applications/MAMP/htdocs/yii/yii-119/framework/web/CController.php(292): CFilterChain->run()
#7 /Applications/MAMP/htdocs/yii/yii-119/framework/web/CController.php(266): ToolsController->runActionWithFilters()
#8 /Applications/MAMP/htdocs/yii/yii-119/framework/web/CWebApplication.php(276): ToolsController->run()
#9 /Applications/MAMP/htdocs/yii/yii-119/framework/web/CWebApplication.php(135): CWebApplication->runController()
#10 /Applications/MAMP/htdocs/yii/yii-119/framework/base/CApplication.php(162): CWebApplication->processRequest()
#11 /Applications/MAMP/htdocs/projects/avaliacao/www/index.php(12): CWebApplication->run()
REQUEST_URI=/projects/avaliacao/www/index.php?r=tools
in /Applications/MAMP/htdocs/projects/avaliacao/protected/controllers/ToolsController.php (36)
in /Applications/MAMP/htdocs/projects/avaliacao/www/index.php (12)
2012/02/10 17:08:49 [error] [php] Invalid argument supplied for foreach() (/Applications/MAMP/htdocs/projects/avaliacao/protected/controllers/ToolsController.php:39)
Stack trace:
#0 /Applications/MAMP/htdocs/yii/yii-119/framework/web/filters/CFilterChain.php(134): ToolsController->runAction()
#1 /Applications/MAMP/htdocs/yii/yii-119/framework/web/filters/CFilter.php(41): CFilterChain->run()
#2 /Applications/MAMP/htdocs/yii/yii-119/framework/web/CController.php(1146): CAccessControlFilter->filter()
#3 /Applications/MAMP/htdocs/yii/yii-119/framework/web/filters/CInlineFilter.php(59): ToolsController->filterAccessControl()
#4 /Applications/MAMP/htdocs/yii/yii-119/framework/web/filters/CFilterChain.php(131): CInlineFilter->filter()
#5 /Applications/MAMP/htdocs/yii/yii-119/framework/web/CController.php(292): CFilterChain->run()
#6 /Applications/MAMP/htdocs/yii/yii-119/framework/web/CController.php(266): ToolsController->runActionWithFilters()
#7 /Applications/MAMP/htdocs/yii/yii-119/framework/web/CWebApplication.php(276): ToolsController->run()
#8 /Applications/MAMP/htdocs/yii/yii-119/framework/web/CWebApplication.php(135): CWebApplication->runController()
#9 /Applications/MAMP/htdocs/yii/yii-119/framework/base/CApplication.php(162): CWebApplication->processRequest()
#10 /Applications/MAMP/htdocs/projects/avaliacao/www/index.php(12): CWebApplication->run()
REQUEST_URI=/projects/avaliacao/www/index.php?r=tools
in /Applications/MAMP/htdocs/projects/avaliacao/protected/controllers/ToolsController.php (39)
in /Applications/MAMP/htdocs/projects/avaliacao/www/index.php (12)
2012/02/10 18:02:21 [error] [php] include(Stuff.php) [<a href='function.include'>function.include</a>]: failed to open stream: No such file or directory (/Applications/MAMP/htdocs/yii/yii-119/framework/YiiBase.php:418)
Stack trace:
#0 /Applications/MAMP/htdocs/projects/avaliacao/protected/controllers/ToolsController.php(45): spl_autoload_call()
#1 /Applications/MAMP/htdocs/yii/yii-119/framework/web/actions/CInlineAction.php(50): ToolsController->actionIndex()
#2 /Applications/MAMP/htdocs/yii/yii-119/framework/web/CController.php(309): CInlineAction->runWithParams()
#3 /Applications/MAMP/htdocs/yii/yii-119/framework/web/filters/CFilterChain.php(134): ToolsController->runAction()
#4 /Applications/MAMP/htdocs/yii/yii-119/framework/web/filters/CFilter.php(41): CFilterChain->run()
#5 /Applications/MAMP/htdocs/yii/yii-119/framework/web/CController.php(1146): CAccessControlFilter->filter()
#6 /Applications/MAMP/htdocs/yii/yii-119/framework/web/filters/CInlineFilter.php(59): ToolsController->filterAccessControl()
#7 /Applications/MAMP/htdocs/yii/yii-119/framework/web/filters/CFilterChain.php(131): CInlineFilter->filter()
#8 /Applications/MAMP/htdocs/yii/yii-119/framework/web/CController.php(292): CFilterChain->run()
#9 /Applications/MAMP/htdocs/yii/yii-119/framework/web/CController.php(266): ToolsController->runActionWithFilters()
#10 /Applications/MAMP/htdocs/yii/yii-119/framework/web/CWebApplication.php(276): ToolsController->run()
#11 /Applications/MAMP/htdocs/yii/yii-119/framework/web/CWebApplication.php(135): CWebApplication->runController()
#12 /Applications/MAMP/htdocs/yii/yii-119/framework/base/CApplication.php(162): CWebApplication->processRequest()
#13 /Applications/MAMP/htdocs/projects/avaliacao/www/index.php(12): CWebApplication->run()
REQUEST_URI=/projects/avaliacao/www/index.php?r=tools
in /Applications/MAMP/htdocs/projects/avaliacao/protected/controllers/ToolsController.php (45)
in /Applications/MAMP/htdocs/projects/avaliacao/www/index.php (12)
2012/02/10 18:02:37 [error] [exception.CHttpException.404] exception 'CHttpException' with message 'Unable to resolve the request "gii/admin".' in /Applications/MAMP/htdocs/yii/yii-119/framework/web/CWebApplication.php:280
Stack trace:
#0 /Applications/MAMP/htdocs/yii/yii-119/framework/web/CWebApplication.php(135): CWebApplication->runController('gii/admin')
#1 /Applications/MAMP/htdocs/yii/yii-119/framework/base/CApplication.php(162): CWebApplication->processRequest()
#2 /Applications/MAMP/htdocs/projects/avaliacao/www/index.php(12): CApplication->run()
#3 {main}
REQUEST_URI=/projects/avaliacao/www/index.php?r=gii/admin
---
2012/02/10 18:41:23 [error] [system.db.CDbCommand] CDbCommand::execute() failed: SQLSTATE[23000]: Integrity constraint violation: 1062 Duplicate entry '10' for key 'PRIMARY'. The SQL statement executed was: INSERT INTO `stuff_info` (`name`, `value`, `id`) VALUES (:yp0, :yp1, :yp2).
in /Applications/MAMP/htdocs/projects/avaliacao/protected/controllers/ToolsController.php (54)
in /Applications/MAMP/htdocs/projects/avaliacao/www/index.php (12)
2012/02/10 18:41:23 [error] [exception.CDbException] exception 'CDbException' with message 'CDbCommand failed to execute the SQL statement: SQLSTATE[23000]: Integrity constraint violation: 1062 Duplicate entry '10' for key 'PRIMARY'. The SQL statement executed was: INSERT INTO `stuff_info` (`name`, `value`, `id`) VALUES (:yp0, :yp1, :yp2)' in /Applications/MAMP/htdocs/yii/yii-119/framework/db/CDbCommand.php:354
Stack trace:
#0 /Applications/MAMP/htdocs/yii/yii-119/framework/db/ar/CActiveRecord.php(1014): CDbCommand->execute()
#1 /Applications/MAMP/htdocs/yii/yii-119/framework/db/ar/CActiveRecord.php(787): CActiveRecord->insert(NULL)
#2 /Applications/MAMP/htdocs/projects/avaliacao/protected/controllers/ToolsController.php(54): CActiveRecord->save()
#3 /Applications/MAMP/htdocs/yii/yii-119/framework/web/actions/CInlineAction.php(50): ToolsController->actionIndex()
#4 /Applications/MAMP/htdocs/yii/yii-119/framework/web/CController.php(309): CInlineAction->runWithParams(Array)
#5 /Applications/MAMP/htdocs/yii/yii-119/framework/web/filters/CFilterChain.php(134): CController->runAction(Object(CInlineAction))
#6 /Applications/MAMP/htdocs/yii/yii-119/framework/web/filters/CFilter.php(41): CFilterChain->run()
#7 /Applications/MAMP/htdocs/yii/yii-119/framework/web/CController.php(1146): CFilter->filter(Object(CFilterChain))
#8 /Applications/MAMP/htdocs/yii/yii-119/framework/web/filters/CInlineFilter.php(59): CController->filterAccessControl(Object(CFilterChain))
#9 /Applications/MAMP/htdocs/yii/yii-119/framework/web/filters/CFilterChain.php(131): CInlineFilter->filter(Object(CFilterChain))
#10 /Applications/MAMP/htdocs/yii/yii-119/framework/web/CController.php(292): CFilterChain->run()
#11 /Applications/MAMP/htdocs/yii/yii-119/framework/web/CController.php(266): CController->runActionWithFilters(Object(CInlineAction), Array)
#12 /Applications/MAMP/htdocs/yii/yii-119/framework/web/CWebApplication.php(276): CController->run('')
#13 /Applications/MAMP/htdocs/yii/yii-119/framework/web/CWebApplication.php(135): CWebApplication->runController('tools')
#14 /Applications/MAMP/htdocs/yii/yii-119/framework/base/CApplication.php(162): CWebApplication->processRequest()
#15 /Applications/MAMP/htdocs/projects/avaliacao/www/index.php(12): CApplication->run()
#16 {main}
REQUEST_URI=/projects/avaliacao/www/index.php?r=tools
---
2012/02/13 14:14:24 [error] [php] Undefined variable: findBank (/Applications/MAMP/htdocs/projects/avaliacao/protected/controllers/ToolsController.php:47)
Stack trace:
#0 /Applications/MAMP/htdocs/yii/yii-119/framework/web/filters/CFilterChain.php(134): ToolsController->runAction()
#1 /Applications/MAMP/htdocs/yii/yii-119/framework/web/filters/CFilter.php(41): CFilterChain->run()
#2 /Applications/MAMP/htdocs/yii/yii-119/framework/web/CController.php(1146): CAccessControlFilter->filter()
#3 /Applications/MAMP/htdocs/yii/yii-119/framework/web/filters/CInlineFilter.php(59): ToolsController->filterAccessControl()
#4 /Applications/MAMP/htdocs/yii/yii-119/framework/web/filters/CFilterChain.php(131): CInlineFilter->filter()
#5 /Applications/MAMP/htdocs/yii/yii-119/framework/web/CController.php(292): CFilterChain->run()
#6 /Applications/MAMP/htdocs/yii/yii-119/framework/web/CController.php(266): ToolsController->runActionWithFilters()
#7 /Applications/MAMP/htdocs/yii/yii-119/framework/web/CWebApplication.php(276): ToolsController->run()
#8 /Applications/MAMP/htdocs/yii/yii-119/framework/web/CWebApplication.php(135): CWebApplication->runController()
#9 /Applications/MAMP/htdocs/yii/yii-119/framework/base/CApplication.php(162): CWebApplication->processRequest()
#10 /Applications/MAMP/htdocs/projects/avaliacao/www/index.php(12): CWebApplication->run()
REQUEST_URI=/projects/avaliacao/www/index.php?r=tools
in /Applications/MAMP/htdocs/projects/avaliacao/protected/controllers/ToolsController.php (47)
in /Applications/MAMP/htdocs/projects/avaliacao/www/index.php (12)
2012/02/13 14:32:22 [error] [php] Use of undefined constant DESC_CODE - assumed 'DESC_CODE' (/Applications/MAMP/htdocs/projects/avaliacao/protected/controllers/ToolsController.php:47)
Stack trace:
#0 /Applications/MAMP/htdocs/yii/yii-119/framework/web/filters/CFilterChain.php(134): ToolsController->runAction()
#1 /Applications/MAMP/htdocs/yii/yii-119/framework/web/filters/CFilter.php(41): CFilterChain->run()
#2 /Applications/MAMP/htdocs/yii/yii-119/framework/web/CController.php(1146): CAccessControlFilter->filter()
#3 /Applications/MAMP/htdocs/yii/yii-119/framework/web/filters/CInlineFilter.php(59): ToolsController->filterAccessControl()
#4 /Applications/MAMP/htdocs/yii/yii-119/framework/web/filters/CFilterChain.php(131): CInlineFilter->filter()
#5 /Applications/MAMP/htdocs/yii/yii-119/framework/web/CController.php(292): CFilterChain->run()
#6 /Applications/MAMP/htdocs/yii/yii-119/framework/web/CController.php(266): ToolsController->runActionWithFilters()
#7 /Applications/MAMP/htdocs/yii/yii-119/framework/web/CWebApplication.php(276): ToolsController->run()
#8 /Applications/MAMP/htdocs/yii/yii-119/framework/web/CWebApplication.php(135): CWebApplication->runController()
#9 /Applications/MAMP/htdocs/yii/yii-119/framework/base/CApplication.php(162): CWebApplication->processRequest()
#10 /Applications/MAMP/htdocs/projects/avaliacao/www/index.php(12): CWebApplication->run()
REQUEST_URI=/projects/avaliacao/www/?r=tools
in /Applications/MAMP/htdocs/projects/avaliacao/protected/controllers/ToolsController.php (47)
in /Applications/MAMP/htdocs/projects/avaliacao/www/index.php (12)
2012/02/13 14:34:35 [error] [system.db.CDbCommand] CDbCommand::fetch() failed: SQLSTATE[42S22]: Column not found: 1054 Unknown column 'Codigo' in 'where clause'. The SQL statement executed was: SELECT * FROM `stuff_info` `t` WHERE Codigo=:codigo LIMIT 1.
in /Applications/MAMP/htdocs/projects/avaliacao/protected/controllers/ToolsController.php (47)
in /Applications/MAMP/htdocs/projects/avaliacao/www/index.php (12)
2012/02/13 14:34:35 [error] [exception.CDbException] exception 'CDbException' with message 'CDbCommand failed to execute the SQL statement: SQLSTATE[42S22]: Column not found: 1054 Unknown column 'Codigo' in 'where clause'. The SQL statement executed was: SELECT * FROM `stuff_info` `t` WHERE Codigo=:codigo LIMIT 1' in /Applications/MAMP/htdocs/yii/yii-119/framework/db/CDbCommand.php:528
Stack trace:
#0 /Applications/MAMP/htdocs/yii/yii-119/framework/db/CDbCommand.php(408): CDbCommand->queryInternal('fetch', Array, Array)
#1 /Applications/MAMP/htdocs/yii/yii-119/framework/db/ar/CActiveRecord.php(1287): CDbCommand->queryRow()
#2 /Applications/MAMP/htdocs/yii/yii-119/framework/db/ar/CActiveRecord.php(1392): CActiveRecord->query(Object(CDbCriteria))
#3 /Applications/MAMP/htdocs/projects/avaliacao/protected/controllers/ToolsController.php(47): CActiveRecord->find('Codigo=:codigo', Array)
#4 /Applications/MAMP/htdocs/yii/yii-119/framework/web/actions/CInlineAction.php(50): ToolsController->actionIndex()
#5 /Applications/MAMP/htdocs/yii/yii-119/framework/web/CController.php(309): CInlineAction->runWithParams(Array)
#6 /Applications/MAMP/htdocs/yii/yii-119/framework/web/filters/CFilterChain.php(134): CController->runAction(Object(CInlineAction))
#7 /Applications/MAMP/htdocs/yii/yii-119/framework/web/filters/CFilter.php(41): CFilterChain->run()
#8 /Applications/MAMP/htdocs/yii/yii-119/framework/web/CController.php(1146): CFilter->filter(Object(CFilterChain))
#9 /Applications/MAMP/htdocs/yii/yii-119/framework/web/filters/CInlineFilter.php(59): CController->filterAccessControl(Object(CFilterChain))
#10 /Applications/MAMP/htdocs/yii/yii-119/framework/web/filters/CFilterChain.php(131): CInlineFilter->filter(Object(CFilterChain))
#11 /Applications/MAMP/htdocs/yii/yii-119/framework/web/CController.php(292): CFilterChain->run()
#12 /Applications/MAMP/htdocs/yii/yii-119/framework/web/CController.php(266): CController->runActionWithFilters(Object(CInlineAction), Array)
#13 /Applications/MAMP/htdocs/yii/yii-119/framework/web/CWebApplication.php(276): CController->run('')
#14 /Applications/MAMP/htdocs/yii/yii-119/framework/web/CWebApplication.php(135): CWebApplication->runController('tools')
#15 /Applications/MAMP/htdocs/yii/yii-119/framework/base/CApplication.php(162): CWebApplication->processRequest()
#16 /Applications/MAMP/htdocs/projects/avaliacao/www/index.php(12): CApplication->run()
#17 {main}
REQUEST_URI=/projects/avaliacao/www/?r=tools
---
2012/02/13 15:28:45 [error] [exception.CException] exception 'CException' with message 'Property "StuffInfo.name" is not defined.' in /Applications/MAMP/htdocs/yii/yii-119/framework/base/CComponent.php:174
Stack trace:
#0 /Applications/MAMP/htdocs/yii/yii-119/framework/db/ar/CActiveRecord.php(160): CComponent->__set('name', 1)
#1 /Applications/MAMP/htdocs/projects/avaliacao/protected/controllers/ToolsController.php(70): CActiveRecord->__set('name', 1)
#2 /Applications/MAMP/htdocs/projects/avaliacao/protected/controllers/ToolsController.php(59): ToolsController->_saveInfo(Object(Stuff), Array)
#3 /Applications/MAMP/htdocs/yii/yii-119/framework/web/actions/CInlineAction.php(50): ToolsController->actionIndex()
#4 /Applications/MAMP/htdocs/yii/yii-119/framework/web/CController.php(309): CInlineAction->runWithParams(Array)
#5 /Applications/MAMP/htdocs/yii/yii-119/framework/web/filters/CFilterChain.php(134): CController->runAction(Object(CInlineAction))
#6 /Applications/MAMP/htdocs/yii/yii-119/framework/web/filters/CFilter.php(41): CFilterChain->run()
#7 /Applications/MAMP/htdocs/yii/yii-119/framework/web/CController.php(1146): CFilter->filter(Object(CFilterChain))
#8 /Applications/MAMP/htdocs/yii/yii-119/framework/web/filters/CInlineFilter.php(59): CController->filterAccessControl(Object(CFilterChain))
#9 /Applications/MAMP/htdocs/yii/yii-119/framework/web/filters/CFilterChain.php(131): CInlineFilter->filter(Object(CFilterChain))
#10 /Applications/MAMP/htdocs/yii/yii-119/framework/web/CController.php(292): CFilterChain->run()
#11 /Applications/MAMP/htdocs/yii/yii-119/framework/web/CController.php(266): CController->runActionWithFilters(Object(CInlineAction), Array)
#12 /Applications/MAMP/htdocs/yii/yii-119/framework/web/CWebApplication.php(276): CController->run('')
#13 /Applications/MAMP/htdocs/yii/yii-119/framework/web/CWebApplication.php(135): CWebApplication->runController('tools')
#14 /Applications/MAMP/htdocs/yii/yii-119/framework/base/CApplication.php(162): CWebApplication->processRequest()
#15 /Applications/MAMP/htdocs/projects/avaliacao/www/index.php(12): CApplication->run()
#16 {main}
REQUEST_URI=/projects/avaliacao/www/?r=tools
---
2012/02/17 15:01:43 [error] [php] include(Facebook.php) [<a href='function.include'>function.include</a>]: failed to open stream: No such file or directory (/Applications/MAMP/htdocs/yii/yii-119/framework/YiiBase.php:418)
Stack trace:
#0 /Applications/MAMP/htdocs/projects/avaliacao/protected/controllers/SiteController.php(33): spl_autoload_call()
#1 /Applications/MAMP/htdocs/yii/yii-119/framework/web/actions/CInlineAction.php(50): SiteController->actionIndex()
#2 /Applications/MAMP/htdocs/yii/yii-119/framework/web/CController.php(309): CInlineAction->runWithParams()
#3 /Applications/MAMP/htdocs/yii/yii-119/framework/web/CController.php(287): SiteController->runAction()
#4 /Applications/MAMP/htdocs/yii/yii-119/framework/web/CController.php(266): SiteController->runActionWithFilters()
#5 /Applications/MAMP/htdocs/yii/yii-119/framework/web/CWebApplication.php(276): SiteController->run()
#6 /Applications/MAMP/htdocs/yii/yii-119/framework/web/CWebApplication.php(135): CWebApplication->runController()
#7 /Applications/MAMP/htdocs/yii/yii-119/framework/base/CApplication.php(162): CWebApplication->processRequest()
#8 /Applications/MAMP/htdocs/projects/avaliacao/www/index.php(12): CWebApplication->run()
REQUEST_URI=/
in /Applications/MAMP/htdocs/projects/avaliacao/protected/controllers/SiteController.php (33)
in /Applications/MAMP/htdocs/projects/avaliacao/www/index.php (12)
2012/02/17 15:02:44 [error] [php] include(Facebook.php) [<a href='function.include'>function.include</a>]: failed to open stream: No such file or directory (/Applications/MAMP/htdocs/yii/yii-119/framework/YiiBase.php:418)
Stack trace:
#0 /Applications/MAMP/htdocs/projects/avaliacao/protected/controllers/SiteController.php(33): spl_autoload_call()
#1 /Applications/MAMP/htdocs/yii/yii-119/framework/web/actions/CInlineAction.php(50): SiteController->actionIndex()
#2 /Applications/MAMP/htdocs/yii/yii-119/framework/web/CController.php(309): CInlineAction->runWithParams()
#3 /Applications/MAMP/htdocs/yii/yii-119/framework/web/CController.php(287): SiteController->runAction()
#4 /Applications/MAMP/htdocs/yii/yii-119/framework/web/CController.php(266): SiteController->runActionWithFilters()
#5 /Applications/MAMP/htdocs/yii/yii-119/framework/web/CWebApplication.php(276): SiteController->run()
#6 /Applications/MAMP/htdocs/yii/yii-119/framework/web/CWebApplication.php(135): CWebApplication->runController()
#7 /Applications/MAMP/htdocs/yii/yii-119/framework/base/CApplication.php(162): CWebApplication->processRequest()
#8 /Applications/MAMP/htdocs/projects/avaliacao/www/index.php(12): CWebApplication->run()
REQUEST_URI=/
in /Applications/MAMP/htdocs/projects/avaliacao/protected/controllers/SiteController.php (33)
in /Applications/MAMP/htdocs/projects/avaliacao/www/index.php (12)
2012/02/17 16:18:11 [error] [php] session_start() [<a href='function.session-start'>function.session-start</a>]: Cannot send session cache limiter - headers already sent (output started at /Applications/MAMP/htdocs/projects/avaliacao/protected/config/main.php:99) (/Applications/MAMP/htdocs/projects/avaliacao/protected/extensions/vendors/facebook-php-sdk/src/Facebook.php:37)
Stack trace:
#0 /Applications/MAMP/htdocs/yii/yii-119/framework/web/actions/CInlineAction.php(50): SiteController->actionIndex()
#1 /Applications/MAMP/htdocs/yii/yii-119/framework/web/CController.php(309): CInlineAction->runWithParams()
#2 /Applications/MAMP/htdocs/yii/yii-119/framework/web/CController.php(287): SiteController->runAction()
#3 /Applications/MAMP/htdocs/yii/yii-119/framework/web/CController.php(266): SiteController->runActionWithFilters()
#4 /Applications/MAMP/htdocs/yii/yii-119/framework/web/CWebApplication.php(276): SiteController->run()
#5 /Applications/MAMP/htdocs/yii/yii-119/framework/web/CWebApplication.php(135): CWebApplication->runController()
#6 /Applications/MAMP/htdocs/yii/yii-119/framework/base/CApplication.php(162): CWebApplication->processRequest()
#7 /Applications/MAMP/htdocs/projects/avaliacao/www/index.php(12): CWebApplication->run()
REQUEST_URI=/
in /Applications/MAMP/htdocs/projects/avaliacao/protected/extensions/vendors/facebook-php-sdk/src/Facebook.php (37)
in /Applications/MAMP/htdocs/projects/avaliacao/protected/controllers/SiteController.php (33)
in /Applications/MAMP/htdocs/projects/avaliacao/www/index.php (12)
2012/02/17 16:18:23 [error] [exception.CException] exception 'CException' with message 'Property "SiteController.user" is not defined.' in /Applications/MAMP/htdocs/yii/yii-119/framework/base/CComponent.php:131
Stack trace:
#0 /Applications/MAMP/htdocs/projects/avaliacao/protected/views/site/index.php(45): CComponent->__get('user')
#1 /Applications/MAMP/htdocs/yii/yii-119/framework/web/CBaseController.php(127): require('/Applications/M...')
#2 /Applications/MAMP/htdocs/yii/yii-119/framework/web/CBaseController.php(96): CBaseController->renderInternal('/Applications/M...', Array, true)
#3 /Applications/MAMP/htdocs/yii/yii-119/framework/web/CController.php(870): CBaseController->renderFile('/Applications/M...', Array, true)
#4 /Applications/MAMP/htdocs/yii/yii-119/framework/web/CController.php(783): CController->renderPartial('index', Array, true)
#5 /Applications/MAMP/htdocs/projects/avaliacao/protected/controllers/SiteController.php(36): CController->render('index', Array)
#6 /Applications/MAMP/htdocs/yii/yii-119/framework/web/actions/CInlineAction.php(50): SiteController->actionIndex()
#7 /Applications/MAMP/htdocs/yii/yii-119/framework/web/CController.php(309): CInlineAction->runWithParams(Array)
#8 /Applications/MAMP/htdocs/yii/yii-119/framework/web/CController.php(287): CController->runAction(Object(CInlineAction))
#9 /Applications/MAMP/htdocs/yii/yii-119/framework/web/CController.php(266): CController->runActionWithFilters(Object(CInlineAction), Array)
#10 /Applications/MAMP/htdocs/yii/yii-119/framework/web/CWebApplication.php(276): CController->run('')
#11 /Applications/MAMP/htdocs/yii/yii-119/framework/web/CWebApplication.php(135): CWebApplication->runController('')
#12 /Applications/MAMP/htdocs/yii/yii-119/framework/base/CApplication.php(162): CWebApplication->processRequest()
#13 /Applications/MAMP/htdocs/projects/avaliacao/www/index.php(12): CApplication->run()
#14 {main}
REQUEST_URI=/
---
2012/02/17 16:40:42 [error] [exception.CException] exception 'CException' with message 'Property "SiteController.facebook" is not defined.' in /Applications/MAMP/htdocs/yii/yii-119/framework/base/CComponent.php:131
Stack trace:
#0 /Applications/MAMP/htdocs/projects/avaliacao/protected/controllers/SiteController.php(37): CComponent->__get('facebook')
#1 /Applications/MAMP/htdocs/yii/yii-119/framework/web/actions/CInlineAction.php(50): SiteController->actionIndex()
#2 /Applications/MAMP/htdocs/yii/yii-119/framework/web/CController.php(309): CInlineAction->runWithParams(Array)
#3 /Applications/MAMP/htdocs/yii/yii-119/framework/web/CController.php(287): CController->runAction(Object(CInlineAction))
#4 /Applications/MAMP/htdocs/yii/yii-119/framework/web/CController.php(266): CController->runActionWithFilters(Object(CInlineAction), Array)
#5 /Applications/MAMP/htdocs/yii/yii-119/framework/web/CWebApplication.php(276): CController->run('')
#6 /Applications/MAMP/htdocs/yii/yii-119/framework/web/CWebApplication.php(135): CWebApplication->runController('')
#7 /Applications/MAMP/htdocs/yii/yii-119/framework/base/CApplication.php(162): CWebApplication->processRequest()
#8 /Applications/MAMP/htdocs/projects/avaliacao/www/index.php(12): CApplication->run()
#9 {main}
REQUEST_URI=/?code=AQCchXUbzWpswEgc9LtIP3k-B-DO4pcivUQe_N7dU-XxmU4OAt9DZ9o0PNM5PcfmH1B_dUCjGYAPP6YboRIpaVRVA0CYZPm_sdEREHIxfLXLHy_DitBMJ-XYBNhRQ7fD9c4FEySZkqWAOjxohjtqTrcW75eCQzil_MJa_Bm588O1dIgc8HUJgXYupnRmV1zqcq8
HTTP_REFERER=http://avaliacao.dev/
---
2012/02/18 21:29:32 [error] [exception.FacebookApiException] OAuthException: An active access token must be used to query information about the current user.
REQUEST_URI=/?code=AQCchXUbzWpswEgc9LtIP3k-B-DO4pcivUQe_N7dU-XxmU4OAt9DZ9o0PNM5PcfmH1B_dUCjGYAPP6YboRIpaVRVA0CYZPm_sdEREHIxfLXLHy_DitBMJ-XYBNhRQ7fD9c4FEySZkqWAOjxohjtqTrcW75eCQzil_MJa_Bm588O1dIgc8HUJgXYupnRmV1zqcq8
HTTP_REFERER=http://avaliacao.dev/
---
2012/02/22 13:50:07 [error] [exception.FacebookApiException] OAuthException: An active access token must be used to query information about the current user.
REQUEST_URI=/?code=AQCchXUbzWpswEgc9LtIP3k-B-DO4pcivUQe_N7dU-XxmU4OAt9DZ9o0PNM5PcfmH1B_dUCjGYAPP6YboRIpaVRVA0CYZPm_sdEREHIxfLXLHy_DitBMJ-XYBNhRQ7fD9c4FEySZkqWAOjxohjtqTrcW75eCQzil_MJa_Bm588O1dIgc8HUJgXYupnRmV1zqcq8
HTTP_REFERER=http://avaliacao.dev/
---
2012/02/22 17:43:05 [error] [php] Undefined variable: _SESSION (/Applications/MAMP/htdocs/projects/avaliacao/protected/components/UserIdentity.php:32)
Stack trace:
#0 /Applications/MAMP/htdocs/yii/yii-119/framework/web/CController.php(309): CInlineAction->runWithParams()
#1 /Applications/MAMP/htdocs/yii/yii-119/framework/web/CController.php(287): SiteController->runAction()
#2 /Applications/MAMP/htdocs/yii/yii-119/framework/web/CController.php(266): SiteController->runActionWithFilters()
#3 /Applications/MAMP/htdocs/yii/yii-119/framework/web/CWebApplication.php(276): SiteController->run()
#4 /Applications/MAMP/htdocs/yii/yii-119/framework/web/CWebApplication.php(135): CWebApplication->runController()
#5 /Applications/MAMP/htdocs/yii/yii-119/framework/base/CApplication.php(162): CWebApplication->processRequest()
#6 /Applications/MAMP/htdocs/projects/avaliacao/www/index.php(12): CWebApplication->run()
REQUEST_URI=/?code=AQCchXUbzWpswEgc9LtIP3k-B-DO4pcivUQe_N7dU-XxmU4OAt9DZ9o0PNM5PcfmH1B_dUCjGYAPP6YboRIpaVRVA0CYZPm_sdEREHIxfLXLHy_DitBMJ-XYBNhRQ7fD9c4FEySZkqWAOjxohjtqTrcW75eCQzil_MJa_Bm588O1dIgc8HUJgXYupnRmV1zqcq8
in /Applications/MAMP/htdocs/projects/avaliacao/protected/components/UserIdentity.php (32)
in /Applications/MAMP/htdocs/projects/avaliacao/protected/controllers/SiteController.php (30)
in /Applications/MAMP/htdocs/projects/avaliacao/www/index.php (12)
2012/02/22 17:55:48 [error] [php] Undefined variable: _SESSION (/Applications/MAMP/htdocs/projects/avaliacao/protected/components/UserIdentity.php:32)
Stack trace:
#0 /Applications/MAMP/htdocs/yii/yii-119/framework/web/CController.php(309): CInlineAction->runWithParams()
#1 /Applications/MAMP/htdocs/yii/yii-119/framework/web/CController.php(287): SiteController->runAction()
#2 /Applications/MAMP/htdocs/yii/yii-119/framework/web/CController.php(266): SiteController->runActionWithFilters()
#3 /Applications/MAMP/htdocs/yii/yii-119/framework/web/CWebApplication.php(276): SiteController->run()
#4 /Applications/MAMP/htdocs/yii/yii-119/framework/web/CWebApplication.php(135): CWebApplication->runController()
#5 /Applications/MAMP/htdocs/yii/yii-119/framework/base/CApplication.php(162): CWebApplication->processRequest()
#6 /Applications/MAMP/htdocs/projects/avaliacao/www/index.php(12): CWebApplication->run()
REQUEST_URI=/?code=AQCchXUbzWpswEgc9LtIP3k-B-DO4pcivUQe_N7dU-XxmU4OAt9DZ9o0PNM5PcfmH1B_dUCjGYAPP6YboRIpaVRVA0CYZPm_sdEREHIxfLXLHy_DitBMJ-XYBNhRQ7fD9c4FEySZkqWAOjxohjtqTrcW75eCQzil_MJa_Bm588O1dIgc8HUJgXYupnRmV1zqcq8
in /Applications/MAMP/htdocs/projects/avaliacao/protected/components/UserIdentity.php (32)
in /Applications/MAMP/htdocs/projects/avaliacao/protected/controllers/SiteController.php (30)
in /Applications/MAMP/htdocs/projects/avaliacao/www/index.php (12)
2012/02/23 00:39:49 [error] [exception.CException] exception 'CException' with message 'Property "SiteController.username" is not defined.' in /Applications/MAMP/htdocs/yii/yii-119/framework/base/CComponent.php:131
Stack trace:
#0 /Applications/MAMP/htdocs/yii/yii-119/framework/web/auth/CUserIdentity.php(69): CComponent->__get('username')
#1 /Applications/MAMP/htdocs/projects/avaliacao/protected/controllers/SiteController.php(32): CUserIdentity->getId()
#2 /Applications/MAMP/htdocs/yii/yii-119/framework/web/actions/CInlineAction.php(50): SiteController->actionIndex()
#3 /Applications/MAMP/htdocs/yii/yii-119/framework/web/CController.php(309): CInlineAction->runWithParams(Array)
#4 /Applications/MAMP/htdocs/yii/yii-119/framework/web/CController.php(287): CController->runAction(Object(CInlineAction))
#5 /Applications/MAMP/htdocs/yii/yii-119/framework/web/CController.php(266): CController->runActionWithFilters(Object(CInlineAction), Array)
#6 /Applications/MAMP/htdocs/yii/yii-119/framework/web/CWebApplication.php(276): CController->run('')
#7 /Applications/MAMP/htdocs/yii/yii-119/framework/web/CWebApplication.php(135): CWebApplication->runController('')
#8 /Applications/MAMP/htdocs/yii/yii-119/framework/base/CApplication.php(162): CWebApplication->processRequest()
#9 /Applications/MAMP/htdocs/projects/avaliacao/www/index.php(12): CApplication->run()
#10 {main}
REQUEST_URI=/?code=AQCchXUbzWpswEgc9LtIP3k-B-DO4pcivUQe_N7dU-XxmU4OAt9DZ9o0PNM5PcfmH1B_dUCjGYAPP6YboRIpaVRVA0CYZPm_sdEREHIxfLXLHy_DitBMJ-XYBNhRQ7fD9c4FEySZkqWAOjxohjtqTrcW75eCQzil_MJa_Bm588O1dIgc8HUJgXYupnRmV1zqcq8
HTTP_REFERER=http://avaliacao.dev/
---
2012/02/23 00:40:19 [error] [exception.CException] exception 'CException' with message 'Property "SiteController.username" is not defined.' in /Applications/MAMP/htdocs/yii/yii-119/framework/base/CComponent.php:131
Stack trace:
#0 /Applications/MAMP/htdocs/yii/yii-119/framework/web/auth/CUserIdentity.php(69): CComponent->__get('username')
#1 /Applications/MAMP/htdocs/projects/avaliacao/protected/controllers/SiteController.php(32): CUserIdentity->getId()
#2 /Applications/MAMP/htdocs/yii/yii-119/framework/web/actions/CInlineAction.php(50): SiteController->actionIndex()
#3 /Applications/MAMP/htdocs/yii/yii-119/framework/web/CController.php(309): CInlineAction->runWithParams(Array)
#4 /Applications/MAMP/htdocs/yii/yii-119/framework/web/CController.php(287): CController->runAction(Object(CInlineAction))
#5 /Applications/MAMP/htdocs/yii/yii-119/framework/web/CController.php(266): CController->runActionWithFilters(Object(CInlineAction), Array)
#6 /Applications/MAMP/htdocs/yii/yii-119/framework/web/CWebApplication.php(276): CController->run('')
#7 /Applications/MAMP/htdocs/yii/yii-119/framework/web/CWebApplication.php(135): CWebApplication->runController('')
#8 /Applications/MAMP/htdocs/yii/yii-119/framework/base/CApplication.php(162): CWebApplication->processRequest()
#9 /Applications/MAMP/htdocs/projects/avaliacao/www/index.php(12): CApplication->run()
#10 {main}
REQUEST_URI=/?code=AQCchXUbzWpswEgc9LtIP3k-B-DO4pcivUQe_N7dU-XxmU4OAt9DZ9o0PNM5PcfmH1B_dUCjGYAPP6YboRIpaVRVA0CYZPm_sdEREHIxfLXLHy_DitBMJ-XYBNhRQ7fD9c4FEySZkqWAOjxohjtqTrcW75eCQzil_MJa_Bm588O1dIgc8HUJgXYupnRmV1zqcq8
HTTP_REFERER=http://avaliacao.dev/
---
2012/02/23 00:41:25 [error] [exception.CException] exception 'CException' with message 'Property "SiteController.username" is not defined.' in /Applications/MAMP/htdocs/yii/yii-119/framework/base/CComponent.php:131
Stack trace:
#0 /Applications/MAMP/htdocs/yii/yii-119/framework/web/auth/CUserIdentity.php(69): CComponent->__get('username')
#1 /Applications/MAMP/htdocs/projects/avaliacao/protected/controllers/SiteController.php(33): CUserIdentity->getId()
#2 /Applications/MAMP/htdocs/yii/yii-119/framework/web/actions/CInlineAction.php(50): SiteController->actionIndex()
#3 /Applications/MAMP/htdocs/yii/yii-119/framework/web/CController.php(309): CInlineAction->runWithParams(Array)
#4 /Applications/MAMP/htdocs/yii/yii-119/framework/web/CController.php(287): CController->runAction(Object(CInlineAction))
#5 /Applications/MAMP/htdocs/yii/yii-119/framework/web/CController.php(266): CController->runActionWithFilters(Object(CInlineAction), Array)
#6 /Applications/MAMP/htdocs/yii/yii-119/framework/web/CWebApplication.php(276): CController->run('')
#7 /Applications/MAMP/htdocs/yii/yii-119/framework/web/CWebApplication.php(135): CWebApplication->runController('')
#8 /Applications/MAMP/htdocs/yii/yii-119/framework/base/CApplication.php(162): CWebApplication->processRequest()
#9 /Applications/MAMP/htdocs/projects/avaliacao/www/index.php(12): CApplication->run()
#10 {main}
REQUEST_URI=/?code=AQCchXUbzWpswEgc9LtIP3k-B-DO4pcivUQe_N7dU-XxmU4OAt9DZ9o0PNM5PcfmH1B_dUCjGYAPP6YboRIpaVRVA0CYZPm_sdEREHIxfLXLHy_DitBMJ-XYBNhRQ7fD9c4FEySZkqWAOjxohjtqTrcW75eCQzil_MJa_Bm588O1dIgc8HUJgXYupnRmV1zqcq8
HTTP_REFERER=http://avaliacao.dev/
---
2012/02/23 00:52:29 [error] [exception.CException] exception 'CException' with message 'Property "SiteController.username" is not defined.' in /Applications/MAMP/htdocs/yii/yii-119/framework/base/CComponent.php:131
Stack trace:
#0 /Applications/MAMP/htdocs/yii/yii-119/framework/web/auth/CUserIdentity.php(69): CComponent->__get('username')
#1 /Applications/MAMP/htdocs/projects/avaliacao/protected/controllers/SiteController.php(33): CUserIdentity->getId()
#2 /Applications/MAMP/htdocs/yii/yii-119/framework/web/actions/CInlineAction.php(50): SiteController->actionIndex()
#3 /Applications/MAMP/htdocs/yii/yii-119/framework/web/CController.php(309): CInlineAction->runWithParams(Array)
#4 /Applications/MAMP/htdocs/yii/yii-119/framework/web/CController.php(287): CController->runAction(Object(CInlineAction))
#5 /Applications/MAMP/htdocs/yii/yii-119/framework/web/CController.php(266): CController->runActionWithFilters(Object(CInlineAction), Array)
#6 /Applications/MAMP/htdocs/yii/yii-119/framework/web/CWebApplication.php(276): CController->run('')
#7 /Applications/MAMP/htdocs/yii/yii-119/framework/web/CWebApplication.php(135): CWebApplication->runController('')
#8 /Applications/MAMP/htdocs/yii/yii-119/framework/base/CApplication.php(162): CWebApplication->processRequest()
#9 /Applications/MAMP/htdocs/projects/avaliacao/www/index.php(12): CApplication->run()
#10 {main}
REQUEST_URI=/?code=AQCchXUbzWpswEgc9LtIP3k-B-DO4pcivUQe_N7dU-XxmU4OAt9DZ9o0PNM5PcfmH1B_dUCjGYAPP6YboRIpaVRVA0CYZPm_sdEREHIxfLXLHy_DitBMJ-XYBNhRQ7fD9c4FEySZkqWAOjxohjtqTrcW75eCQzil_MJa_Bm588O1dIgc8HUJgXYupnRmV1zqcq8
HTTP_REFERER=http://avaliacao.dev/
---
2012/02/23 11:19:01 [error] [exception.CException] exception 'CException' with message 'CWebUser and its behaviors do not have a method or closure named "isGuest".' in /Applications/MAMP/htdocs/yii/yii-119/framework/base/CComponent.php:266
Stack trace:
#0 /Applications/MAMP/htdocs/projects/avaliacao/protected/controllers/SiteController.php(31): CComponent->__call('isGuest', Array)
#1 /Applications/MAMP/htdocs/projects/avaliacao/protected/controllers/SiteController.php(31): CWebUser->isGuest()
#2 /Applications/MAMP/htdocs/yii/yii-119/framework/web/actions/CInlineAction.php(50): SiteController->actionIndex()
#3 /Applications/MAMP/htdocs/yii/yii-119/framework/web/CController.php(309): CInlineAction->runWithParams(Array)
#4 /Applications/MAMP/htdocs/yii/yii-119/framework/web/CController.php(287): CController->runAction(Object(CInlineAction))
#5 /Applications/MAMP/htdocs/yii/yii-119/framework/web/CController.php(266): CController->runActionWithFilters(Object(CInlineAction), Array)
#6 /Applications/MAMP/htdocs/yii/yii-119/framework/web/CWebApplication.php(276): CController->run('')
#7 /Applications/MAMP/htdocs/yii/yii-119/framework/web/CWebApplication.php(135): CWebApplication->runController('')
#8 /Applications/MAMP/htdocs/yii/yii-119/framework/base/CApplication.php(162): CWebApplication->processRequest()
#9 /Applications/MAMP/htdocs/projects/avaliacao/www/index.php(12): CApplication->run()
#10 {main}
REQUEST_URI=/?code=AQCchXUbzWpswEgc9LtIP3k-B-DO4pcivUQe_N7dU-XxmU4OAt9DZ9o0PNM5PcfmH1B_dUCjGYAPP6YboRIpaVRVA0CYZPm_sdEREHIxfLXLHy_DitBMJ-XYBNhRQ7fD9c4FEySZkqWAOjxohjtqTrcW75eCQzil_MJa_Bm588O1dIgc8HUJgXYupnRmV1zqcq8
HTTP_REFERER=http://avaliacao.dev/
---
2012/02/23 12:17:26 [error] [exception.CException] exception 'CException' with message 'Property "LoginForm.Lembrar sempre" is not defined.' in /Applications/MAMP/htdocs/yii/yii-119/framework/base/CComponent.php:131
Stack trace:
#0 /Applications/MAMP/htdocs/yii/yii-119/framework/web/helpers/CHtml.php(2044): CComponent->__get('Lembrar sempre')
#1 /Applications/MAMP/htdocs/yii/yii-119/framework/web/helpers/CHtml.php(1347): CHtml::resolveValue(Object(LoginForm), 'Lembrar sempre')
#2 /Applications/MAMP/htdocs/yii/yii-119/framework/web/widgets/CActiveForm.php(658): CHtml::activeCheckBox(Object(LoginForm), 'Lembrar sempre', Array)
#3 /Applications/MAMP/htdocs/projects/avaliacao/protected/views/site/login.php(34): CActiveForm->checkBox(Object(LoginForm), 'Lembrar sempre')
#4 /Applications/MAMP/htdocs/yii/yii-119/framework/web/CBaseController.php(127): require('/Applications/M...')
#5 /Applications/MAMP/htdocs/yii/yii-119/framework/web/CBaseController.php(96): CBaseController->renderInternal('/Applications/M...', Array, true)
#6 /Applications/MAMP/htdocs/yii/yii-119/framework/web/CController.php(870): CBaseController->renderFile('/Applications/M...', Array, true)
#7 /Applications/MAMP/htdocs/yii/yii-119/framework/web/CController.php(783): CController->renderPartial('login', Array, true)
#8 /Applications/MAMP/htdocs/projects/avaliacao/protected/controllers/SiteController.php(107): CController->render('login', Array)
#9 /Applications/MAMP/htdocs/yii/yii-119/framework/web/actions/CInlineAction.php(50): SiteController->actionLogin()
#10 /Applications/MAMP/htdocs/yii/yii-119/framework/web/CController.php(309): CInlineAction->runWithParams(Array)
#11 /Applications/MAMP/htdocs/yii/yii-119/framework/web/CController.php(287): CController->runAction(Object(CInlineAction))
#12 /Applications/MAMP/htdocs/yii/yii-119/framework/web/CController.php(266): CController->runActionWithFilters(Object(CInlineAction), Array)
#13 /Applications/MAMP/htdocs/yii/yii-119/framework/web/CWebApplication.php(276): CController->run('login')
#14 /Applications/MAMP/htdocs/yii/yii-119/framework/web/CWebApplication.php(135): CWebApplication->runController('site/login')
#15 /Applications/MAMP/htdocs/yii/yii-119/framework/base/CApplication.php(162): CWebApplication->processRequest()
#16 /Applications/MAMP/htdocs/projects/avaliacao/www/index.php(12): CApplication->run()
#17 {main}
REQUEST_URI=/?r=site/login
---
2012/02/23 12:17:35 [error] [exception.CException] exception 'CException' with message 'Property "LoginForm.Lembrar sempre:" is not defined.' in /Applications/MAMP/htdocs/yii/yii-119/framework/base/CComponent.php:131
Stack trace:
#0 /Applications/MAMP/htdocs/yii/yii-119/framework/web/helpers/CHtml.php(2044): CComponent->__get('Lembrar sempre:')
#1 /Applications/MAMP/htdocs/yii/yii-119/framework/web/helpers/CHtml.php(1347): CHtml::resolveValue(Object(LoginForm), 'Lembrar sempre:')
#2 /Applications/MAMP/htdocs/yii/yii-119/framework/web/widgets/CActiveForm.php(658): CHtml::activeCheckBox(Object(LoginForm), 'Lembrar sempre:', Array)
#3 /Applications/MAMP/htdocs/projects/avaliacao/protected/views/site/login.php(34): CActiveForm->checkBox(Object(LoginForm), 'Lembrar sempre:')
#4 /Applications/MAMP/htdocs/yii/yii-119/framework/web/CBaseController.php(127): require('/Applications/M...')
#5 /Applications/MAMP/htdocs/yii/yii-119/framework/web/CBaseController.php(96): CBaseController->renderInternal('/Applications/M...', Array, true)
#6 /Applications/MAMP/htdocs/yii/yii-119/framework/web/CController.php(870): CBaseController->renderFile('/Applications/M...', Array, true)
#7 /Applications/MAMP/htdocs/yii/yii-119/framework/web/CController.php(783): CController->renderPartial('login', Array, true)
#8 /Applications/MAMP/htdocs/projects/avaliacao/protected/controllers/SiteController.php(107): CController->render('login', Array)
#9 /Applications/MAMP/htdocs/yii/yii-119/framework/web/actions/CInlineAction.php(50): SiteController->actionLogin()
#10 /Applications/MAMP/htdocs/yii/yii-119/framework/web/CController.php(309): CInlineAction->runWithParams(Array)
#11 /Applications/MAMP/htdocs/yii/yii-119/framework/web/CController.php(287): CController->runAction(Object(CInlineAction))
#12 /Applications/MAMP/htdocs/yii/yii-119/framework/web/CController.php(266): CController->runActionWithFilters(Object(CInlineAction), Array)
#13 /Applications/MAMP/htdocs/yii/yii-119/framework/web/CWebApplication.php(276): CController->run('login')
#14 /Applications/MAMP/htdocs/yii/yii-119/framework/web/CWebApplication.php(135): CWebApplication->runController('site/login')
#15 /Applications/MAMP/htdocs/yii/yii-119/framework/base/CApplication.php(162): CWebApplication->processRequest()
#16 /Applications/MAMP/htdocs/projects/avaliacao/www/index.php(12): CApplication->run()
#17 {main}
REQUEST_URI=/?r=site/login
---
2012/02/23 12:17:46 [error] [exception.CException] exception 'CException' with message 'Property "LoginForm.Lembrarsempre:" is not defined.' in /Applications/MAMP/htdocs/yii/yii-119/framework/base/CComponent.php:131
Stack trace:
#0 /Applications/MAMP/htdocs/yii/yii-119/framework/web/helpers/CHtml.php(2044): CComponent->__get('Lembrarsempre:')
#1 /Applications/MAMP/htdocs/yii/yii-119/framework/web/helpers/CHtml.php(1347): CHtml::resolveValue(Object(LoginForm), 'Lembrarsempre:')
#2 /Applications/MAMP/htdocs/yii/yii-119/framework/web/widgets/CActiveForm.php(658): CHtml::activeCheckBox(Object(LoginForm), 'Lembrarsempre:', Array)
#3 /Applications/MAMP/htdocs/projects/avaliacao/protected/views/site/login.php(34): CActiveForm->checkBox(Object(LoginForm), 'Lembrarsempre:')
#4 /Applications/MAMP/htdocs/yii/yii-119/framework/web/CBaseController.php(127): require('/Applications/M...')
#5 /Applications/MAMP/htdocs/yii/yii-119/framework/web/CBaseController.php(96): CBaseController->renderInternal('/Applications/M...', Array, true)
#6 /Applications/MAMP/htdocs/yii/yii-119/framework/web/CController.php(870): CBaseController->renderFile('/Applications/M...', Array, true)
#7 /Applications/MAMP/htdocs/yii/yii-119/framework/web/CController.php(783): CController->renderPartial('login', Array, true)
#8 /Applications/MAMP/htdocs/projects/avaliacao/protected/controllers/SiteController.php(107): CController->render('login', Array)
#9 /Applications/MAMP/htdocs/yii/yii-119/framework/web/actions/CInlineAction.php(50): SiteController->actionLogin()
#10 /Applications/MAMP/htdocs/yii/yii-119/framework/web/CController.php(309): CInlineAction->runWithParams(Array)
#11 /Applications/MAMP/htdocs/yii/yii-119/framework/web/CController.php(287): CController->runAction(Object(CInlineAction))
#12 /Applications/MAMP/htdocs/yii/yii-119/framework/web/CController.php(266): CController->runActionWithFilters(Object(CInlineAction), Array)
#13 /Applications/MAMP/htdocs/yii/yii-119/framework/web/CWebApplication.php(276): CController->run('login')
#14 /Applications/MAMP/htdocs/yii/yii-119/framework/web/CWebApplication.php(135): CWebApplication->runController('site/login')
#15 /Applications/MAMP/htdocs/yii/yii-119/framework/base/CApplication.php(162): CWebApplication->processRequest()
#16 /Applications/MAMP/htdocs/projects/avaliacao/www/index.php(12): CApplication->run()
#17 {main}
REQUEST_URI=/?r=site/login
---
2012/02/23 12:17:52 [error] [exception.CException] exception 'CException' with message 'Property "LoginForm.lembrar" is not defined.' in /Applications/MAMP/htdocs/yii/yii-119/framework/base/CComponent.php:131
Stack trace:
#0 /Applications/MAMP/htdocs/yii/yii-119/framework/web/helpers/CHtml.php(2044): CComponent->__get('lembrar')
#1 /Applications/MAMP/htdocs/yii/yii-119/framework/web/helpers/CHtml.php(1347): CHtml::resolveValue(Object(LoginForm), 'lembrar')
#2 /Applications/MAMP/htdocs/yii/yii-119/framework/web/widgets/CActiveForm.php(658): CHtml::activeCheckBox(Object(LoginForm), 'lembrar', Array)
#3 /Applications/MAMP/htdocs/projects/avaliacao/protected/views/site/login.php(34): CActiveForm->checkBox(Object(LoginForm), 'lembrar')
#4 /Applications/MAMP/htdocs/yii/yii-119/framework/web/CBaseController.php(127): require('/Applications/M...')
#5 /Applications/MAMP/htdocs/yii/yii-119/framework/web/CBaseController.php(96): CBaseController->renderInternal('/Applications/M...', Array, true)
#6 /Applications/MAMP/htdocs/yii/yii-119/framework/web/CController.php(870): CBaseController->renderFile('/Applications/M...', Array, true)
#7 /Applications/MAMP/htdocs/yii/yii-119/framework/web/CController.php(783): CController->renderPartial('login', Array, true)
#8 /Applications/MAMP/htdocs/projects/avaliacao/protected/controllers/SiteController.php(107): CController->render('login', Array)
#9 /Applications/MAMP/htdocs/yii/yii-119/framework/web/actions/CInlineAction.php(50): SiteController->actionLogin()
#10 /Applications/MAMP/htdocs/yii/yii-119/framework/web/CController.php(309): CInlineAction->runWithParams(Array)
#11 /Applications/MAMP/htdocs/yii/yii-119/framework/web/CController.php(287): CController->runAction(Object(CInlineAction))
#12 /Applications/MAMP/htdocs/yii/yii-119/framework/web/CController.php(266): CController->runActionWithFilters(Object(CInlineAction), Array)
#13 /Applications/MAMP/htdocs/yii/yii-119/framework/web/CWebApplication.php(276): CController->run('login')
#14 /Applications/MAMP/htdocs/yii/yii-119/framework/web/CWebApplication.php(135): CWebApplication->runController('site/login')
#15 /Applications/MAMP/htdocs/yii/yii-119/framework/base/CApplication.php(162): CWebApplication->processRequest()
#16 /Applications/MAMP/htdocs/projects/avaliacao/www/index.php(12): CApplication->run()
#17 {main}
REQUEST_URI=/?r=site/login
---
2012/02/23 12:23:04 [error] [exception.CException] exception 'CException' with message 'Property "User.username" is not defined.' in /Applications/MAMP/htdocs/yii/yii-119/framework/base/CComponent.php:131
Stack trace:
#0 /Applications/MAMP/htdocs/yii/yii-119/framework/db/ar/CActiveRecord.php(144): CComponent->__get('username')
#1 /Applications/MAMP/htdocs/projects/avaliacao/protected/components/UserIdentity.php(29): CActiveRecord->__get('username')
#2 /Applications/MAMP/htdocs/projects/avaliacao/protected/models/LoginForm.php(52): UserIdentity->authenticate()
#3 /Applications/MAMP/htdocs/yii/yii-119/framework/validators/CInlineValidator.php(43): LoginForm->authenticate('password', Array)
#4 /Applications/MAMP/htdocs/yii/yii-119/framework/validators/CValidator.php(197): CInlineValidator->validateAttribute(Object(LoginForm), 'password')
#5 /Applications/MAMP/htdocs/yii/yii-119/framework/base/CModel.php(158): CValidator->validate(Object(LoginForm), NULL)
#6 /Applications/MAMP/htdocs/projects/avaliacao/protected/controllers/SiteController.php(103): CModel->validate()
#7 /Applications/MAMP/htdocs/yii/yii-119/framework/web/actions/CInlineAction.php(50): SiteController->actionLogin()
#8 /Applications/MAMP/htdocs/yii/yii-119/framework/web/CController.php(309): CInlineAction->runWithParams(Array)
#9 /Applications/MAMP/htdocs/yii/yii-119/framework/web/CController.php(287): CController->runAction(Object(CInlineAction))
#10 /Applications/MAMP/htdocs/yii/yii-119/framework/web/CController.php(266): CController->runActionWithFilters(Object(CInlineAction), Array)
#11 /Applications/MAMP/htdocs/yii/yii-119/framework/web/CWebApplication.php(276): CController->run('login')
#12 /Applications/MAMP/htdocs/yii/yii-119/framework/web/CWebApplication.php(135): CWebApplication->runController('site/login')
#13 /Applications/MAMP/htdocs/yii/yii-119/framework/base/CApplication.php(162): CWebApplication->processRequest()
#14 /Applications/MAMP/htdocs/projects/avaliacao/www/index.php(12): CApplication->run()
#15 {main}
REQUEST_URI=/?r=site/login
HTTP_REFERER=http://avaliacao.dev/?r=site/login
---
2012/02/23 12:23:58 [error] [exception.CException] exception 'CException' with message 'Property "User.username" is not defined.' in /Applications/MAMP/htdocs/yii/yii-119/framework/base/CComponent.php:131
Stack trace:
#0 /Applications/MAMP/htdocs/yii/yii-119/framework/db/ar/CActiveRecord.php(144): CComponent->__get('username')
#1 /Applications/MAMP/htdocs/projects/avaliacao/protected/components/UserIdentity.php(29): CActiveRecord->__get('username')
#2 /Applications/MAMP/htdocs/projects/avaliacao/protected/models/LoginForm.php(52): UserIdentity->authenticate()
#3 /Applications/MAMP/htdocs/yii/yii-119/framework/validators/CInlineValidator.php(43): LoginForm->authenticate('password', Array)
#4 /Applications/MAMP/htdocs/yii/yii-119/framework/validators/CValidator.php(197): CInlineValidator->validateAttribute(Object(LoginForm), 'password')
#5 /Applications/MAMP/htdocs/yii/yii-119/framework/base/CModel.php(158): CValidator->validate(Object(LoginForm), NULL)
#6 /Applications/MAMP/htdocs/projects/avaliacao/protected/controllers/SiteController.php(103): CModel->validate()
#7 /Applications/MAMP/htdocs/yii/yii-119/framework/web/actions/CInlineAction.php(50): SiteController->actionLogin()
#8 /Applications/MAMP/htdocs/yii/yii-119/framework/web/CController.php(309): CInlineAction->runWithParams(Array)
#9 /Applications/MAMP/htdocs/yii/yii-119/framework/web/CController.php(287): CController->runAction(Object(CInlineAction))
#10 /Applications/MAMP/htdocs/yii/yii-119/framework/web/CController.php(266): CController->runActionWithFilters(Object(CInlineAction), Array)
#11 /Applications/MAMP/htdocs/yii/yii-119/framework/web/CWebApplication.php(276): CController->run('login')
#12 /Applications/MAMP/htdocs/yii/yii-119/framework/web/CWebApplication.php(135): CWebApplication->runController('site/login')
#13 /Applications/MAMP/htdocs/yii/yii-119/framework/base/CApplication.php(162): CWebApplication->processRequest()
#14 /Applications/MAMP/htdocs/projects/avaliacao/www/index.php(12): CApplication->run()
#15 {main}
REQUEST_URI=/?r=site/login
HTTP_REFERER=http://avaliacao.dev/?r=site/login
---
2012/02/23 12:35:33 [error] [exception.CException] exception 'CException' with message 'Property "User.username" is not defined.' in /Applications/MAMP/htdocs/yii/yii-119/framework/base/CComponent.php:131
Stack trace:
#0 /Applications/MAMP/htdocs/yii/yii-119/framework/db/ar/CActiveRecord.php(144): CComponent->__get('username')
#1 /Applications/MAMP/htdocs/projects/avaliacao/protected/components/UserIdentity.php(29): CActiveRecord->__get('username')
#2 /Applications/MAMP/htdocs/projects/avaliacao/protected/models/LoginForm.php(52): UserIdentity->authenticate()
#3 /Applications/MAMP/htdocs/yii/yii-119/framework/validators/CInlineValidator.php(43): LoginForm->authenticate('password', Array)
#4 /Applications/MAMP/htdocs/yii/yii-119/framework/validators/CValidator.php(197): CInlineValidator->validateAttribute(Object(LoginForm), 'password')
#5 /Applications/MAMP/htdocs/yii/yii-119/framework/base/CModel.php(158): CValidator->validate(Object(LoginForm), NULL)
#6 /Applications/MAMP/htdocs/projects/avaliacao/protected/controllers/SiteController.php(103): CModel->validate()
#7 /Applications/MAMP/htdocs/yii/yii-119/framework/web/actions/CInlineAction.php(50): SiteController->actionLogin()
#8 /Applications/MAMP/htdocs/yii/yii-119/framework/web/CController.php(309): CInlineAction->runWithParams(Array)
#9 /Applications/MAMP/htdocs/yii/yii-119/framework/web/CController.php(287): CController->runAction(Object(CInlineAction))
#10 /Applications/MAMP/htdocs/yii/yii-119/framework/web/CController.php(266): CController->runActionWithFilters(Object(CInlineAction), Array)
#11 /Applications/MAMP/htdocs/yii/yii-119/framework/web/CWebApplication.php(276): CController->run('login')
#12 /Applications/MAMP/htdocs/yii/yii-119/framework/web/CWebApplication.php(135): CWebApplication->runController('site/login')
#13 /Applications/MAMP/htdocs/yii/yii-119/framework/base/CApplication.php(162): CWebApplication->processRequest()
#14 /Applications/MAMP/htdocs/projects/avaliacao/www/index.php(12): CApplication->run()
#15 {main}
REQUEST_URI=/?r=site/login
HTTP_REFERER=http://avaliacao.dev/?r=site/login
---
2012/02/23 12:43:21 [error] [exception.CException] exception 'CException' with message 'Property "User.username" is not defined.' in /Applications/MAMP/htdocs/yii/yii-119/framework/base/CComponent.php:131
Stack trace:
#0 /Applications/MAMP/htdocs/yii/yii-119/framework/db/ar/CActiveRecord.php(144): CComponent->__get('username')
#1 /Applications/MAMP/htdocs/projects/avaliacao/protected/components/UserIdentity.php(29): CActiveRecord->__get('username')
#2 /Applications/MAMP/htdocs/projects/avaliacao/protected/models/LoginForm.php(52): UserIdentity->authenticate()
#3 /Applications/MAMP/htdocs/yii/yii-119/framework/validators/CInlineValidator.php(43): LoginForm->authenticate('password', Array)
#4 /Applications/MAMP/htdocs/yii/yii-119/framework/validators/CValidator.php(197): CInlineValidator->validateAttribute(Object(LoginForm), 'password')
#5 /Applications/MAMP/htdocs/yii/yii-119/framework/base/CModel.php(158): CValidator->validate(Object(LoginForm), NULL)
#6 /Applications/MAMP/htdocs/projects/avaliacao/protected/controllers/SiteController.php(104): CModel->validate()
#7 /Applications/MAMP/htdocs/yii/yii-119/framework/web/actions/CInlineAction.php(50): SiteController->actionLogin()
#8 /Applications/MAMP/htdocs/yii/yii-119/framework/web/CController.php(309): CInlineAction->runWithParams(Array)
#9 /Applications/MAMP/htdocs/yii/yii-119/framework/web/CController.php(287): CController->runAction(Object(CInlineAction))
#10 /Applications/MAMP/htdocs/yii/yii-119/framework/web/CController.php(266): CController->runActionWithFilters(Object(CInlineAction), Array)
#11 /Applications/MAMP/htdocs/yii/yii-119/framework/web/CWebApplication.php(276): CController->run('login')
#12 /Applications/MAMP/htdocs/yii/yii-119/framework/web/CWebApplication.php(135): CWebApplication->runController('site/login')
#13 /Applications/MAMP/htdocs/yii/yii-119/framework/base/CApplication.php(162): CWebApplication->processRequest()
#14 /Applications/MAMP/htdocs/projects/avaliacao/www/index.php(12): CApplication->run()
#15 {main}
REQUEST_URI=/?r=site/login
HTTP_REFERER=http://avaliacao.dev/?r=site/login
---
2012/02/23 13:12:44 [error] [php] Undefined variable: user (/Applications/MAMP/htdocs/projects/avaliacao/protected/views/layouts/main.php:35)
Stack trace:
#0 /Applications/MAMP/htdocs/yii/yii-119/framework/web/widgets/CContentDecorator.php(77): SiteController->renderFile()
#1 /Applications/MAMP/htdocs/yii/yii-119/framework/web/widgets/CContentDecorator.php(55): CContentDecorator->decorate()
#2 /Applications/MAMP/htdocs/yii/yii-119/framework/web/widgets/COutputProcessor.php(45): CContentDecorator->processOutput()
#3 /Applications/MAMP/htdocs/yii/yii-119/framework/web/CBaseController.php(207): CContentDecorator->run()
#4 /Applications/MAMP/htdocs/yii/yii-119/framework/web/CBaseController.php(301): SiteController->endWidget()
#5 /Applications/MAMP/htdocs/projects/avaliacao/protected/views/layouts/column1.php(5): SiteController->endContent()
#6 /Applications/MAMP/htdocs/yii/yii-119/framework/web/CBaseController.php(127): require()
#7 /Applications/MAMP/htdocs/yii/yii-119/framework/web/CBaseController.php(96): SiteController->renderInternal()
#8 /Applications/MAMP/htdocs/yii/yii-119/framework/web/CController.php(785): SiteController->renderFile()
#9 /Applications/MAMP/htdocs/projects/avaliacao/protected/controllers/SiteController.php(47): SiteController->render()
#10 /Applications/MAMP/htdocs/yii/yii-119/framework/web/actions/CInlineAction.php(50): SiteController->actionIndex()
#11 /Applications/MAMP/htdocs/yii/yii-119/framework/web/CController.php(309): CInlineAction->runWithParams()
#12 /Applications/MAMP/htdocs/yii/yii-119/framework/web/CController.php(287): SiteController->runAction()
#13 /Applications/MAMP/htdocs/yii/yii-119/framework/web/CController.php(266): SiteController->runActionWithFilters()
#14 /Applications/MAMP/htdocs/yii/yii-119/framework/web/CWebApplication.php(276): SiteController->run()
#15 /Applications/MAMP/htdocs/yii/yii-119/framework/web/CWebApplication.php(135): CWebApplication->runController()
#16 /Applications/MAMP/htdocs/yii/yii-119/framework/base/CApplication.php(162): CWebApplication->processRequest()
#17 /Applications/MAMP/htdocs/projects/avaliacao/www/index.php(12): CWebApplication->run()
REQUEST_URI=/index.php
in /Applications/MAMP/htdocs/projects/avaliacao/protected/views/layouts/main.php (35)
in /Applications/MAMP/htdocs/projects/avaliacao/protected/views/layouts/column1.php (5)
in /Applications/MAMP/htdocs/projects/avaliacao/protected/controllers/SiteController.php (47)
2012/02/23 17:07:27 [error] [exception.CException] exception 'CException' with message 'Property "SiteController.username" is not defined.' in /Applications/MAMP/htdocs/yii/yii-119/framework/base/CComponent.php:131
Stack trace:
#0 /Applications/MAMP/htdocs/projects/avaliacao/protected/components/UserIdentity.php(40): CComponent->__get('username')
#1 /Applications/MAMP/htdocs/projects/avaliacao/protected/controllers/SiteController.php(36): UserIdentity->authenticateFacebookUser(Object(Facebook))
#2 /Applications/MAMP/htdocs/yii/yii-119/framework/web/actions/CInlineAction.php(50): SiteController->actionIndex()
#3 /Applications/MAMP/htdocs/yii/yii-119/framework/web/CController.php(309): CInlineAction->runWithParams(Array)
#4 /Applications/MAMP/htdocs/yii/yii-119/framework/web/CController.php(287): CController->runAction(Object(CInlineAction))
#5 /Applications/MAMP/htdocs/yii/yii-119/framework/web/CController.php(266): CController->runActionWithFilters(Object(CInlineAction), Array)
#6 /Applications/MAMP/htdocs/yii/yii-119/framework/web/CWebApplication.php(276): CController->run('')
#7 /Applications/MAMP/htdocs/yii/yii-119/framework/web/CWebApplication.php(135): CWebApplication->runController('')
#8 /Applications/MAMP/htdocs/yii/yii-119/framework/base/CApplication.php(162): CWebApplication->processRequest()
#9 /Applications/MAMP/htdocs/projects/avaliacao/www/index.php(12): CApplication->run()
#10 {main}
REQUEST_URI=/index.php
---
